Log file open, 07/22/19 15:09:12
LogWindows: Failed to load 'aqProf.dll' (GetLastError=126)
LogWindows: File 'aqProf.dll' does not exist
LogWindows: Failed to load 'VtuneApi.dll' (GetLastError=126)
LogWindows: File 'VtuneApi.dll' does not exist
LogWindows: Failed to load 'VtuneApi32e.dll' (GetLastError=126)
LogWindows: File 'VtuneApi32e.dll' does not exist
LogConsoleResponse: Display: Failed to find resolution value strings in scalability ini. Falling back to default.
LogInit: Display: Running engine for game: NewFrontierProjectUpdate
LogPakFile: Registered encryption key '00000000000000000000000000000000': 0 pak files mounted, 0 remain pending
LogPlatformFile: Not using cached read wrapper
LogTaskGraph: Started task graph with 5 named threads and 23 total threads with 3 sets of task threads.
LogStats: Stats thread started at 0.252857
LogD3D11RHI: Loaded GFSDK_Aftermath_Lib.x64.dll
LogICUInternationalization: ICU TimeZone Detection - Raw Offset: -5:00, Platform Override: ''
LogPluginManager: Mounting plugin Paper2D
LogPluginManager: Mounting plugin AISupport
LogPluginManager: Mounting plugin LightPropagationVolume
LogPluginManager: Mounting plugin ActorLayerUtilities
LogPluginManager: Mounting plugin CLionSourceCodeAccess
LogPluginManager: Mounting plugin CodeLiteSourceCodeAccess
LogPluginManager: Mounting plugin GitSourceControl
LogPluginManager: Mounting plugin KDevelopSourceCodeAccess
LogPluginManager: Mounting plugin NullSourceCodeAccess
LogPluginManager: Mounting plugin PerforceSourceControl
LogPluginManager: Mounting plugin SubversionSourceControl
LogPluginManager: Mounting plugin UObjectPlugin
LogPluginManager: Mounting plugin VisualStudioCodeSourceCodeAccess
LogPluginManager: Mounting plugin VisualStudioSourceCodeAccess
LogPluginManager: Mounting plugin XCodeSourceCodeAccess
LogPluginManager: Mounting plugin AssetManagerEditor
LogPluginManager: Mounting plugin CryptoKeys
LogPluginManager: Mounting plugin DataValidation
LogPluginManager: Mounting plugin FacialAnimation
LogPluginManager: Mounting plugin GameplayTagsEditor
LogPluginManager: Mounting plugin MacGraphicsSwitching
LogPluginManager: Mounting plugin MeshEditor
LogPluginManager: Mounting plugin MobileLauncherProfileWizard
LogPluginManager: Mounting plugin PluginBrowser
LogPluginManager: Mounting plugin SpeedTreeImporter
LogPluginManager: Mounting plugin DatasmithContent
LogPluginManager: Mounting plugin VariantManagerContent
LogPluginManager: Mounting plugin AlembicImporter
LogPluginManager: Mounting plugin AppleImageUtils
LogPluginManager: Mounting plugin AppleVision
LogPluginManager: Mounting plugin BackChannel
LogPluginManager: Mounting plugin CharacterAI
LogPluginManager: Mounting plugin GeometryCache
LogPluginManager: Mounting plugin HTML5Networking
LogPluginManager: Mounting plugin ProxyLODPlugin
LogPluginManager: Mounting plugin MagicLeap
LogPluginManager: Mounting plugin MagicLeapMedia
LogPluginManager: Mounting plugin AndroidMedia
LogPluginManager: Mounting plugin AvfMedia
LogPluginManager: Mounting plugin ImgMedia
LogPluginManager: Mounting plugin LinearTimecode
LogPluginManager: Mounting plugin MediaCompositing
LogPluginManager: Mounting plugin MediaPlayerEditor
LogPluginManager: Mounting plugin WebMMedia
LogPluginManager: Mounting plugin WmfMedia
LogPluginManager: Mounting plugin TcpMessaging
LogPluginManager: Mounting plugin UdpMessaging
LogPluginManager: Mounting plugin ActorSequence
LogPluginManager: Mounting plugin LevelSequenceEditor
LogPluginManager: Mounting plugin MatineeToLevelSequence
LogPluginManager: Mounting plugin NetcodeUnitTest
LogPluginManager: Mounting plugin NUTUnrealEngine4
LogPluginManager: Mounting plugin OnlineSubsystemGooglePlay
LogPluginManager: Mounting plugin OnlineSubsystemIOS
LogPluginManager: Mounting plugin OnlineSubsystem
LogPluginManager: Mounting plugin OnlineSubsystemNull
LogPluginManager: Mounting plugin OnlineSubsystemUtils
LogPluginManager: Mounting plugin LauncherChunkInstaller
LogPluginManager: Mounting plugin AndroidDeviceProfileSelector
LogPluginManager: Mounting plugin AndroidMoviePlayer
LogPluginManager: Mounting plugin AndroidPermission
LogPluginManager: Mounting plugin AppleMoviePlayer
LogPluginManager: Mounting plugin ArchVisCharacter
LogPluginManager: Mounting plugin AudioCapture
LogPluginManager: Mounting plugin CableComponent
LogPluginManager: Mounting plugin CustomMeshComponent
LogPluginManager: Mounting plugin EditableMesh
LogPluginManager: Mounting plugin ExampleDeviceProfileSelector
LogPluginManager: Mounting plugin Firebase
LogPluginManager: Mounting plugin GoogleCloudMessaging
LogPluginManager: Mounting plugin IOSDeviceProfileSelector
LogPluginManager: Mounting plugin LinuxDeviceProfileSelector
LogPluginManager: Mounting plugin LocationServicesBPLibrary
LogPluginManager: Mounting plugin MobilePatchingUtils
LogPluginManager: Mounting plugin OculusVR
LogPluginManager: Mounting plugin PhysXVehicles
LogPluginManager: Mounting plugin ProceduralMeshComponent
LogPluginManager: Mounting plugin RuntimePhysXCooking
LogPluginManager: Mounting plugin SteamVR
LogPluginManager: Mounting plugin WebMMoviePlayer
LogPluginManager: Mounting plugin WindowsMoviePlayer
LogStreaming: Display: Took  0.089s to configure plugins.
LogInit: Using libcurl 7.55.1-DEV
LogInit:  - built for x86_64-pc-win32
LogInit:  - supports SSL with OpenSSL/1.0.2h
LogInit:  - supports HTTP deflate (compression) using libz 1.2.8
LogInit:  - other features:
LogInit:      CURL_VERSION_SSL
LogInit:      CURL_VERSION_LIBZ
LogInit:      CURL_VERSION_IPV6
LogInit:      CURL_VERSION_ASYNCHDNS
LogInit:      CURL_VERSION_LARGEFILE
LogInit:      CURL_VERSION_IDN
LogInit:  CurlRequestOptions (configurable via config and command line):
LogInit:  - bVerifyPeer = true  - Libcurl will verify peer certificate
LogInit:  - bUseHttpProxy = false  - Libcurl will NOT use HTTP proxy
LogInit:  - bDontReuseConnections = false  - Libcurl will reuse connections
LogInit:  - MaxHostConnections = 16  - Libcurl will limit the number of connections to a host
LogInit:  - LocalHostAddr = Default
LogInit:  - BufferSize = 65536
LogInit: WinSock: version 1.1 (2.2), MaxSocks=32767, MaxUdp=65467
LogInit: Build: ++UE4+Release-4.21-CL-4753647
LogInit: Engine Version: 4.21.2-4753647+++UE4+Release-4.21
LogInit: Compatible Engine Version: 4.21.0-4541578+++UE4+Release-4.21
LogInit: Net CL: 4541578
LogInit: OS: Windows 7 (Service Pack 1), CPU: Intel(R) Core(TM) i7-4710MQ CPU @ 2.50GHz, GPU: Intel(R) HD Graphics 4600
LogInit: Compiled (64-bit): Jan 19 2019 02:07:31
LogInit: Compiled with Visual C++: 19.13.26129.00
LogInit: Build Configuration: Development
LogInit: Branch Name: ++UE4+Release-4.21
LogInit: Command Line:  -EpicPortal -epicusername=PumaOmega -epicuserid=dda55b2de4d84906baa563e5147bfe40 -epiclocale=en-US
LogInit: Base Directory: H:/UE_4.21/Engine/Binaries/Win64/
LogInit: Installed Engine Build: 1
LogDevObjectVersion: Number of dev versions registered: 22
LogDevObjectVersion:   Dev-Blueprints (B0D832E4-1F89-4F0D-ACCF-7EB736FD4AA2): 10
LogDevObjectVersion:   Dev-Build (E1C64328-A22C-4D53-A36C-8E866417BD8C): 0
LogDevObjectVersion:   Dev-Core (375EC13C-06E4-48FB-B500-84F0262A717E): 2
LogDevObjectVersion:   Dev-Editor (E4B068ED-F494-42E9-A231-DA0B2E46BB41): 26
LogDevObjectVersion:   Dev-Framework (CFFC743F-43B0-4480-9391-14DF171D2073): 34
LogDevObjectVersion:   Dev-Mobile (B02B49B5-BB20-44E9-A304-32B752E40360): 2
LogDevObjectVersion:   Dev-Networking (A4E4105C-59A1-49B5-A7C5-40C4547EDFEE): 0
LogDevObjectVersion:   Dev-Online (39C831C9-5AE6-47DC-9A44-9C173E1C8E7C): 0
LogDevObjectVersion:   Dev-Physics (78F01B33-EBEA-4F98-B9B4-84EACCB95AA2): 0
LogDevObjectVersion:   Dev-Platform (6631380F-2D4D-43E0-8009-CF276956A95A): 0
LogDevObjectVersion:   Dev-Rendering (12F88B9F-8875-4AFC-A67C-D90C383ABD29): 27
LogDevObjectVersion:   Dev-Sequencer (7B5AE74C-D270-4C10-A958-57980B212A5A): 9
LogDevObjectVersion:   Dev-VR (D7296918-1DD6-4BDD-9DE2-64A83CC13884): 2
LogDevObjectVersion:   Dev-LoadTimes (C2A15278-BFE7-4AFE-6C17-90FF531DF755): 1
LogDevObjectVersion:   Private-Geometry (6EACA3D4-40EC-4CC1-B786-8BED09428FC5): 3
LogDevObjectVersion:   Dev-AnimPhys (29E575DD-E0A3-4627-9D10-D276232CDCEA): 17
LogDevObjectVersion:   Dev-Anim (AF43A65D-7FD3-4947-9873-3E8ED9C1BB05): 2
LogDevObjectVersion:   Dev-ReflectionCapture (6B266CEC-1EC7-4B8F-A30B-E4D90942FC07): 1
LogDevObjectVersion:   Dev-Automation (0DF73D61-A23F-47EA-B727-89E90C41499A): 1
LogDevObjectVersion:   FortniteMain (601D1886-AC64-4F84-AA16-D3DE0DEAC7D6): 17
LogDevObjectVersion:   Dev-Enterprise (9DFFBCD6-494F-0158-E221-12823C92A888): 4
LogDevObjectVersion:   Dev-Niagara (F2AED0AC-9AFE-416F-8664-AA7FFA26D6FC): 1
LogStreaming: Display: Took  0.000s to delete old logs.
LogInit: Presizing for max 8388607 objects, including 0 objects not considered by GC, pre-allocating 0 bytes for permanent pool.
LogInit: Object subsystem initialized
LogConfig: Setting CVar [[con.DebugEarlyDefault:1]]
LogConfig: Setting CVar [[r.setres:1280x720]]
[2019.07.22-19.09.12:861][  0]LogConfig: Setting CVar [[r.VSync:0]]
[2019.07.22-19.09.12:861][  0]LogConfig: Setting CVar [[r.RHICmdBypass:0]]
[2019.07.22-19.09.12:861][  0]LogConfig: Applying CVar settings from Section [/Script/Engine.RendererSettings] File [H:/New-Frontier/New-Frontier/NewFrontierProjectUpdate/Saved/Config/Windows/Engine.ini]
[2019.07.22-19.09.12:861][  0]LogConfig: Setting CVar [[r.GPUCrashDebugging:0]]
[2019.07.22-19.09.12:862][  0]LogConfig: Setting CVar [[r.DefaultFeature.MotionBlur:0]]
[2019.07.22-19.09.12:862][  0]LogConfig: Applying CVar settings from Section [/Script/Engine.RendererOverrideSettings] File [H:/New-Frontier/New-Frontier/NewFrontierProjectUpdate/Saved/Config/Windows/Engine.ini]
[2019.07.22-19.09.12:862][  0]LogConfig: Applying CVar settings from Section [/Script/Engine.StreamingSettings] File [H:/New-Frontier/New-Frontier/NewFrontierProjectUpdate/Saved/Config/Windows/Engine.ini]
[2019.07.22-19.09.12:862][  0]LogConfig: Setting CVar [[s.MinBulkDataSizeForAsyncLoading:131072]]
[2019.07.22-19.09.12:862][  0]LogConfig: Setting CVar [[s.AsyncLoadingThreadEnabled:0]]
[2019.07.22-19.09.12:862][  0]LogConfig: Setting CVar [[s.EventDrivenLoaderEnabled:1]]
[2019.07.22-19.09.12:862][  0]LogConfig: Setting CVar [[s.WarnIfTimeLimitExceeded:0]]
[2019.07.22-19.09.12:862][  0]LogConfig: Setting CVar [[s.TimeLimitExceededMultiplier:1.5]]
[2019.07.22-19.09.12:862][  0]LogConfig: Setting CVar [[s.TimeLimitExceededMinTime:0.005]]
[2019.07.22-19.09.12:862][  0]LogConfig: Setting CVar [[s.UseBackgroundLevelStreaming:1]]
[2019.07.22-19.09.12:862][  0]LogConfig: Setting CVar [[s.PriorityAsyncLoadingExtraTime:15.0]]
[2019.07.22-19.09.12:862][  0]LogConfig: Setting CVar [[s.LevelStreamingActorsUpdateTimeLimit:5.0]]
[2019.07.22-19.09.12:862][  0]LogConfig: Setting CVar [[s.PriorityLevelStreamingActorsUpdateExtraTime:5.0]]
[2019.07.22-19.09.12:862][  0]LogConfig: Setting CVar [[s.LevelStreamingComponentsRegistrationGranularity:10]]
[2019.07.22-19.09.12:862][  0]LogConfig: Setting CVar [[s.UnregisterComponentsTimeLimit:1.0]]
[2019.07.22-19.09.12:862][  0]LogConfig: Setting CVar [[s.LevelStreamingComponentsUnregistrationGranularity:5]]
[2019.07.22-19.09.12:862][  0]LogConfig: Applying CVar settings from Section [/Script/Engine.GarbageCollectionSettings] File [H:/New-Frontier/New-Frontier/NewFrontierProjectUpdate/Saved/Config/Windows/Engine.ini]
[2019.07.22-19.09.12:862][  0]LogConfig: Setting CVar [[gc.MaxObjectsNotConsideredByGC:1]]
[2019.07.22-19.09.12:862][  0]LogConfig: Setting CVar [[gc.SizeOfPermanentObjectPool:0]]
[2019.07.22-19.09.12:862][  0]LogConfig: Setting CVar [[gc.FlushStreamingOnGC:0]]
[2019.07.22-19.09.12:862][  0]LogConfig: Setting CVar [[gc.NumRetriesBeforeForcingGC:10]]
[2019.07.22-19.09.12:862][  0]LogConfig: Setting CVar [[gc.AllowParallelGC:1]]
[2019.07.22-19.09.12:862][  0]LogConfig: Setting CVar [[gc.TimeBetweenPurgingPendingKillObjects:61.1]]
[2019.07.22-19.09.12:862][  0]LogConfig: Setting CVar [[gc.MaxObjectsInEditor:8388607]]
[2019.07.22-19.09.12:862][  0]LogConfig: Setting CVar [[gc.IncrementalBeginDestroyEnabled:1]]
[2019.07.22-19.09.12:862][  0]LogConfig: Setting CVar [[gc.CreateGCClusters:1]]
[2019.07.22-19.09.12:862][  0]LogConfig: Setting CVar [[gc.MergeGCClusters:0]]
[2019.07.22-19.09.12:862][  0]LogConfig: Setting CVar [[gc.MinGCClusterSize:5]]
[2019.07.22-19.09.12:862][  0]LogConfig: Setting CVar [[gc.ActorClusteringEnabled:0]]
[2019.07.22-19.09.12:862][  0]LogConfig: Setting CVar [[gc.BlueprintClusteringEnabled:0]]
[2019.07.22-19.09.12:862][  0]LogConfig: Setting CVar [[gc.UseDisregardForGCOnDedicatedServers:0]]
[2019.07.22-19.09.12:862][  0]LogConfig: Applying CVar settings from Section [/Script/Engine.NetworkSettings] File [H:/New-Frontier/New-Frontier/NewFrontierProjectUpdate/Saved/Config/Windows/Engine.ini]
[2019.07.22-19.09.12:862][  0]LogConfig: Applying CVar settings from Section [/Script/UnrealEd.CookerSettings] File [H:/New-Frontier/New-Frontier/NewFrontierProjectUpdate/Saved/Config/Windows/Engine.ini]
[2019.07.22-19.09.12:864][  0]LogConfig: Applying CVar settings from Section [ViewDistanceQuality@3] File [H:/New-Frontier/New-Frontier/NewFrontierProjectUpdate/Saved/Config/Windows/Scalability.ini]
[2019.07.22-19.09.12:864][  0]LogConfig: Setting CVar [[r.SkeletalMeshLODBias:0]]
[2019.07.22-19.09.12:864][  0]LogConfig: Setting CVar [[r.ViewDistanceScale:1.0]]
[2019.07.22-19.09.12:864][  0]LogConfig: Applying CVar settings from Section [AntiAliasingQuality@3] File [H:/New-Frontier/New-Frontier/NewFrontierProjectUpdate/Saved/Config/Windows/Scalability.ini]
[2019.07.22-19.09.12:864][  0]LogConfig: Setting CVar [[r.PostProcessAAQuality:4]]
[2019.07.22-19.09.12:864][  0]LogConfig: Applying CVar settings from Section [ShadowQuality@3] File [H:/New-Frontier/New-Frontier/NewFrontierProjectUpdate/Saved/Config/Windows/Scalability.ini]
[2019.07.22-19.09.12:864][  0]LogConfig: Setting CVar [[r.LightFunctionQuality:1]]
[2019.07.22-19.09.12:864][  0]LogConfig: Setting CVar [[r.ShadowQuality:5]]
[2019.07.22-19.09.12:864][  0]LogConfig: Setting CVar [[r.Shadow.CSM.MaxCascades:10]]
[2019.07.22-19.09.12:864][  0]LogConfig: Setting CVar [[r.Shadow.MaxResolution:2048]]
[2019.07.22-19.09.12:864][  0]LogConfig: Setting CVar [[r.Shadow.MaxCSMResolution:2048]]
[2019.07.22-19.09.12:864][  0]LogConfig: Setting CVar [[r.Shadow.RadiusThreshold:0.01]]
[2019.07.22-19.09.12:864][  0]LogConfig: Setting CVar [[r.Shadow.DistanceScale:1.0]]
[2019.07.22-19.09.12:864][  0]LogConfig: Setting CVar [[r.Shadow.CSM.TransitionScale:1.0]]
[2019.07.22-19.09.12:864][  0]LogConfig: Setting CVar [[r.Shadow.PreShadowResolutionFactor:1.0]]
[2019.07.22-19.09.12:864][  0]LogConfig: Setting CVar [[r.DistanceFieldShadowing:1]]
[2019.07.22-19.09.12:864][  0]LogConfig: Setting CVar [[r.DistanceFieldAO:1]]
[2019.07.22-19.09.12:864][  0]LogConfig: Setting CVar [[r.AOQuality:2]]
[2019.07.22-19.09.12:864][  0]LogConfig: Setting CVar [[r.VolumetricFog:1]]
[2019.07.22-19.09.12:864][  0]LogConfig: Setting CVar [[r.VolumetricFog.GridPixelSize:8]]
[2019.07.22-19.09.12:865][  0]LogConfig: Setting CVar [[r.VolumetricFog.GridSizeZ:128]]
[2019.07.22-19.09.12:865][  0]LogConfig: Setting CVar [[r.VolumetricFog.HistoryMissSupersampleCount:4]]
[2019.07.22-19.09.12:865][  0]LogConfig: Setting CVar [[r.LightMaxDrawDistanceScale:1]]
[2019.07.22-19.09.12:865][  0]LogConfig: Setting CVar [[r.CapsuleShadows:1]]
[2019.07.22-19.09.12:865][  0]LogConfig: Applying CVar settings from Section [PostProcessQuality@3] File [H:/New-Frontier/New-Frontier/NewFrontierProjectUpdate/Saved/Config/Windows/Scalability.ini]
[2019.07.22-19.09.12:865][  0]LogConfig: Setting CVar [[r.MotionBlurQuality:4]]
[2019.07.22-19.09.12:865][  0]LogConfig: Setting CVar [[r.AmbientOcclusionMipLevelFactor:0.4]]
[2019.07.22-19.09.12:865][  0]LogConfig: Setting CVar [[r.AmbientOcclusionMaxQuality:100]]
[2019.07.22-19.09.12:865][  0]LogConfig: Setting CVar [[r.AmbientOcclusionLevels:-1]]
[2019.07.22-19.09.12:865][  0]LogConfig: Setting CVar [[r.AmbientOcclusionRadiusScale:1.0]]
[2019.07.22-19.09.12:865][  0]LogConfig: Setting CVar [[r.DepthOfFieldQuality:2]]
[2019.07.22-19.09.12:865][  0]LogConfig: Setting CVar [[r.RenderTargetPoolMin:400]]
[2019.07.22-19.09.12:865][  0]LogConfig: Setting CVar [[r.LensFlareQuality:2]]
[2019.07.22-19.09.12:865][  0]LogConfig: Setting CVar [[r.SceneColorFringeQuality:1]]
[2019.07.22-19.09.12:865][  0]LogConfig: Setting CVar [[r.EyeAdaptationQuality:2]]
[2019.07.22-19.09.12:865][  0]LogConfig: Setting CVar [[r.BloomQuality:5]]
[2019.07.22-19.09.12:865][  0]LogConfig: Setting CVar [[r.FastBlurThreshold:100]]
[2019.07.22-19.09.12:865][  0]LogConfig: Setting CVar [[r.Upscale.Quality:3]]
[2019.07.22-19.09.12:865][  0]LogConfig: Setting CVar [[r.Tonemapper.GrainQuantization:1]]
[2019.07.22-19.09.12:865][  0]LogConfig: Setting CVar [[r.LightShaftQuality:1]]
[2019.07.22-19.09.12:865][  0]LogConfig: Setting CVar [[r.Filter.SizeScale:1]]
[2019.07.22-19.09.12:865][  0]LogConfig: Setting CVar [[r.Tonemapper.Quality:5]]
[2019.07.22-19.09.12:865][  0]LogConfig: Setting CVar [[r.DOF.Gather.AccumulatorQuality:1        ; higher gathering accumulator quality]]
[2019.07.22-19.09.12:865][  0]LogConfig: Setting CVar [[r.DOF.Gather.PostfilterMethod:1          ; Median3x3 postfilering method]]
[2019.07.22-19.09.12:865][  0]LogConfig: Setting CVar [[r.DOF.Gather.EnableBokehSettings:0       ; no bokeh simulation when gathering]]
[2019.07.22-19.09.12:865][  0]LogConfig: Setting CVar [[r.DOF.Gather.RingCount:4                 ; medium number of samples when gathering]]
[2019.07.22-19.09.12:865][  0]LogConfig: Setting CVar [[r.DOF.Scatter.ForegroundCompositing:1    ; additive foreground scattering]]
[2019.07.22-19.09.12:865][  0]LogConfig: Setting CVar [[r.DOF.Scatter.BackgroundCompositing:2    ; additive background scattering]]
[2019.07.22-19.09.12:865][  0]LogConfig: Setting CVar [[r.DOF.Scatter.EnableBokehSettings:1      ; bokeh simulation when scattering]]
[2019.07.22-19.09.12:865][  0]LogConfig: Setting CVar [[r.DOF.Scatter.MaxSpriteRatio:0.1         ; only a maximum of 10% of scattered bokeh]]
[2019.07.22-19.09.12:865][  0]LogConfig: Setting CVar [[r.DOF.Recombine.Quality:1                ; cheap slight out of focus]]
[2019.07.22-19.09.12:865][  0]LogConfig: Setting CVar [[r.DOF.Recombine.EnableBokehSettings:0    ; no bokeh simulation on slight out of focus]]
[2019.07.22-19.09.12:865][  0]LogConfig: Setting CVar [[r.DOF.TemporalAAQuality:1                ; more stable temporal accumulation]]
[2019.07.22-19.09.12:865][  0]LogConfig: Setting CVar [[r.DOF.Kernel.MaxForegroundRadius:0.025]]
[2019.07.22-19.09.12:865][  0]LogConfig: Setting CVar [[r.DOF.Kernel.MaxBackgroundRadius:0.025]]
[2019.07.22-19.09.12:865][  0]LogConfig: Applying CVar settings from Section [TextureQuality@3] File [H:/New-Frontier/New-Frontier/NewFrontierProjectUpdate/Saved/Config/Windows/Scalability.ini]
[2019.07.22-19.09.12:865][  0]LogConfig: Setting CVar [[r.Streaming.MipBias:0]]
[2019.07.22-19.09.12:865][  0]LogConfig: Setting CVar [[r.Streaming.AmortizeCPUToGPUCopy:0]]
[2019.07.22-19.09.12:865][  0]LogConfig: Setting CVar [[r.Streaming.MaxNumTexturesToStreamPerFrame:0]]
[2019.07.22-19.09.12:865][  0]LogConfig: Setting CVar [[r.Streaming.Boost:1]]
[2019.07.22-19.09.12:865][  0]LogConfig: Setting CVar [[r.MaxAnisotropy:8]]
[2019.07.22-19.09.12:865][  0]LogConfig: Setting CVar [[r.Streaming.LimitPoolSizeToVRAM:0]]
[2019.07.22-19.09.12:865][  0]LogConfig: Setting CVar [[r.Streaming.PoolSize:1000]]
[2019.07.22-19.09.12:865][  0]LogConfig: Setting CVar [[r.Streaming.MaxEffectiveScreenSize:0]]
[2019.07.22-19.09.12:865][  0]LogConfig: Applying CVar settings from Section [EffectsQuality@3] File [H:/New-Frontier/New-Frontier/NewFrontierProjectUpdate/Saved/Config/Windows/Scalability.ini]
[2019.07.22-19.09.12:865][  0]LogConfig: Setting CVar [[r.TranslucencyLightingVolumeDim:64]]
[2019.07.22-19.09.12:865][  0]LogConfig: Setting CVar [[r.RefractionQuality:2]]
[2019.07.22-19.09.12:865][  0]LogConfig: Setting CVar [[r.SSR.Quality:3]]
[2019.07.22-19.09.12:865][  0]LogConfig: Setting CVar [[r.SceneColorFormat:4]]
[2019.07.22-19.09.12:865][  0]LogConfig: Setting CVar [[r.DetailMode:2]]
[2019.07.22-19.09.12:865][  0]LogConfig: Setting CVar [[r.TranslucencyVolumeBlur:1]]
[2019.07.22-19.09.12:865][  0]LogConfig: Setting CVar [[r.MaterialQualityLevel:1 ; High quality]]
[2019.07.22-19.09.12:865][  0]LogConfig: Setting CVar [[r.SSS.Scale:1]]
[2019.07.22-19.09.12:865][  0]LogConfig: Setting CVar [[r.SSS.SampleSet:2]]
[2019.07.22-19.09.12:865][  0]LogConfig: Setting CVar [[r.SSS.Quality:1]]
[2019.07.22-19.09.12:865][  0]LogConfig: Setting CVar [[r.SSS.HalfRes:1]]
[2019.07.22-19.09.12:865][  0]LogConfig: Setting CVar [[r.EmitterSpawnRateScale:1.0]]
[2019.07.22-19.09.12:865][  0]LogConfig: Setting CVar [[r.ParticleLightQuality:2]]
[2019.07.22-19.09.12:865][  0]LogConfig: Applying CVar settings from Section [FoliageQuality@3] File [H:/New-Frontier/New-Frontier/NewFrontierProjectUpdate/Saved/Config/Windows/Scalability.ini]
[2019.07.22-19.09.12:865][  0]LogConfig: Setting CVar [[foliage.DensityScale:1.0]]
[2019.07.22-19.09.12:865][  0]LogConfig: Setting CVar [[grass.DensityScale:1.0]]
[2019.07.22-19.09.12:865][  0]LogInit: Selected Device Profile: [Windows]
[2019.07.22-19.09.12:865][  0]LogInit: Applying CVar settings loaded from the selected device profile: [Windows]
[2019.07.22-19.09.12:894][  0]LogHAL: Display: Platform has ~ 16 GB [17055203328 / 17179869184 / 16], which maps to Larger [LargestMinGB=32, LargerMinGB=12, DefaultMinGB=8, SmallerMinGB=6, SmallestMinGB=0)
[2019.07.22-19.09.12:894][  0]LogConfig: Setting CVar [[r.Vulkan.UseRealUBs:1]]
[2019.07.22-19.09.12:894][  0]LogInit: Going up to parent DeviceProfile []
[2019.07.22-19.09.12:894][  0]LogConfig: Applying CVar settings from Section [ViewDistanceQuality@3] File [H:/New-Frontier/New-Frontier/NewFrontierProjectUpdate/Saved/Config/Windows/Scalability.ini]
[2019.07.22-19.09.12:894][  0]LogConfig: Setting CVar [[r.SkeletalMeshLODBias:0]]
[2019.07.22-19.09.12:894][  0]LogConfig: Setting CVar [[r.ViewDistanceScale:1.0]]
[2019.07.22-19.09.12:894][  0]LogConfig: Applying CVar settings from Section [AntiAliasingQuality@3] File [H:/New-Frontier/New-Frontier/NewFrontierProjectUpdate/Saved/Config/Windows/Scalability.ini]
[2019.07.22-19.09.12:894][  0]LogConfig: Setting CVar [[r.PostProcessAAQuality:4]]
[2019.07.22-19.09.12:894][  0]LogConfig: Applying CVar settings from Section [ShadowQuality@3] File [H:/New-Frontier/New-Frontier/NewFrontierProjectUpdate/Saved/Config/Windows/Scalability.ini]
[2019.07.22-19.09.12:894][  0]LogConfig: Setting CVar [[r.LightFunctionQuality:1]]
[2019.07.22-19.09.12:894][  0]LogConfig: Setting CVar [[r.ShadowQuality:5]]
[2019.07.22-19.09.12:894][  0]LogConfig: Setting CVar [[r.Shadow.CSM.MaxCascades:10]]
[2019.07.22-19.09.12:894][  0]LogConfig: Setting CVar [[r.Shadow.MaxResolution:2048]]
[2019.07.22-19.09.12:894][  0]LogConfig: Setting CVar [[r.Shadow.MaxCSMResolution:2048]]
[2019.07.22-19.09.12:894][  0]LogConfig: Setting CVar [[r.Shadow.RadiusThreshold:0.01]]
[2019.07.22-19.09.12:894][  0]LogConfig: Setting CVar [[r.Shadow.DistanceScale:1.0]]
[2019.07.22-19.09.12:894][  0]LogConfig: Setting CVar [[r.Shadow.CSM.TransitionScale:1.0]]
[2019.07.22-19.09.12:894][  0]LogConfig: Setting CVar [[r.Shadow.PreShadowResolutionFactor:1.0]]
[2019.07.22-19.09.12:894][  0]LogConfig: Setting CVar [[r.DistanceFieldShadowing:1]]
[2019.07.22-19.09.12:894][  0]LogConfig: Setting CVar [[r.DistanceFieldAO:1]]
[2019.07.22-19.09.12:894][  0]LogConfig: Setting CVar [[r.AOQuality:2]]
[2019.07.22-19.09.12:894][  0]LogConfig: Setting CVar [[r.VolumetricFog:1]]
[2019.07.22-19.09.12:894][  0]LogConfig: Setting CVar [[r.VolumetricFog.GridPixelSize:8]]
[2019.07.22-19.09.12:894][  0]LogConfig: Setting CVar [[r.VolumetricFog.GridSizeZ:128]]
[2019.07.22-19.09.12:894][  0]LogConfig: Setting CVar [[r.VolumetricFog.HistoryMissSupersampleCount:4]]
[2019.07.22-19.09.12:894][  0]LogConfig: Setting CVar [[r.LightMaxDrawDistanceScale:1]]
[2019.07.22-19.09.12:894][  0]LogConfig: Setting CVar [[r.CapsuleShadows:1]]
[2019.07.22-19.09.12:894][  0]LogConfig: Applying CVar settings from Section [PostProcessQuality@3] File [H:/New-Frontier/New-Frontier/NewFrontierProjectUpdate/Saved/Config/Windows/Scalability.ini]
[2019.07.22-19.09.12:894][  0]LogConfig: Setting CVar [[r.MotionBlurQuality:4]]
[2019.07.22-19.09.12:894][  0]LogConfig: Setting CVar [[r.AmbientOcclusionMipLevelFactor:0.4]]
[2019.07.22-19.09.12:894][  0]LogConfig: Setting CVar [[r.AmbientOcclusionMaxQuality:100]]
[2019.07.22-19.09.12:895][  0]LogConfig: Setting CVar [[r.AmbientOcclusionLevels:-1]]
[2019.07.22-19.09.12:895][  0]LogConfig: Setting CVar [[r.AmbientOcclusionRadiusScale:1.0]]
[2019.07.22-19.09.12:895][  0]LogConfig: Setting CVar [[r.DepthOfFieldQuality:2]]
[2019.07.22-19.09.12:895][  0]LogConfig: Setting CVar [[r.RenderTargetPoolMin:400]]
[2019.07.22-19.09.12:895][  0]LogConfig: Setting CVar [[r.LensFlareQuality:2]]
[2019.07.22-19.09.12:895][  0]LogConfig: Setting CVar [[r.SceneColorFringeQuality:1]]
[2019.07.22-19.09.12:895][  0]LogConfig: Setting CVar [[r.EyeAdaptationQuality:2]]
[2019.07.22-19.09.12:895][  0]LogConfig: Setting CVar [[r.BloomQuality:5]]
[2019.07.22-19.09.12:895][  0]LogConfig: Setting CVar [[r.FastBlurThreshold:100]]
[2019.07.22-19.09.12:895][  0]LogConfig: Setting CVar [[r.Upscale.Quality:3]]
[2019.07.22-19.09.12:895][  0]LogConfig: Setting CVar [[r.Tonemapper.GrainQuantization:1]]
[2019.07.22-19.09.12:895][  0]LogConfig: Setting CVar [[r.LightShaftQuality:1]]
[2019.07.22-19.09.12:895][  0]LogConfig: Setting CVar [[r.Filter.SizeScale:1]]
[2019.07.22-19.09.12:895][  0]LogConfig: Setting CVar [[r.Tonemapper.Quality:5]]
[2019.07.22-19.09.12:895][  0]LogConfig: Setting CVar [[r.DOF.Gather.AccumulatorQuality:1        ; higher gathering accumulator quality]]
[2019.07.22-19.09.12:895][  0]LogConfig: Setting CVar [[r.DOF.Gather.PostfilterMethod:1          ; Median3x3 postfilering method]]
[2019.07.22-19.09.12:895][  0]LogConfig: Setting CVar [[r.DOF.Gather.EnableBokehSettings:0       ; no bokeh simulation when gathering]]
[2019.07.22-19.09.12:895][  0]LogConfig: Setting CVar [[r.DOF.Gather.RingCount:4                 ; medium number of samples when gathering]]
[2019.07.22-19.09.12:895][  0]LogConfig: Setting CVar [[r.DOF.Scatter.ForegroundCompositing:1    ; additive foreground scattering]]
[2019.07.22-19.09.12:895][  0]LogConfig: Setting CVar [[r.DOF.Scatter.BackgroundCompositing:2    ; additive background scattering]]
[2019.07.22-19.09.12:895][  0]LogConfig: Setting CVar [[r.DOF.Scatter.EnableBokehSettings:1      ; bokeh simulation when scattering]]
[2019.07.22-19.09.12:895][  0]LogConfig: Setting CVar [[r.DOF.Scatter.MaxSpriteRatio:0.1         ; only a maximum of 10% of scattered bokeh]]
[2019.07.22-19.09.12:895][  0]LogConfig: Setting CVar [[r.DOF.Recombine.Quality:1                ; cheap slight out of focus]]
[2019.07.22-19.09.12:895][  0]LogConfig: Setting CVar [[r.DOF.Recombine.EnableBokehSettings:0    ; no bokeh simulation on slight out of focus]]
[2019.07.22-19.09.12:895][  0]LogConfig: Setting CVar [[r.DOF.TemporalAAQuality:1                ; more stable temporal accumulation]]
[2019.07.22-19.09.12:895][  0]LogConfig: Setting CVar [[r.DOF.Kernel.MaxForegroundRadius:0.025]]
[2019.07.22-19.09.12:895][  0]LogConfig: Setting CVar [[r.DOF.Kernel.MaxBackgroundRadius:0.025]]
[2019.07.22-19.09.12:895][  0]LogConfig: Applying CVar settings from Section [TextureQuality@3] File [H:/New-Frontier/New-Frontier/NewFrontierProjectUpdate/Saved/Config/Windows/Scalability.ini]
[2019.07.22-19.09.12:895][  0]LogConfig: Setting CVar [[r.Streaming.MipBias:0]]
[2019.07.22-19.09.12:895][  0]LogConfig: Setting CVar [[r.Streaming.AmortizeCPUToGPUCopy:0]]
[2019.07.22-19.09.12:895][  0]LogConfig: Setting CVar [[r.Streaming.MaxNumTexturesToStreamPerFrame:0]]
[2019.07.22-19.09.12:895][  0]LogConfig: Setting CVar [[r.Streaming.Boost:1]]
[2019.07.22-19.09.12:895][  0]LogConfig: Setting CVar [[r.MaxAnisotropy:8]]
[2019.07.22-19.09.12:895][  0]LogConfig: Setting CVar [[r.Streaming.LimitPoolSizeToVRAM:0]]
[2019.07.22-19.09.12:895][  0]LogConfig: Setting CVar [[r.Streaming.PoolSize:1000]]
[2019.07.22-19.09.12:895][  0]LogConfig: Setting CVar [[r.Streaming.MaxEffectiveScreenSize:0]]
[2019.07.22-19.09.12:895][  0]LogConfig: Applying CVar settings from Section [EffectsQuality@3] File [H:/New-Frontier/New-Frontier/NewFrontierProjectUpdate/Saved/Config/Windows/Scalability.ini]
[2019.07.22-19.09.12:895][  0]LogConfig: Setting CVar [[r.TranslucencyLightingVolumeDim:64]]
[2019.07.22-19.09.12:895][  0]LogConfig: Setting CVar [[r.RefractionQuality:2]]
[2019.07.22-19.09.12:895][  0]LogConfig: Setting CVar [[r.SSR.Quality:3]]
[2019.07.22-19.09.12:895][  0]LogConfig: Setting CVar [[r.SceneColorFormat:4]]
[2019.07.22-19.09.12:895][  0]LogConfig: Setting CVar [[r.DetailMode:2]]
[2019.07.22-19.09.12:895][  0]LogConfig: Setting CVar [[r.TranslucencyVolumeBlur:1]]
[2019.07.22-19.09.12:895][  0]LogConfig: Setting CVar [[r.MaterialQualityLevel:1 ; High quality]]
[2019.07.22-19.09.12:895][  0]LogConfig: Setting CVar [[r.SSS.Scale:1]]
[2019.07.22-19.09.12:895][  0]LogConfig: Setting CVar [[r.SSS.SampleSet:2]]
[2019.07.22-19.09.12:895][  0]LogConfig: Setting CVar [[r.SSS.Quality:1]]
[2019.07.22-19.09.12:895][  0]LogConfig: Setting CVar [[r.SSS.HalfRes:1]]
[2019.07.22-19.09.12:895][  0]LogConfig: Setting CVar [[r.EmitterSpawnRateScale:1.0]]
[2019.07.22-19.09.12:895][  0]LogConfig: Setting CVar [[r.ParticleLightQuality:2]]
[2019.07.22-19.09.12:895][  0]LogConfig: Applying CVar settings from Section [FoliageQuality@3] File [H:/New-Frontier/New-Frontier/NewFrontierProjectUpdate/Saved/Config/Windows/Scalability.ini]
[2019.07.22-19.09.12:895][  0]LogConfig: Setting CVar [[foliage.DensityScale:1.0]]
[2019.07.22-19.09.12:895][  0]LogConfig: Setting CVar [[grass.DensityScale:1.0]]
[2019.07.22-19.09.12:895][  0]LogConfig: Applying CVar settings from Section [Startup] File [../../../Engine/Config/ConsoleVariables.ini]
[2019.07.22-19.09.12:895][  0]LogConfig: Setting CVar [[net.UseAdaptiveNetUpdateFrequency:0]]
[2019.07.22-19.09.12:895][  0]LogConfig: Applying CVar settings from Section [ConsoleVariables] File [H:/New-Frontier/New-Frontier/NewFrontierProjectUpdate/Saved/Config/Windows/Engine.ini]
[2019.07.22-19.09.12:895][  0]LogInit: Computer: ANDREW-HP
[2019.07.22-19.09.12:895][  0]LogInit: User: Andrew
[2019.07.22-19.09.12:895][  0]LogInit: CPU Page size=4096, Cores=4
[2019.07.22-19.09.12:895][  0]LogInit: High frequency timer resolution =2.435800 MHz
[2019.07.22-19.09.12:896][  0]LogMemory: Memory total: Physical=15.9GB (16GB approx)
[2019.07.22-19.09.12:896][  0]LogMemory: Platform Memory Stats for Windows
[2019.07.22-19.09.12:896][  0]LogMemory: Process Physical Memory: 104.81 MB used, 104.81 MB peak
[2019.07.22-19.09.12:896][  0]LogMemory: Process Virtual Memory: 95.15 MB used, 95.15 MB peak
[2019.07.22-19.09.12:896][  0]LogMemory: Physical Memory: 6900.81 MB used,  9364.30 MB free, 16265.11 MB total
[2019.07.22-19.09.12:896][  0]LogMemory: Virtual Memory: 488.67 MB used,  8388119.00 MB free, 8388608.00 MB total
[2019.07.22-19.09.12:916][  0]LogInit: Using OS detected language (en-US).
[2019.07.22-19.09.12:916][  0]LogInit: Using OS detected locale (en-US).
[2019.07.22-19.09.12:916][  0]LogTextLocalizationManager: No specific localization for 'en-US' exists, so the 'en' localization will be used.
[2019.07.22-19.09.13:323][  0]LogStreaming: Display: Took  0.407s to InitEngineTextLocalization.
[2019.07.22-19.09.13:323][  0]LogWindows: Failed to load 'shcore.dll' (GetLastError=126)
[2019.07.22-19.09.13:323][  0]LogWindows: File 'shcore.dll' does not exist
[2019.07.22-19.09.13:323][  0]LogInit: Setting process to DPI aware
[2019.07.22-19.09.13:346][  0]LogSlate: New Slate User Created.  User Index 0, Is Virtual User: 0
[2019.07.22-19.09.13:346][  0]LogSlate: Slate User Registered.  User Index 0, Is Virtual User: 0
[2019.07.22-19.09.13:494][  0]LogHMD: Failed to initialize OpenVR with code 110
[2019.07.22-19.09.13:494][  0]LogD3D11RHI: D3D11 adapters:
[2019.07.22-19.09.13:516][  0]LogD3D11RHI:    0. 'NVIDIA Quadro K2200M' (Feature Level 11_0)
[2019.07.22-19.09.13:516][  0]LogD3D11RHI:       1974/0/7876 MB DedicatedVideo/DedicatedSystem/SharedSystem, Outputs:1, VendorId:0x10de
[2019.07.22-19.09.13:532][  0]LogD3D11RHI:    1. 'NVIDIA Quadro K2200M' (Feature Level 11_0)
[2019.07.22-19.09.13:532][  0]LogD3D11RHI:       1974/0/7876 MB DedicatedVideo/DedicatedSystem/SharedSystem, Outputs:0, VendorId:0x10de
[2019.07.22-19.09.13:532][  0]LogD3D11RHI: Chosen D3D11 Adapter: 0
[2019.07.22-19.09.13:539][  0]LogD3D11RHI: Creating new Direct3DDevice
[2019.07.22-19.09.13:539][  0]LogD3D11RHI:     GPU DeviceId: 0x13b3 (for the marketing name, search the web for "GPU Device Id")
[2019.07.22-19.09.13:539][  0]LogWindows: EnumDisplayDevices:
[2019.07.22-19.09.13:540][  0]LogWindows:    0. 'Intel(R) HD Graphics 4600' (P:1 D:1)
[2019.07.22-19.09.13:540][  0]LogWindows:    1. 'Intel(R) HD Graphics 4600' (P:0 D:0)
[2019.07.22-19.09.13:540][  0]LogWindows:    2. 'Intel(R) HD Graphics 4600' (P:0 D:0)
[2019.07.22-19.09.13:540][  0]LogWindows:    3. 'NVIDIA Quadro K2200M' (P:0 D:0)
[2019.07.22-19.09.13:540][  0]LogWindows:    4. 'NVIDIA Quadro K2200M' (P:0 D:0)
[2019.07.22-19.09.13:540][  0]LogWindows:    5. 'NVIDIA Quadro K2200M' (P:0 D:0)
[2019.07.22-19.09.13:540][  0]LogWindows:    6. 'NVIDIA Quadro K2200M' (P:0 D:0)
[2019.07.22-19.09.13:540][  0]LogWindows:    7. 'RDPDD Chained DD' (P:0 D:0)
[2019.07.22-19.09.13:541][  0]LogWindows:    8. 'RDP Encoder Mirror Driver' (P:0 D:0)
[2019.07.22-19.09.13:541][  0]LogWindows:    9. 'RDP Reflector Display Driver' (P:0 D:0)
[2019.07.22-19.09.13:541][  0]LogWindows: DebugString: PrimaryIsNotTheChoosenAdapter PrimaryIsNotTheChoosenAdapter PrimaryIsNotTheChoosenAdapter GetVideoDriverDetailsInvalid PrimaryIsNotTheChoosenAdapter GetVideoDriverDetailsInvalid PrimaryIsNotTheChoosenAdapter GetVideoDriverDetailsInvalid PrimaryIsNotTheChoosenAdapter FoundDriverCount:4 
[2019.07.22-19.09.13:541][  0]LogD3D11RHI:     Adapter Name: NVIDIA Quadro K2200M
[2019.07.22-19.09.13:541][  0]LogD3D11RHI:   Driver Version: 341.22 (internal:9.18.13.4122, unified:341.22)
[2019.07.22-19.09.13:541][  0]LogD3D11RHI:      Driver Date: 11-26-2014
[2019.07.22-19.09.13:541][  0]LogRHI: Texture pool is 1382 MB (70% of 1974 MB)
[2019.07.22-19.09.13:559][  0]LogD3D11RHI: NvAPI_D3D_GetCurrentSLIState failed: 0xfffffff7
[2019.07.22-19.09.13:559][  0]LogD3D11RHI: Async texture creation enabled
[2019.07.22-19.09.13:575][  0]LogD3D11RHI: GPU Timing Frequency: 1000.000000 (Debug: 2 2)
[2019.07.22-19.09.35:982][  0]LogTemp: Display: Loaded TP AllDesktopTargetPlatform
[2019.07.22-19.09.35:994][  0]LogTemp: Display: Loaded TP MacClientTargetPlatform
[2019.07.22-19.09.36:007][  0]LogTemp: Display: Loaded TP MacNoEditorTargetPlatform
[2019.07.22-19.09.36:020][  0]LogTemp: Display: Loaded TP MacServerTargetPlatform
[2019.07.22-19.09.36:033][  0]LogTemp: Display: Loaded TP MacTargetPlatform
[2019.07.22-19.09.36:046][  0]LogTemp: Display: Loaded TP WindowsClientTargetPlatform
[2019.07.22-19.09.36:059][  0]LogTemp: Display: Loaded TP WindowsNoEditorTargetPlatform
[2019.07.22-19.09.36:072][  0]LogTemp: Display: Loaded TP WindowsServerTargetPlatform
[2019.07.22-19.09.36:078][  0]LogTemp: Display: Loaded TP WindowsTargetPlatform
[2019.07.22-19.09.36:153][  0]LogTemp: Display: Loaded TP AndroidTargetPlatform
[2019.07.22-19.09.36:154][  0]LogTemp: Display: Loaded TP AndroidTargetPlatform
[2019.07.22-19.09.36:154][  0]LogTemp: Display: Loaded TP AndroidTargetPlatform
[2019.07.22-19.09.36:154][  0]LogTemp: Display: Loaded TP AndroidTargetPlatform
[2019.07.22-19.09.36:154][  0]LogTemp: Display: Loaded TP AndroidTargetPlatform
[2019.07.22-19.09.36:154][  0]LogTemp: Display: Loaded TP AndroidTargetPlatform
[2019.07.22-19.09.36:154][  0]LogTemp: Display: Loaded TP AndroidTargetPlatform
[2019.07.22-19.09.36:154][  0]LogTemp: Display: Loaded TP AndroidTargetPlatform
[2019.07.22-19.09.36:154][  0]LogTemp: Display: Loaded TP AndroidTargetPlatform
[2019.07.22-19.09.36:154][  0]LogTemp: Display: Loaded TP AndroidTargetPlatform
[2019.07.22-19.09.36:154][  0]LogTemp: Display: Loaded TP AndroidTargetPlatform
[2019.07.22-19.09.36:154][  0]LogTemp: Display: Loaded TP AndroidTargetPlatform
[2019.07.22-19.09.36:154][  0]LogTemp: Display: Loaded TP AndroidTargetPlatform
[2019.07.22-19.09.36:154][  0]LogTemp: Display: Loaded TP AndroidTargetPlatform
[2019.07.22-19.09.36:154][  0]LogTemp: Display: Loaded TP AndroidTargetPlatform
[2019.07.22-19.09.36:154][  0]LogTemp: Display: Loaded TP AndroidTargetPlatform
[2019.07.22-19.09.36:154][  0]LogTemp: Display: Loaded TP AndroidTargetPlatform
[2019.07.22-19.09.36:154][  0]LogTemp: Display: Loaded TP AndroidTargetPlatform
[2019.07.22-19.09.36:154][  0]LogTemp: Display: Loaded TP HTML5TargetPlatform
[2019.07.22-19.09.36:213][  0]LogTemp: Display: Loaded TP IOSTargetPlatform
[2019.07.22-19.09.36:213][  0]LogTemp: Display: Loaded TP IOSTargetPlatform
[2019.07.22-19.09.36:240][  0]LogTemp: Display: Loaded TP TVOSTargetPlatform
[2019.07.22-19.09.36:240][  0]LogTemp: Display: Loaded TP TVOSTargetPlatform
[2019.07.22-19.09.36:253][  0]LogTemp: Display: Loaded TP LinuxClientTargetPlatform
[2019.07.22-19.09.36:267][  0]LogTemp: Display: Loaded TP LinuxNoEditorTargetPlatform
[2019.07.22-19.09.36:280][  0]LogTemp: Display: Loaded TP LinuxServerTargetPlatform
[2019.07.22-19.09.36:294][  0]LogTemp: Display: Loaded TP LinuxTargetPlatform
[2019.07.22-19.09.36:342][  0]LogTemp: Display: Loaded TP LuminTargetPlatform
[2019.07.22-19.09.36:342][  0]LogTemp: Display: Loaded TP LuminTargetPlatform
[2019.07.22-19.09.36:342][  0]LogTargetPlatformManager: Display: Building Assets For Windows
[2019.07.22-19.09.36:383][  0]LogShaderCompilers: Guid format shader working directory is -15 characters bigger than the processId version (../../../../New-Frontier/New-Frontier/NewFrontierProjectUpdate/Intermediate/Shaders/WorkingDirectory/8864/).
[2019.07.22-19.09.36:383][  0]LogShaderCompilers: Cleaned the shader compiler working directory 'C:/Users/Andrew/AppData/Local/Temp/UnrealShaderWorkingDir/9B08648D4093F2F2FE6DA28C5683F50F/'.
[2019.07.22-19.09.36:384][  0]LogXGEController: Cannot use XGE Controller as Incredibuild is not installed on this machine.
[2019.07.22-19.09.36:384][  0]LogShaderCompilers: Cannot use XGE Shader Compiler as Incredibuild is not installed on this machine.
[2019.07.22-19.09.36:385][  0]LogShaderCompilers: Display: Using Local Shader Compiler.
[2019.07.22-19.09.36:960][  0]LogDerivedDataCache: Display: Max Cache Size: 512 MB
[2019.07.22-19.09.37:053][  0]LogDerivedDataCache: Loaded boot cache 0.09s 71MB C:/Users/Andrew/AppData/Local/UnrealEngine/4.21/DerivedDataCache/Boot.ddc.
[2019.07.22-19.09.37:053][  0]LogDerivedDataCache: Display: Loaded Boot cache: C:/Users/Andrew/AppData/Local/UnrealEngine/4.21/DerivedDataCache/Boot.ddc
[2019.07.22-19.09.37:053][  0]LogDerivedDataCache: FDerivedDataBackendGraph:  Pak pak cache file ../../../../New-Frontier/New-Frontier/NewFrontierProjectUpdate/DerivedDataCache/DDC.ddp not found, will not use a pak cache.
[2019.07.22-19.09.37:053][  0]LogDerivedDataCache: Unable to find inner node Pak for hierarchical cache Hierarchy.
[2019.07.22-19.09.37:053][  0]LogDerivedDataCache: FDerivedDataBackendGraph:  CompressedPak pak cache file ../../../../New-Frontier/New-Frontier/NewFrontierProjectUpdate/DerivedDataCache/Compressed.ddp not found, will not use a pak cache.
[2019.07.22-19.09.37:053][  0]LogDerivedDataCache: Unable to find inner node CompressedPak for hierarchical cache Hierarchy.
[2019.07.22-19.09.37:070][  0]LogDerivedDataCache: Display: Pak cache opened for reading ../../../Engine/DerivedDataCache/Compressed.ddp.
[2019.07.22-19.09.37:070][  0]LogDerivedDataCache: FDerivedDataBackendGraph:  EnterprisePak pak cache file ../../../Enterprise/DerivedDataCache/Compressed.ddp not found, will not use a pak cache.
[2019.07.22-19.09.37:070][  0]LogDerivedDataCache: Unable to find inner node EnterprisePak for hierarchical cache Hierarchy.
[2019.07.22-19.09.37:081][  0]LogDerivedDataCache: Using Local data cache path C:/Users/Andrew/AppData/Local/UnrealEngine/Common/DerivedDataCache: Writable
[2019.07.22-19.09.37:081][  0]LogDerivedDataCache: Shared data cache path not found in *engine.ini, will not use an Shared cache.
[2019.07.22-19.09.37:081][  0]LogDerivedDataCache: Unable to find inner node Shared for hierarchical cache Hierarchy.
[2019.07.22-19.09.37:105][  0]LogMaterial: Verifying Global Shaders for PCD3D_SM5
[2019.07.22-19.09.37:106][  0]LogSlate: Using FreeType 2.6.0
[2019.07.22-19.09.37:107][  0]LogSlate: SlateFontServices - WITH_FREETYPE: 1, WITH_HARFBUZZ: 1
[2019.07.22-19.09.37:109][  0]LogImageWrapper: Warning: PNG Warning: Incorrect bKGD chunk length
[2019.07.22-19.09.37:109][  0]LogImageWrapper: Warning: PNG Warning: Incorrect bKGD chunk length
[2019.07.22-19.09.37:111][  0]LogImageWrapper: Warning: PNG Warning: Incorrect bKGD chunk length
[2019.07.22-19.09.37:111][  0]LogImageWrapper: Warning: PNG Warning: Incorrect bKGD chunk length
[2019.07.22-19.09.37:111][  0]LogImageWrapper: Warning: PNG Warning: Incorrect bKGD chunk length
[2019.07.22-19.09.37:111][  0]LogImageWrapper: Warning: PNG Warning: Incorrect bKGD chunk length
[2019.07.22-19.09.37:113][  0]LogImageWrapper: Warning: PNG Warning: Incorrect bKGD chunk length
[2019.07.22-19.09.37:113][  0]LogImageWrapper: Warning: PNG Warning: Incorrect bKGD chunk length
[2019.07.22-19.09.37:196][  0]LogAssetRegistry: FAssetRegistry took 0.0325 seconds to start up
[2019.07.22-19.09.37:510][  0]LogInit: Selected Device Profile: [Windows]
[2019.07.22-19.09.37:666][  0]LogSimplygon: Simplygon DLL not present - disabling.
[2019.07.22-19.09.37:668][  0]LogMeshReduction: Using SimplygonSwarm for distributed automatic mesh merging
[2019.07.22-19.09.37:668][  0]LogMeshReduction: Using ProxyLODMeshReduction for automatic mesh merging
[2019.07.22-19.09.37:668][  0]LogMeshReduction: Using QuadricMeshReduction for automatic static mesh reduction
[2019.07.22-19.09.37:668][  0]LogMeshReduction: No automatic skeletal mesh reduction module available
[2019.07.22-19.09.37:681][  0]LogNetVersion: NewFrontierProjectUpdate 1.0.0, NetCL: 4541578, EngineNetVer: 5, GameNetVer: 0 (Checksum: 2555005595)
[2019.07.22-19.09.38:232][  0]LogPackageLocalizationCache: Processed 11 localized package path(s) for 2 prioritized culture(s) in 0.076605 seconds
[2019.07.22-19.09.38:239][  0]LogUObjectArray: 39775 objects as part of root set at end of initial load.
[2019.07.22-19.09.38:239][  0]LogUObjectAllocator: 6914656 out of 0 bytes used by permanent object pool.
[2019.07.22-19.09.38:239][  0]LogUObjectArray: CloseDisregardForGC: 0/0 objects in disregard for GC pool
[2019.07.22-19.09.39:041][  0]LogTcpMessaging: Initializing TcpMessaging bridge
[2019.07.22-19.09.39:053][  0]LogUdpMessaging: Initializing bridge on interface 0.0.0.0:0 to multicast group 230.0.0.1:6666.
[2019.07.22-19.09.39:155][  0]LogImageWrapper: Warning: PNG Warning: Incorrect bKGD chunk length
[2019.07.22-19.09.39:155][  0]LogImageWrapper: Warning: PNG Warning: Incorrect bKGD chunk length
[2019.07.22-19.09.39:157][  0]LogImageWrapper: Warning: PNG Warning: Incorrect bKGD chunk length
[2019.07.22-19.09.39:157][  0]LogImageWrapper: Warning: PNG Warning: Incorrect bKGD chunk length
[2019.07.22-19.09.39:158][  0]LogImageWrapper: Warning: PNG Warning: Incorrect bKGD chunk length
[2019.07.22-19.09.39:158][  0]LogImageWrapper: Warning: PNG Warning: Incorrect bKGD chunk length
[2019.07.22-19.09.39:159][  0]LogImageWrapper: Warning: PNG Warning: Incorrect bKGD chunk length
[2019.07.22-19.09.39:159][  0]LogImageWrapper: Warning: PNG Warning: Incorrect bKGD chunk length
[2019.07.22-19.09.39:697][  0]SourceControl: Source control is disabled
[2019.07.22-19.09.39:697][  0]SourceControl: Source control is disabled
[2019.07.22-19.09.39:698][  0]SourceControl: Source control is disabled
[2019.07.22-19.09.39:699][  0]SourceControl: Source control is disabled
[2019.07.22-19.09.39:843][  0]LogAndroidPermission: UAndroidPermissionCallbackProxy::GetInstance
[2019.07.22-19.09.39:884][  0]LogOcInput: OculusInput pre-init called
[2019.07.22-19.09.40:011][  0]LogEngine: Initializing Engine...
[2019.07.22-19.09.40:012][  0]LogHMD: Failed to initialize OpenVR with code 110
[2019.07.22-19.09.40:014][  0]LogStats: UGameplayTagsManager::ConstructGameplayTagTree: ImportINI prefixes -  0.000 s
[2019.07.22-19.09.40:014][  0]LogStats: UGameplayTagsManager::ConstructGameplayTagTree: Construct from data asset -  0.000 s
[2019.07.22-19.09.40:014][  0]LogStats: UGameplayTagsManager::ConstructGameplayTagTree: ImportINI -  0.000 s
[2019.07.22-19.09.40:014][  0]LogStats: UGameplayTagsManager::ConstructGameplayTagTree: GameplayTagTreeChangedEvent.Broadcast -  0.000 s
[2019.07.22-19.09.40:284][  0]LogInit: Initializing FReadOnlyCVARCache
[2019.07.22-19.09.40:296][  0]LogAIModule: Creating AISystem for world Untitled
[2019.07.22-19.09.40:395][  0]LogInit: XAudio2 using 'Speakers/Headphones (Realtek High Definition Audio)' : 2 channels at 48 kHz using 32 bits per sample (channel mask 0x3)
[2019.07.22-19.09.40:577][  0]LogInit: FAudioDevice initialized.
[2019.07.22-19.09.40:577][  0]LogNetVersion: Set ProjectVersion to 2.0. Version Checksum will be recalculated on next use.
[2019.07.22-19.09.40:676][  0]LogDerivedDataCache: Saved boot cache 0.10s 71MB C:/Users/Andrew/AppData/Local/UnrealEngine/4.21/DerivedDataCache/Boot.ddc.
[2019.07.22-19.09.40:685][  0]LogInit: Texture streaming: Enabled
[2019.07.22-19.09.40:697][  0]LogEngineSessionManager: EngineSessionManager initialized
[2019.07.22-19.09.40:705][  0]LogInit: Transaction tracking system initialized
[2019.07.22-19.09.40:720][  0]BlueprintLog: New page: Editor Load
[2019.07.22-19.09.40:772][  0]LocalizationService: Localization service is disabled
[2019.07.22-19.09.41:266][  0]LogCook: Display: Max memory allowance for cook 16384mb min free memory 0mb
[2019.07.22-19.09.41:266][  0]LogCook: Display: Mobile HDR setting 1
[2019.07.22-19.09.41:267][  0]LogGameplayTags: Display: UGameplayTagsManager::DoneAddingNativeTags. DelegateIsBound: 0
[2019.07.22-19.09.41:267][  0]LogStats: UGameplayTagsManager::ConstructGameplayTagTree: ImportINI prefixes -  0.000 s
[2019.07.22-19.09.41:267][  0]LogStats: UGameplayTagsManager::ConstructGameplayTagTree: Construct from data asset -  0.000 s
[2019.07.22-19.09.41:267][  0]LogStats: UGameplayTagsManager::ConstructGameplayTagTree: ImportINI -  0.000 s
[2019.07.22-19.09.41:267][  0]LogStats: UGameplayTagsManager::ConstructGameplayTagTree: GameplayTagTreeChangedEvent.Broadcast -  0.000 s
[2019.07.22-19.09.41:368][  0]LogFileCache: Scanning file cache for directory 'H:/New-Frontier/New-Frontier/NewFrontierProjectUpdate/Content/' took 0.02s
[2019.07.22-19.09.41:368][  0]SourceControl: Source control is disabled
[2019.07.22-19.09.41:368][  0]Cmd: MAP LOAD FILE="../../../../New-Frontier/New-Frontier/NewFrontierProjectUpdate/Content/AdvancedTurnBasedTileToolkit/Maps/Example.umap" TEMPLATE=0 SHOWPROGRESS=1 FEATURELEVEL=3
[2019.07.22-19.09.41:396][  0]LightingResults: New page: Lighting Build
[2019.07.22-19.09.41:398][  0]MapCheck: New page: Map Check
[2019.07.22-19.09.41:398][  0]LightingResults: New page: Lighting Build
[2019.07.22-19.09.51:005][  0]LogAIModule: Creating AISystem for world Example
[2019.07.22-19.09.51:060][  0]LogEditorServer: Finished looking for orphan Actors (0.000 secs)
[2019.07.22-19.09.51:139][  0]Cmd: MAP CHECKDEP NOCLEARLOG
[2019.07.22-19.09.51:139][  0]MapCheck: Map check complete: 0 Error(s), 0 Warning(s), took 0.101ms to complete.
[2019.07.22-19.09.51:139][  0]LogFileHelpers: Loading map 'Example' took 9.770
[2019.07.22-19.09.51:292][  0]LogSlate: Updating window title bar state: overlay mode, drag disabled, window buttons hidden, title bar hidden
[2019.07.22-19.09.51:304][  0]LogSlate: Updating window title bar state: overlay mode, drag disabled, window buttons hidden, title bar hidden
[2019.07.22-19.09.51:316][  0]LogSlate: Updating window title bar state: overlay mode, drag disabled, window buttons hidden, title bar hidden
[2019.07.22-19.09.51:329][  0]LogSlate: Updating window title bar state: overlay mode, drag disabled, window buttons hidden, title bar hidden
[2019.07.22-19.09.51:341][  0]LogCollectionManager: Loaded 0 collections in 0.001655 seconds
[2019.07.22-19.09.51:368][  0]LogFileCache: Scanning file cache for directory 'H:/New-Frontier/New-Frontier/NewFrontierProjectUpdate/Saved/Collections/' took 0.01s
[2019.07.22-19.09.51:368][  0]LogFileCache: Scanning file cache for directory 'H:/New-Frontier/New-Frontier/NewFrontierProjectUpdate/Content/Developers/Andrew/Collections/' took 0.00s
[2019.07.22-19.09.51:368][  0]LogFileCache: Scanning file cache for directory 'H:/New-Frontier/New-Frontier/NewFrontierProjectUpdate/Content/Collections/' took 0.01s
[2019.07.22-19.09.51:368][  0]LogCollectionManager: Rebuilt the GUID cache for 0 collections in 0.000001 seconds
[2019.07.22-19.09.51:381][  0]LogContentBrowser: Native class hierarchy populated in 0.0135 seconds. Added 2651 classes and 620 folders.
[2019.07.22-19.09.51:388][  0]LogContentBrowser: Native class hierarchy updated for 'WidgetCarousel' in 0.0003 seconds. Added 0 classes and 0 folders.
[2019.07.22-19.09.51:458][  0]LogPakFile: Registered encryption key '00000000000000000000000000000000': 0 pak files mounted, 0 remain pending
[2019.07.22-19.09.51:490][  0]LogPakFile: Registered encryption key '00000000000000000000000000000000': 0 pak files mounted, 0 remain pending
[2019.07.22-19.09.51:523][  0]LogPakFile: Registered encryption key '00000000000000000000000000000000': 0 pak files mounted, 0 remain pending
[2019.07.22-19.09.51:532][  0]LogPakFile: Registered encryption key '00000000000000000000000000000000': 0 pak files mounted, 0 remain pending
[2019.07.22-19.09.51:543][  0]LogPakFile: Registered encryption key '00000000000000000000000000000000': 0 pak files mounted, 0 remain pending
[2019.07.22-19.09.51:552][  0]LogPakFile: Registered encryption key '00000000000000000000000000000000': 0 pak files mounted, 0 remain pending
[2019.07.22-19.09.51:560][  0]LogPakFile: Registered encryption key '00000000000000000000000000000000': 0 pak files mounted, 0 remain pending
[2019.07.22-19.09.51:569][  0]LogPakFile: Registered encryption key '00000000000000000000000000000000': 0 pak files mounted, 0 remain pending
[2019.07.22-19.09.51:580][  0]LogPakFile: Registered encryption key '00000000000000000000000000000000': 0 pak files mounted, 0 remain pending
[2019.07.22-19.09.51:590][  0]LogPakFile: Registered encryption key '00000000000000000000000000000000': 0 pak files mounted, 0 remain pending
[2019.07.22-19.09.51:599][  0]LogPakFile: Registered encryption key '00000000000000000000000000000000': 0 pak files mounted, 0 remain pending
[2019.07.22-19.09.51:607][  0]LogPakFile: Registered encryption key '00000000000000000000000000000000': 0 pak files mounted, 0 remain pending
[2019.07.22-19.09.51:616][  0]LogPakFile: Registered encryption key '00000000000000000000000000000000': 0 pak files mounted, 0 remain pending
[2019.07.22-19.09.51:624][  0]LogPakFile: Registered encryption key '00000000000000000000000000000000': 0 pak files mounted, 0 remain pending
[2019.07.22-19.09.51:631][  0]LogPakFile: Registered encryption key '00000000000000000000000000000000': 0 pak files mounted, 0 remain pending
[2019.07.22-19.09.51:637][  0]LogPakFile: Registered encryption key '00000000000000000000000000000000': 0 pak files mounted, 0 remain pending
[2019.07.22-19.09.51:659][  0]LogPakFile: Registered encryption key '00000000000000000000000000000000': 0 pak files mounted, 0 remain pending
[2019.07.22-19.09.51:666][  0]LogPakFile: Registered encryption key '00000000000000000000000000000000': 0 pak files mounted, 0 remain pending
[2019.07.22-19.09.51:673][  0]LogPakFile: Registered encryption key '00000000000000000000000000000000': 0 pak files mounted, 0 remain pending
[2019.07.22-19.09.51:679][  0]LogPakFile: Registered encryption key '00000000000000000000000000000000': 0 pak files mounted, 0 remain pending
[2019.07.22-19.09.51:706][  0]LogPakFile: Registered encryption key '00000000000000000000000000000000': 0 pak files mounted, 0 remain pending
[2019.07.22-19.09.51:712][  0]LogPakFile: Registered encryption key '00000000000000000000000000000000': 0 pak files mounted, 0 remain pending
[2019.07.22-19.09.51:719][  0]LogPakFile: Registered encryption key '00000000000000000000000000000000': 0 pak files mounted, 0 remain pending
[2019.07.22-19.09.51:727][  0]LogPakFile: Registered encryption key '00000000000000000000000000000000': 0 pak files mounted, 0 remain pending
[2019.07.22-19.09.51:735][  0]LogPakFile: Registered encryption key '00000000000000000000000000000000': 0 pak files mounted, 0 remain pending
[2019.07.22-19.09.51:742][  0]LogPakFile: Registered encryption key '00000000000000000000000000000000': 0 pak files mounted, 0 remain pending
[2019.07.22-19.09.52:312][  0]LogContentBrowser: Native class hierarchy updated for 'AddContentDialog' in 0.0008 seconds. Added 0 classes and 0 folders.
[2019.07.22-19.09.52:385][  0]LogContentBrowser: Native class hierarchy updated for 'SceneOutliner' in 0.0006 seconds. Added 1 classes and 2 folders.
[2019.07.22-19.09.52:410][  0]LogSlate: Took 0.000201 seconds to synchronously load lazily loaded font '../../../Engine/Content/Slate/Fonts/Roboto-Regular.ttf' (155K)
[2019.07.22-19.09.52:414][  0]LogSlate: Took 0.000187 seconds to synchronously load lazily loaded font '../../../Engine/Content/Slate/Fonts/Roboto-Bold.ttf' (160K)
[2019.07.22-19.09.52:445][  0]LogSlate: Took 0.021409 seconds to synchronously load lazily loaded font '../../../Engine/Content/Editor/Slate/Fonts/FontAwesome.ttf' (139K)
[2019.07.22-19.09.52:587][  0]LogRenderer: Reallocating scene render targets to support 964x436 Format 10 NumSamples 1 (Frame:1).
[2019.07.22-19.09.52:903][  0]LogContentBrowser: Native class hierarchy updated for 'HierarchicalLODOutliner' in 0.0003 seconds. Added 0 classes and 0 folders.
[2019.07.22-19.09.52:903][  0]LogLoad: (Engine Initialization) Total time: 41.38 seconds
[2019.07.22-19.09.52:903][  0]LogLoad: (Engine Initialization) Total Blueprint compile time: 0.00 seconds
[2019.07.22-19.09.52:989][  0]LogContentStreaming: Texture pool size now 1000 MB
[2019.07.22-19.09.53:013][  0]LogSlate: Took 0.021474 seconds to synchronously load lazily loaded font '../../../Engine/Content/Slate/Fonts/Roboto-Light.ttf' (167K)
[2019.07.22-19.09.55:622][ 18]LogAssetRegistry: Asset discovery search completed in 18.4461 seconds
[2019.07.22-19.09.55:624][ 18]LogCollectionManager: Rebuilt the object cache for 0 collections in 0.000000 seconds (found 0 objects)
[2019.07.22-19.09.55:624][ 18]LogCollectionManager: Fixed up redirectors for 0 collections in 0.000052 seconds (updated 0 objects)
[2019.07.22-19.09.55:687][ 18]LogSlate: Took 0.000122 seconds to synchronously load lazily loaded font '../../../Engine/Content/Slate/Fonts/Roboto-Light.ttf' (167K)
[2019.07.22-19.15.05:424][459]LogSlate: FSceneViewport::OnFocusLost() reason 0
[2019.07.22-19.15.16:100][909]LogAIModule: Creating AISystem for world NewWorld
[2019.07.22-19.15.16:106][909]LogAssetEditorManager: Opening Asset editor for World /Game/AdvancedTurnBasedTileToolkit/Maps/NewWorld.NewWorld
[2019.07.22-19.15.16:133][909]Cmd: MAP LOAD FILE="../../../../New-Frontier/New-Frontier/NewFrontierProjectUpdate/Content/AdvancedTurnBasedTileToolkit/Maps/NewWorld.umap" TEMPLATE=0 SHOWPROGRESS=1 FEATURELEVEL=3
[2019.07.22-19.15.16:133][909]LightingResults: New page: Lighting Build
[2019.07.22-19.15.16:135][909]LoadErrors: New page: Loading map: NewWorld.umap
[2019.07.22-19.15.16:137][909]MapCheck: New page: Map Check
[2019.07.22-19.15.16:137][909]LightingResults: New page: Lighting Build
[2019.07.22-19.15.16:168][909]LogEditorServer: Finished looking for orphan Actors (0.000 secs)
[2019.07.22-19.15.16:215][909]Cmd: MAP CHECKDEP NOCLEARLOG
[2019.07.22-19.15.16:215][909]MapCheck: Map check complete: 0 Error(s), 0 Warning(s), took 0.093ms to complete.
[2019.07.22-19.15.16:215][909]LogFileHelpers: Loading map 'NewWorld' took 0.083
[2019.07.22-19.15.23:432][283]LogAIModule: Creating AISystem for world A1-2
[2019.07.22-19.15.23:564][283]LogAssetEditorManager: Opening Asset editor for World /Game/AdvancedTurnBasedTileToolkit/Maps/A1-2.A1-2
[2019.07.22-19.15.23:592][283]Cmd: MAP LOAD FILE="../../../../New-Frontier/New-Frontier/NewFrontierProjectUpdate/Content/AdvancedTurnBasedTileToolkit/Maps/A1-2.umap" TEMPLATE=0 SHOWPROGRESS=1 FEATURELEVEL=3
[2019.07.22-19.15.23:592][283]LightingResults: New page: Lighting Build
[2019.07.22-19.15.23:593][283]LoadErrors: New page: Loading map: A1-2.umap
[2019.07.22-19.15.23:593][283]MapCheck: New page: Map Check
[2019.07.22-19.15.23:593][283]LightingResults: New page: Lighting Build
[2019.07.22-19.15.23:834][283]LogEditorServer: Finished looking for orphan Actors (0.000 secs)
[2019.07.22-19.15.23:882][283]Cmd: MAP CHECKDEP NOCLEARLOG
[2019.07.22-19.15.23:882][283]MapCheck: Map check complete: 0 Error(s), 0 Warning(s), took 0.152ms to complete.
[2019.07.22-19.15.23:882][283]LogFileHelpers: Loading map 'A1-2' took 0.291
[2019.07.22-19.15.29:400][510]LogSlate: FSceneViewport::OnFocusLost() reason 0
[2019.07.22-19.15.35:257][808]LogMetaData: Removing '/Game/AdvancedTurnBasedTileToolkit/Maps/A1-3.A1-3_C' ref from Metadata '/Game/AdvancedTurnBasedTileToolkit/Maps/A1-2.PackageMetaData'
[2019.07.22-19.15.35:257][808]LogMetaData: Removing '/Game/AdvancedTurnBasedTileToolkit/Maps/A1-3.SKEL_A1-3_C' ref from Metadata '/Game/AdvancedTurnBasedTileToolkit/Maps/A1-2.PackageMetaData'
[2019.07.22-19.15.35:994][808]LogSavePackage: Moving '../../../../New-Frontier/New-Frontier/NewFrontierProjectUpdate/Saved/A1-31F1F48A74FEF7C076EEBA6B70429155C.tmp' to '../../../../New-Frontier/New-Frontier/NewFrontierProjectUpdate/Content/AdvancedTurnBasedTileToolkit/Maps/A1-3.umap'
[2019.07.22-19.15.36:017][808]LogFileHelpers: Saving map 'A1-3' took 0.729
[2019.07.22-19.15.50:600][593]Cmd: EDIT COPY
[2019.07.22-19.15.52:291][660]LogAIModule: Creating AISystem for world NewWorld
[2019.07.22-19.15.52:295][660]LogAssetEditorManager: Opening Asset editor for World /Game/AdvancedTurnBasedTileToolkit/Maps/NewWorld.NewWorld
[2019.07.22-19.15.52:321][660]Cmd: MAP LOAD FILE="../../../../New-Frontier/New-Frontier/NewFrontierProjectUpdate/Content/AdvancedTurnBasedTileToolkit/Maps/NewWorld.umap" TEMPLATE=0 SHOWPROGRESS=1 FEATURELEVEL=3
[2019.07.22-19.15.52:321][660]LightingResults: New page: Lighting Build
[2019.07.22-19.15.52:322][660]LoadErrors: New page: Loading map: NewWorld.umap
[2019.07.22-19.15.52:327][660]MapCheck: New page: Map Check
[2019.07.22-19.15.52:327][660]LightingResults: New page: Lighting Build
[2019.07.22-19.15.52:357][660]LogEditorServer: Finished looking for orphan Actors (0.000 secs)
[2019.07.22-19.15.52:406][660]Cmd: MAP CHECKDEP NOCLEARLOG
[2019.07.22-19.15.52:406][660]MapCheck: Map check complete: 0 Error(s), 0 Warning(s), took 0.112ms to complete.
[2019.07.22-19.15.52:406][660]LogFileHelpers: Loading map 'NewWorld' took 0.085
[2019.07.22-19.15.53:793][735]LogSlate: FSceneViewport::OnFocusLost() reason 2
[2019.07.22-19.15.57:547][ 64]Cmd: EDIT PASTE
[2019.07.22-19.16.01:216][207]LogEditorViewport: Clicking on Actor (LMB): BP_Sky_Sphere_C (Sky Sphere)
[2019.07.22-19.16.23:551][153]LogSlate: FSceneViewport::OnFocusLost() reason 0
[2019.07.22-19.16.28:961][429]LogMetaData: Removing '/Game/AdvancedTurnBasedTileToolkit/Maps/A1-2.A1-2_C' ref from Metadata '/Game/AdvancedTurnBasedTileToolkit/Maps/NewWorld.PackageMetaData'
[2019.07.22-19.16.28:961][429]LogMetaData: Removing '/Game/AdvancedTurnBasedTileToolkit/Maps/A1-2.A1-2:PersistentLevel.A1-2.EventGraph.K2Node_Event_0' ref from Metadata '/Game/AdvancedTurnBasedTileToolkit/Maps/NewWorld.PackageMetaData'
[2019.07.22-19.16.28:961][429]LogMetaData: Removing '/Game/AdvancedTurnBasedTileToolkit/Maps/A1-2.A1-2:PersistentLevel.A1-2.EventGraph.K2Node_Event_1' ref from Metadata '/Game/AdvancedTurnBasedTileToolkit/Maps/NewWorld.PackageMetaData'
[2019.07.22-19.16.28:961][429]LogMetaData: Removing '/Game/AdvancedTurnBasedTileToolkit/Maps/A1-2.SKEL_A1-2_C' ref from Metadata '/Game/AdvancedTurnBasedTileToolkit/Maps/NewWorld.PackageMetaData'
[2019.07.22-19.16.29:188][429]LogSavePackage: Moving '../../../../New-Frontier/New-Frontier/NewFrontierProjectUpdate/Saved/A1-23E5E2C854FBF4A800D02A785EEC42225.tmp' to '../../../../New-Frontier/New-Frontier/NewFrontierProjectUpdate/Content/AdvancedTurnBasedTileToolkit/Maps/A1-2.umap'
[2019.07.22-19.16.29:214][429]LogFileHelpers: Saving map 'A1-2' took 0.233
[2019.07.22-19.25.32:008][310]LogSlate: FSceneViewport::OnFocusLost() reason 2
[2019.07.22-19.25.45:113][804]LogScript: Warning: Accessed None trying to read property GridManagerRef
	BP_GA_Tile_Wall_Low_C /Engine/Transient.World_2:PersistentLevel.BP_GA_Tile_Wall_Low_C_0
	Function /Game/AdvancedTurnBasedTileToolkit/Core/Tiles/BP_GA_Tile.BP_GA_Tile_C:MakeEdgeCostsArray:0068
[2019.07.22-19.25.45:141][805]LogScript: Warning: Accessed None trying to read property GridManagerRef
	BP_GA_Tile_Wall_Locked_C /Engine/Transient.World_3:PersistentLevel.BP_GA_Tile_Wall_Locked_C_0
	Function /Game/AdvancedTurnBasedTileToolkit/Core/Tiles/BP_GA_Tile.BP_GA_Tile_C:MakeEdgeCostsArray:0068
[2019.07.22-19.25.45:178][806]LogScript: Warning: Accessed None trying to read property GridManagerRef
	BP_GA_Tile_Wall_E_C /Engine/Transient.World_4:PersistentLevel.BP_GA_Tile_Wall_E_C_0
	Function /Game/AdvancedTurnBasedTileToolkit/Core/Tiles/BP_GA_Tile.BP_GA_Tile_C:MakeEdgeCostsArray:0068
[2019.07.22-19.25.45:216][807]LogScript: Warning: Accessed None trying to read property GridManagerRef
	BP_GA_Tile_Wall_C /Engine/Transient.World_5:PersistentLevel.BP_GA_Tile_Wall_C_0
	Function /Game/AdvancedTurnBasedTileToolkit/Core/Tiles/BP_GA_Tile.BP_GA_Tile_C:MakeEdgeCostsArray:0068
[2019.07.22-19.25.51:701][ 64]Cmd: EDIT COPY
[2019.07.22-19.25.52:270][ 83]Cmd: EDIT PASTE
[2019.07.22-19.25.56:836][346]Cmd: EDIT PASTE
[2019.07.22-19.26.00:211][539]Cmd: EDIT COPY
[2019.07.22-19.26.01:430][610]Cmd: EDIT PASTE
[2019.07.22-19.26.04:495][786]Cmd: EDIT CUT
[2019.07.22-19.26.04:503][786]LogEditorActor: Deleted Actor: BP_GA_Tile_Wall_Low_C
[2019.07.22-19.26.04:530][786]LogEditorActor: Deleted 1 Actors (0.029 secs)
[2019.07.22-19.26.05:559][848]Cmd: TRANSACTION UNDO
[2019.07.22-19.26.05:559][848]LogEditorTransaction: Undo Cut
[2019.07.22-19.26.06:435][886]Cmd: EDIT COPY
[2019.07.22-19.26.06:837][908]Cmd: EDIT PASTE
[2019.07.22-19.26.11:223][152]LogEditorViewport: Clicking on Actor (LMB): BP_Sky_Sphere_C (Sky Sphere)
[2019.07.22-19.26.12:092][199]LogEditorViewport: Clicking on Actor (LMB): BP_Sky_Sphere_C (Sky Sphere)
[2019.07.22-19.26.28:948][977]LogSlate: FSceneViewport::OnFocusLost() reason 2
[2019.07.22-19.26.56:782][419]LogSavePackage: Moving '../../../../New-Frontier/New-Frontier/NewFrontierProjectUpdate/Saved/A1-2_Auto171D5F8B54C48E4DF87FF2CB615697A7E.tmp' to '../../../../New-Frontier/New-Frontier/NewFrontierProjectUpdate/Saved/Autosaves/Game/AdvancedTurnBasedTileToolkit/Maps/A1-2_Auto1.umap'
[2019.07.22-19.26.56:784][419]LogFileHelpers: Editor autosave (incl. sublevels) for '/Game/AdvancedTurnBasedTileToolkit/Maps/A1-2' took 0.209
[2019.07.22-19.26.56:784][419]LogFileHelpers: Editor autosave (incl. sublevels) for all levels took 0.209
[2019.07.22-19.27.49:503][582]Cmd: EDIT COPY
[2019.07.22-19.27.50:204][623]Cmd: EDIT PASTE
[2019.07.22-19.27.54:500][834]LogSlate: FSceneViewport::OnFocusLost() reason 0
[2019.07.22-19.28.25:395][431]LogEditorViewport: Clicking on Actor (LMB): BP_GA_Tile_Wall_E_C (BP_GA_Tile_Wall_E2)
[2019.07.22-19.28.25:485][435]LogEditorViewport: Clicking on Component (LMB): StaticMeshComponent (StaticMesh1)
[2019.07.22-19.28.26:849][507]LogSlate: FSceneViewport::OnFocusLost() reason 0
[2019.07.22-19.28.34:795][ 18]LogEditorViewport: Clicking on Actor (LMB): BP_GridManager_C (BP_GridManager)
[2019.07.22-19.28.35:642][ 76]LogEditorViewport: Clicking on Actor (LMB): BP_GA_Tile_Wall_E_C (BP_GA_Tile_Wall_E2)
[2019.07.22-19.28.45:163][801]LogEditorViewport: Clicking on Actor (LMB): BP_GA_Tile_Wall_E_C (BP_GA_Tile_Wall_E)
[2019.07.22-19.28.46:694][916]Cmd: EDIT COPY
[2019.07.22-19.28.47:006][940]Cmd: EDIT PASTE
[2019.07.22-19.28.49:192][103]LogEditorViewport: Clicking on Actor (LMB): BP_Sky_Sphere_C (Sky Sphere)
[2019.07.22-19.28.53:050][251]LogSlate: FSceneViewport::OnFocusLost() reason 2
[2019.07.22-19.28.53:907][294]LogEditorViewport: Clicking on Actor (LMB): BP_GA_Tile_Wall_E_C (BP_GA_Tile_Wall_E3)
[2019.07.22-19.28.56:992][435]LogSlate: FSceneViewport::OnFocusLost() reason 2
[2019.07.22-19.28.57:943][494]LogEditorViewport: Clicking on Actor (LMB): BP_GA_Tile_Wall_E_C (BP_GA_Tile_Wall_E2)
[2019.07.22-19.28.58:918][567]Cmd: EDIT COPY
[2019.07.22-19.28.59:190][588]Cmd: EDIT PASTE
[2019.07.22-19.29.01:372][750]LogEditorViewport: Clicking on Actor (LMB): BP_GA_Tile_Wall_E_C (BP_GA_Tile_Wall_E3)
[2019.07.22-19.29.02:433][829]Cmd: EDIT COPY
[2019.07.22-19.29.03:446][908]Cmd: EDIT PASTE
[2019.07.22-19.29.05:295][ 45]Cmd: EDIT PASTE
[2019.07.22-19.29.12:660][455]LogSlate: FSceneViewport::OnFocusLost() reason 2
[2019.07.22-19.29.13:717][518]LogEditorViewport: Clicking on Actor (LMB): BP_GA_Tile_Wall_E_C (BP_GA_Tile_Wall_E2)
[2019.07.22-19.29.14:624][585]Cmd: EDIT COPY
[2019.07.22-19.29.15:545][655]Cmd: EDIT PASTE
[2019.07.22-19.29.17:298][785]Cmd: EDIT PASTE
[2019.07.22-19.29.20:554][ 27]LogEditorViewport: Clicking on Actor (context menu): BP_GA_Tile_Wall_E_C (BP_GA_Tile_Wall_E5)
[2019.07.22-19.29.20:588][ 27]LogSlate: FSceneViewport::OnFocusLost() reason 2
[2019.07.22-19.29.27:262][352]LogEditorViewport: Clicking on Actor (LMB): BP_GA_Tile_Wall_E_C (BP_GA_Tile_Wall_E6)
[2019.07.22-19.29.28:740][460]Cmd: EDIT COPY
[2019.07.22-19.29.29:305][503]Cmd: EDIT PASTE
[2019.07.22-19.29.35:879][989]LogEditorViewport: Clicking on Actor (LMB): BP_GA_Tile_Wall_E_C (BP_GA_Tile_Wall_E7)
[2019.07.22-19.29.36:843][ 60]Cmd: EDIT COPY
[2019.07.22-19.29.37:142][ 83]Cmd: EDIT PASTE
[2019.07.22-19.29.39:137][230]Cmd: EDIT PASTE
[2019.07.22-19.29.46:002][568]LogEditorViewport: Clicking on Actor (LMB): BP_GA_Tile_Wall_E_C (BP_GA_Tile_Wall_E9)
[2019.07.22-19.29.46:736][622]Cmd: EDIT COPY
[2019.07.22-19.29.46:970][640]Cmd: EDIT PASTE
[2019.07.22-19.29.49:293][813]LogEditorViewport: Clicking on Actor (LMB): BP_GA_Tile_Wall_E_C (BP_GA_Tile_Wall_E11)
[2019.07.22-19.29.49:977][863]Cmd: EDIT COPY
[2019.07.22-19.29.51:146][951]Cmd: EDIT PASTE
[2019.07.22-19.29.53:355][114]Cmd: EDIT PASTE
[2019.07.22-19.29.56:040][313]LogEditorViewport: Clicking on Actor (LMB): BP_GA_Tile_Wall_E_C (BP_GA_Tile_Wall_E12)
[2019.07.22-19.29.56:818][371]Cmd: EDIT COPY
[2019.07.22-19.29.57:047][388]Cmd: EDIT PASTE
[2019.07.22-19.29.58:776][515]LogEditorViewport: Clicking on Actor (LMB): BP_Sky_Sphere_C (Sky Sphere)
[2019.07.22-19.30.22:854][436]LogEditorViewport: Clicking on Actor (LMB): BP_GA_Tile_Wall_E_C (BP_GA_Tile_Wall_E)
[2019.07.22-19.30.24:013][523]Cmd: EDIT COPY
[2019.07.22-19.30.24:786][583]Cmd: EDIT PASTE
[2019.07.22-19.30.31:137][ 70]LogEditorViewport: Clicking on Actor (LMB): BP_GridManager_C (BP_GridManager)
[2019.07.22-19.30.31:873][122]LogEditorViewport: Clicking on Actor (LMB): BP_GA_Tile_Wall_E_C (BP_GA_Tile_Wall_E16)
[2019.07.22-19.30.33:011][210]Cmd: EDIT COPY
[2019.07.22-19.30.33:687][262]Cmd: EDIT PASTE
[2019.07.22-19.30.36:632][484]Cmd: EDIT COPY
[2019.07.22-19.30.36:907][505]Cmd: EDIT PASTE
[2019.07.22-19.30.39:076][666]Cmd: EDIT PASTE
[2019.07.22-19.30.41:202][825]Cmd: EDIT PASTE
[2019.07.22-19.30.43:095][965]Cmd: EDIT PASTE
[2019.07.22-19.30.45:955][179]LogEditorViewport: Clicking on Actor (LMB): BP_GA_Tile_Wall_E_C (BP_GA_Tile_Wall_E16)
[2019.07.22-19.30.46:633][228]LogEditorViewport: Clicking on Actor (LMB): BP_GA_Tile_Wall_E_C (BP_GA_Tile_Wall_E17)
[2019.07.22-19.30.47:143][264]LogEditorViewport: Clicking on Actor (LMB): BP_GA_Tile_Wall_E_C (BP_GA_Tile_Wall_E18)
[2019.07.22-19.30.47:927][321]LogEditorViewport: Clicking on Actor (LMB): BP_GA_Tile_Wall_E_C (BP_GA_Tile_Wall_E19)
[2019.07.22-19.30.48:824][385]LogEditorViewport: Clicking on Actor (LMB): BP_GA_Tile_Wall_E_C (BP_GA_Tile_Wall_E20)
[2019.07.22-19.30.49:665][447]LogEditorViewport: Clicking on Actor (LMB): BP_GA_Tile_Wall_E_C (BP_GA_Tile_Wall_E21)
[2019.07.22-19.30.56:212][915]LogEditorViewport: Clicking on Actor (LMB): BP_GA_Tile_Wall_E_C (BP_GA_Tile_Wall_E)
[2019.07.22-19.30.57:110][981]Cmd: EDIT COPY
[2019.07.22-19.30.57:962][ 45]Cmd: EDIT PASTE
[2019.07.22-19.31.07:305][745]LogEditorViewport: Clicking on Actor (LMB): BP_GA_Tile_Wall_E_C (BP_GA_Tile_Wall_E21)
[2019.07.22-19.31.08:098][803]Cmd: EDIT COPY
[2019.07.22-19.31.08:371][823]Cmd: EDIT PASTE
[2019.07.22-19.31.12:733][133]LogEditorViewport: Clicking on Actor (LMB): BP_GA_Tile_Wall_E_C (BP_GA_Tile_Wall_E23)
[2019.07.22-19.31.12:782][134]LogEditorViewport: Clicking on Component (LMB): StaticMeshComponent (StaticMesh1)
[2019.07.22-19.31.14:486][231]LogSlate: FSceneViewport::OnFocusLost() reason 0
[2019.07.22-19.31.18:911][240]LogTexture: Display: Building textures: t_rubbermat_01_n (BC5, 2048X2048)
[2019.07.22-19.31.18:911][240]LogTexture: Display: Building textures: t_rubbermat_01_ao (AutoDXT, 2048X2048)
[2019.07.22-19.31.18:911][240]LogTexture: Display: Building textures: t_rubbermat_01_d (AutoDXT, 2048X2048)
[2019.07.22-19.31.18:911][240]LogMaterial: Display: Missing cached shader map for material m_diamond_pattern, compiling. 
[2019.07.22-19.31.19:075][240]LogShaderCompilers: Display: Shaders left to compile 31
[2019.07.22-19.31.19:075][240]LogShaderCompilers: Display: Shaders left to compile 21
[2019.07.22-19.31.19:075][240]LogShaderCompilers: Display: Shaders left to compile 11
[2019.07.22-19.31.19:075][240]LogShaderCompilers: Display: Shaders left to compile 1
[2019.07.22-19.31.21:995][359]Cmd: TRANSACTION UNDO
[2019.07.22-19.31.21:995][359]LogEditorTransaction: Undo Clicking on Components
[2019.07.22-19.31.25:724][530]LogEditorViewport: Clicking on Actor (LMB): BP_GA_Tile_Wall_E_C (BP_GA_Tile_Wall_E23)
[2019.07.22-19.31.26:475][585]LogEditorViewport: Clicking on Actor (LMB): BP_GA_Tile_Wall_E_C (BP_GA_Tile_Wall_E21)
[2019.07.22-19.31.26:650][595]LogEditorViewport: Clicking on Actor (double click): BP_GA_Tile_Wall_E_C (BP_GA_Tile_Wall_E23)
[2019.07.22-19.31.27:645][669]LogEditorViewport: Clicking on Actor (LMB): BP_GA_Tile_Wall_E_C (BP_GA_Tile_Wall_E23)
[2019.07.22-19.31.27:734][673]LogEditorViewport: Clicking on Component (LMB): StaticMeshComponent (StaticMesh1)
[2019.07.22-19.31.29:646][785]LogSlate: FSceneViewport::OnFocusLost() reason 0
[2019.07.22-19.31.32:511][ 17]LogEditorViewport: Clicking on Actor (LMB): BP_GridManager_C (BP_GridManager)
[2019.07.22-19.31.33:359][ 76]LogEditorViewport: Clicking on Actor (LMB): BP_GA_Tile_Wall_E_C (BP_GA_Tile_Wall_E23)
[2019.07.22-19.31.34:342][148]LogEditorViewport: Clicking on Actor (LMB): BP_GA_Tile_Wall_E_C (BP_GA_Tile_Wall_E22)
[2019.07.22-19.32.05:275][577]LogEditorViewport: Clicking on Actor (LMB): BP_GridManager_C (BP_GridManager)
[2019.07.22-19.32.07:711][749]LogEditorViewport: Clicking on Actor (LMB): BP_GA_Tile_Wall_E_C (BP_GA_Tile_Wall_E)
[2019.07.22-19.32.08:930][839]Cmd: EDIT COPY
[2019.07.22-19.32.09:178][857]Cmd: EDIT PASTE
[2019.07.22-19.32.12:842][130]Cmd: EDIT COPY
[2019.07.22-19.32.13:260][161]Cmd: EDIT PASTE
[2019.07.22-19.32.15:409][320]Cmd: EDIT COPY
[2019.07.22-19.32.15:608][335]Cmd: EDIT PASTE
[2019.07.22-19.32.16:910][429]Cmd: EDIT COPY
[2019.07.22-19.32.17:107][444]Cmd: EDIT PASTE
[2019.07.22-19.32.30:130][821]Cmd: EDIT COPY
[2019.07.22-19.32.31:075][893]Cmd: EDIT PASTE
[2019.07.22-19.32.33:303][ 58]Cmd: EDIT PASTE
[2019.07.22-19.32.35:440][216]Cmd: EDIT PASTE
[2019.07.22-19.33.34:251][716]Cmd: EDIT COPY
[2019.07.22-19.33.34:504][731]Cmd: EDIT PASTE
[2019.07.22-19.33.37:496][908]LogEditorViewport: Clicking on Actor (LMB): BP_GridManager_C (BP_GridManager)
[2019.07.22-19.33.42:391][198]LogEditorViewport: Clicking on Actor (LMB): BP_GA_Tile_Wall_E_C (BP_GA_Tile_Wall_E31)
[2019.07.22-19.33.43:173][243]Cmd: EDIT COPY
[2019.07.22-19.33.43:357][254]Cmd: EDIT PASTE
[2019.07.22-19.33.45:171][361]Cmd: EDIT PASTE
[2019.07.22-19.33.47:870][521]Cmd: EDIT COPY
[2019.07.22-19.33.48:087][534]Cmd: EDIT PASTE
[2019.07.22-19.33.49:001][587]Cmd: EDIT PASTE
[2019.07.22-19.33.51:565][739]Cmd: EDIT COPY
[2019.07.22-19.33.51:799][753]Cmd: EDIT PASTE
[2019.07.22-19.33.59:106][975]Cmd: EDIT COPY
[2019.07.22-19.33.59:341][989]Cmd: EDIT PASTE
[2019.07.22-19.34.01:116][ 93]Cmd: EDIT PASTE
[2019.07.22-19.34.03:375][226]LogEditorViewport: Clicking on Actor (LMB): BP_Sky_Sphere_C (Sky Sphere)
[2019.07.22-19.34.11:575][564]LogEditorViewport: Clicking on Actor (LMB): BP_GridManager_C (BP_GridManager)
[2019.07.22-19.34.12:442][614]LogEditorViewport: Clicking on Actor (LMB): BP_GA_Tile_Wall_E_C (BP_GA_Tile_Wall_E2)
[2019.07.22-19.34.13:342][666]Cmd: EDIT COPY
[2019.07.22-19.34.13:861][697]Cmd: EDIT PASTE
[2019.07.22-19.34.22:014][181]Cmd: EDIT COPY
[2019.07.22-19.34.22:782][227]Cmd: EDIT PASTE
[2019.07.22-19.34.23:969][296]Cmd: EDIT PASTE
[2019.07.22-19.34.25:355][377]Cmd: EDIT PASTE
[2019.07.22-19.34.29:180][604]Cmd: EDIT COPY
[2019.07.22-19.34.29:549][626]Cmd: EDIT PASTE
[2019.07.22-19.34.31:742][755]LogEditorViewport: Clicking on Actor (LMB): BP_GridManager_C (BP_GridManager)
[2019.07.22-19.34.32:962][826]LogEditorViewport: Clicking on Actor (LMB): BP_GA_Tile_Wall_E_C (BP_GA_Tile_Wall_E43)
[2019.07.22-19.34.37:920][120]Cmd: EDIT COPY
[2019.07.22-19.34.37:930][120]LogEditorViewport: Clicking on Actor (CTRL LMB): BP_GridManager_C (BP_GridManager)
[2019.07.22-19.34.38:717][163]LogEditorViewport: Clicking on Actor (LMB): BP_GridManager_C (BP_GridManager)
[2019.07.22-19.34.39:742][222]LogEditorViewport: Clicking on Actor (LMB): BP_GA_Tile_Wall_E_C (BP_GA_Tile_Wall_E43)
[2019.07.22-19.34.40:390][259]Cmd: EDIT COPY
[2019.07.22-19.34.40:585][270]LogEditorViewport: Clicking on Actor (CTRL LMB): BP_GridManager_C (BP_GridManager)
[2019.07.22-19.34.40:651][272]Cmd: EDIT PASTE
[2019.07.22-19.34.43:430][436]Cmd: EDIT COPY
[2019.07.22-19.34.49:856][819]Cmd: EDIT COPY
[2019.07.22-19.34.50:980][886]LogEditorViewport: Clicking on Actor (LMB): BP_GridManager_C (BP_GridManager)
[2019.07.22-19.34.51:602][921]LogEditorViewport: Clicking on Actor (LMB): BP_GA_Tile_Wall_E_C (BP_GA_Tile_Wall_E44)
[2019.07.22-19.34.55:804][171]Cmd: EDIT COPY
[2019.07.22-19.34.56:842][233]Cmd: EDIT PASTE
[2019.07.22-19.34.58:554][333]Cmd: EDIT PASTE
[2019.07.22-19.35.02:484][565]LogEditorViewport: Clicking on Actor (LMB): BP_Sky_Sphere_C (Sky Sphere)
[2019.07.22-19.35.21:181][281]LogSlate: FSceneViewport::OnFocusLost() reason 0
[2019.07.22-19.35.30:429][750]LogSlate: FSceneViewport::OnFocusLost() reason 0
[2019.07.22-19.36.37:455][765]LogEditorViewport: Clicking on Actor (LMB): BP_Sky_Sphere_C (Sky Sphere)
[2019.07.22-19.36.53:876][347]LogSlate: FSceneViewport::OnFocusLost() reason 0
[2019.07.22-19.36.56:191][477]Cmd: EDIT COPY
[2019.07.22-19.36.56:576][500]Cmd: EDIT PASTE
[2019.07.22-19.36.58:848][634]LogEditorViewport: Clicking on Actor (LMB): BP_Sky_Sphere_C (Sky Sphere)
[2019.07.22-19.37.06:752][917]LogEditorViewport: Clicking on Actor (LMB): BP_GA_Tile_Wall_C (BP_GA_Tile_Wall)
[2019.07.22-19.37.09:054][ 52]LogEditorViewport: Clicking on Actor (LMB): BP_GA_Tile_Wall_C (BP_GA_Tile_Wall2)
[2019.07.22-19.37.14:537][378]LogEditorViewport: Clicking on Actor (LMB): BP_Sky_Sphere_C (Sky Sphere)
[2019.07.22-19.37.23:113][666]LogSlate: FSceneViewport::OnFocusLost() reason 0
[2019.07.22-19.37.28:278][969]Cmd: EDIT COPY
[2019.07.22-19.37.29:035][ 14]Cmd: EDIT PASTE
[2019.07.22-19.37.31:338][150]Cmd: EDIT PASTE
[2019.07.22-19.37.33:510][278]Cmd: EDIT COPY
[2019.07.22-19.37.33:813][296]Cmd: EDIT PASTE
[2019.07.22-19.37.35:451][392]Cmd: EDIT PASTE
[2019.07.22-19.37.37:738][527]Cmd: EDIT PASTE
[2019.07.22-19.37.40:606][695]Cmd: EDIT COPY
[2019.07.22-19.37.40:823][708]Cmd: EDIT PASTE
[2019.07.22-19.37.42:160][786]Cmd: EDIT PASTE
[2019.07.22-19.37.48:253][ 13]LogEditorViewport: Clicking on Actor (LMB): BP_Sky_Sphere_C (Sky Sphere)
[2019.07.22-19.38.34:352][953]LogSavePackage: Moving '../../../../New-Frontier/New-Frontier/NewFrontierProjectUpdate/Saved/A1-2_Auto208C88AA34BC148BACB5D3AA8F0BCBDE3.tmp' to '../../../../New-Frontier/New-Frontier/NewFrontierProjectUpdate/Saved/Autosaves/Game/AdvancedTurnBasedTileToolkit/Maps/A1-2_Auto2.umap'
[2019.07.22-19.38.34:354][953]LogFileHelpers: Editor autosave (incl. sublevels) for '/Game/AdvancedTurnBasedTileToolkit/Maps/A1-2' took 0.299
[2019.07.22-19.38.34:354][953]LogFileHelpers: Editor autosave (incl. sublevels) for all levels took 0.299
[2019.07.22-19.39.20:425][687]LogEditorViewport: Clicking on Actor (LMB): BP_GA_Tile_Wall_Low_C (BP_GA_Tile_Wall_Low)
[2019.07.22-19.39.21:327][739]Cmd: EDIT COPY
[2019.07.22-19.39.26:506][863]Cmd: EDIT PASTE
[2019.07.22-19.39.31:394][154]Cmd: EDIT COPY
[2019.07.22-19.39.32:051][193]Cmd: EDIT PASTE
[2019.07.22-19.39.33:603][284]Cmd: EDIT PASTE
[2019.07.22-19.39.35:421][391]Cmd: EDIT PASTE
[2019.07.22-19.39.37:720][527]Cmd: EDIT PASTE
[2019.07.22-19.39.50:926][302]LogEditorViewport: Clicking on Actor (LMB): BP_GA_Tile_Wall_E_C (BP_GA_Tile_Wall_E45)
[2019.07.22-19.39.51:809][353]Cmd: EDIT COPY
[2019.07.22-19.39.52:062][368]Cmd: EDIT PASTE
[2019.07.22-19.40.16:155][479]Cmd: EDIT COPY
[2019.07.22-19.40.16:708][512]Cmd: EDIT PASTE
[2019.07.22-19.40.18:654][626]LogEditorViewport: Clicking on Actor (LMB): BP_GA_Tile_Wall_E_C (BP_GA_Tile_Wall_E47)
[2019.07.22-19.40.20:884][757]Cmd: EDIT PASTE
[2019.07.22-19.40.22:809][870]Cmd: EDIT PASTE
[2019.07.22-19.40.24:644][978]Cmd: EDIT PASTE
[2019.07.22-19.40.27:426][142]LogEditorViewport: Clicking on Actor (LMB): BP_GA_Tile_Wall_E_C (BP_GA_Tile_Wall_E41)
[2019.07.22-19.40.29:210][247]LogEditorViewport: Clicking on Actor (LMB): BP_GA_Tile_Wall_E_C (BP_GA_Tile_Wall_E43)
[2019.07.22-19.40.30:041][295]Cmd: EDIT COPY
[2019.07.22-19.40.30:326][312]Cmd: EDIT PASTE
[2019.07.22-19.40.38:127][774]Cmd: EDIT COPY
[2019.07.22-19.40.39:669][866]Cmd: EDIT PASTE
[2019.07.22-19.40.41:545][976]Cmd: EDIT PASTE
[2019.07.22-19.40.44:494][150]Cmd: EDIT PASTE
[2019.07.22-19.40.46:442][265]Cmd: EDIT PASTE
[2019.07.22-19.40.54:010][647]LogSlate: FSceneViewport::OnFocusLost() reason 0
[2019.07.22-19.40.57:321][839]Cmd: EDIT COPY
[2019.07.22-19.40.57:571][854]Cmd: EDIT PASTE
[2019.07.22-19.40.59:266][953]Cmd: EDIT PASTE
[2019.07.22-19.41.00:898][ 49]Cmd: EDIT PASTE
[2019.07.22-19.41.02:425][138]Cmd: EDIT PASTE
[2019.07.22-19.41.08:926][525]LogEditorViewport: Clicking on Actor (LMB): BP_GridManager_C (BP_GridManager)
[2019.07.22-19.41.23:055][158]LogEditorViewport: Clicking on Actor (LMB): BP_GA_Tile_Wall_E_C (BP_GA_Tile_Wall_E47)
[2019.07.22-19.41.27:523][423]LogEditorViewport: Clicking on Actor (LMB): BP_GA_Tile_Wall_E_C (BP_GA_Tile_Wall_E48)
[2019.07.22-19.41.30:070][573]LogEditorViewport: Clicking on Actor (LMB): BP_GridManager_C (BP_GridManager)
[2019.07.22-19.41.31:074][631]LogEditorViewport: Clicking on Actor (LMB): BP_GA_Tile_Wall_E_C (BP_GA_Tile_Wall_E49)
[2019.07.22-19.41.44:217][402]LogEditorViewport: Clicking on Actor (LMB): BP_GA_Tile_Wall_E_C (BP_GA_Tile_Wall_E57)
[2019.07.22-19.41.49:320][698]LogEditorViewport: Clicking on Actor (LMB): BP_GA_Tile_Wall_E_C (BP_GA_Tile_Wall_E60)
[2019.07.22-19.41.50:419][762]LogEditorViewport: Clicking on Actor (LMB): BP_GA_Tile_Wall_E_C (BP_GA_Tile_Wall_E61)
[2019.07.22-19.42.07:846][789]LogEditorViewport: Clicking on Actor (LMB): BP_GA_Tile_Wall_E_C (BP_GA_Tile_Wall_E57)
[2019.07.22-19.42.08:877][849]Cmd: EDIT COPY
[2019.07.22-19.42.09:116][863]Cmd: EDIT PASTE
[2019.07.22-19.42.13:623][129]LogEditorViewport: Clicking on Actor (LMB): BP_GA_Tile_Wall_E_C (BP_GA_Tile_Wall_E56)
[2019.07.22-19.42.14:341][170]Cmd: EDIT COPY
[2019.07.22-19.42.14:547][182]Cmd: EDIT PASTE
[2019.07.22-19.42.23:329][702]LogEditorViewport: Clicking on Actor (LMB): BP_GA_Tile_Wall_E_C (BP_GA_Tile_Wall_E47)
[2019.07.22-19.42.27:125][920]Cmd: EDIT COPY
[2019.07.22-19.42.34:725][375]Cmd: EDIT COPY
[2019.07.22-19.42.34:942][388]Cmd: EDIT PASTE
[2019.07.22-19.42.40:131][695]LogEditorViewport: Clicking on Actor (LMB): BP_GA_Tile_Wall_E_C (BP_GA_Tile_Wall_E63)
[2019.07.22-19.42.43:929][911]Cmd: EDIT COPY
[2019.07.22-19.42.44:267][931]Cmd: EDIT PASTE
[2019.07.22-19.43.29:902][507]LogEditorViewport: Clicking on Actor (LMB): BP_GA_Tile_Wall_E_C (BP_GA_Tile_Wall_E62)
[2019.07.22-19.43.40:758][145]LogEditorViewport: Clicking on Actor (LMB): BP_GA_Tile_Wall_E_C (BP_GA_Tile_Wall_E63)
[2019.07.22-19.43.42:276][234]Cmd: DELETE
[2019.07.22-19.43.42:276][234]Cmd: ACTOR DELETE
[2019.07.22-19.43.42:284][234]LogEditorActor: Deleted Actor: BP_GA_Tile_Wall_E_C
[2019.07.22-19.43.42:320][234]LogEditorActor: Deleted 1 Actors (0.044 secs)
[2019.07.22-19.44.10:090][892]Cmd: EDIT PASTE
[2019.07.22-19.44.11:480][973]Cmd: TRANSACTION UNDO
[2019.07.22-19.44.11:480][973]LogEditorTransaction: Undo Paste
[2019.07.22-19.44.13:038][ 55]LogEditorViewport: Clicking on Actor (LMB): BP_GA_Tile_Wall_E_C (BP_GA_Tile_Wall_E61)
[2019.07.22-19.44.17:973][335]Cmd: EDIT COPY
[2019.07.22-19.44.18:540][369]Cmd: EDIT PASTE
[2019.07.22-19.44.28:469][958]Cmd: EDIT COPY
[2019.07.22-19.44.29:121][997]Cmd: EDIT PASTE
[2019.07.22-19.44.45:481][969]LogEditorViewport: Clicking on Actor (LMB): BP_Sky_Sphere_C (Sky Sphere)
[2019.07.22-19.44.51:388][313]LogEditorViewport: Clicking on Actor (context menu): BP_GA_Tile_Wall_E_C (BP_GA_Tile_Wall_E69)
[2019.07.22-19.44.51:426][313]LogSlate: FSceneViewport::OnFocusLost() reason 2
[2019.07.22-19.44.51:865][334]LogSlate: FSceneViewport::OnFocusLost() reason 2
[2019.07.22-19.44.52:030][334]LogSlate: FSceneViewport::OnFocusLost() reason 2
[2019.07.22-19.44.52:117][334]LogContentBrowser: Verbose: The majority of assets in the view are of type: Blueprint
[2019.07.22-19.44.54:875][458]LogSlate: FSceneViewport::OnFocusLost() reason 0
[2019.07.22-19.44.54:947][462]LogSlate: Window 'Asset Audit' being destroyed
[2019.07.22-19.44.54:952][462]LogSlate: Window 'Asset Audit' being destroyed
[2019.07.22-19.44.56:584][560]LogEditorViewport: Clicking on Actor (LMB): BP_GA_Tile_Wall_E_C (BP_GA_Tile_Wall_E69)
[2019.07.22-19.44.57:602][620]Cmd: DELETE
[2019.07.22-19.44.57:602][620]Cmd: ACTOR DELETE
[2019.07.22-19.44.57:611][620]LogEditorActor: Deleted Actor: BP_GA_Tile_Wall_E_C
[2019.07.22-19.44.57:638][620]LogEditorActor: Deleted 1 Actors (0.036 secs)
[2019.07.22-19.45.21:383][ 44]LogEditorViewport: Clicking on Actor (LMB): BP_GA_Tile_Wall_E_C (BP_GA_Tile_Wall_E23)
[2019.07.22-19.45.22:288][ 96]Cmd: EDIT COPY
[2019.07.22-19.45.22:638][117]Cmd: EDIT PASTE
[2019.07.22-19.45.29:759][540]Cmd: EDIT COPY
[2019.07.22-19.45.30:029][556]Cmd: EDIT PASTE
[2019.07.22-19.45.44:124][393]LogEditorViewport: Clicking on Actor (LMB): BP_GA_Tile_Wall_E_C (BP_GA_Tile_Wall_E24)
[2019.07.22-19.45.44:976][442]Cmd: DELETE
[2019.07.22-19.45.44:976][442]Cmd: ACTOR DELETE
[2019.07.22-19.45.44:985][442]LogEditorActor: Deleted Actor: BP_GA_Tile_Wall_E_C
[2019.07.22-19.45.45:012][442]LogEditorActor: Deleted 1 Actors (0.035 secs)
[2019.07.22-19.45.46:053][505]LogEditorViewport: Clicking on Actor (LMB): BP_GA_Tile_Wall_E_C (BP_GA_Tile_Wall_E86)
[2019.07.22-19.45.48:169][628]LogEditorViewport: Clicking on Actor (LMB): BP_Sky_Sphere_C (Sky Sphere)
[2019.07.22-19.46.18:463][254]LogSlate: FSceneViewport::OnFocusLost() reason 0
[2019.07.22-19.46.20:274][355]Cmd: EDIT COPY
[2019.07.22-19.46.20:541][371]Cmd: EDIT PASTE
[2019.07.22-19.46.22:026][458]Cmd: EDIT PASTE
[2019.07.22-19.46.27:815][679]Cmd: EDIT COPY
[2019.07.22-19.46.27:998][690]Cmd: EDIT PASTE
[2019.07.22-19.46.30:156][817]LogEditorViewport: Clicking on Actor (LMB): BP_Sky_Sphere_C (Sky Sphere)
[2019.07.22-19.46.35:455][131]LogEditorViewport: Clicking on Actor (LMB): BP_GA_Tile_Wall_C (BP_GA_Tile_Wall3)
[2019.07.22-19.46.36:609][198]Cmd: DELETE
[2019.07.22-19.46.36:609][198]Cmd: ACTOR DELETE
[2019.07.22-19.46.36:617][198]LogEditorActor: Deleted Actor: BP_GA_Tile_Wall_C
[2019.07.22-19.46.36:645][198]LogEditorActor: Deleted 1 Actors (0.036 secs)
[2019.07.22-19.46.44:062][480]LogSlate: FSceneViewport::OnFocusLost() reason 0
[2019.07.22-19.46.46:054][595]Cmd: EDIT COPY
[2019.07.22-19.46.51:268][765]LogEditorViewport: Clicking on Actor (LMB): BP_GridManager_C (BP_GridManager)
[2019.07.22-19.46.51:836][797]Cmd: EDIT COPY
[2019.07.22-19.46.52:033][808]Cmd: EDIT PASTE
[2019.07.22-19.46.53:391][882]Cmd: TRANSACTION UNDO
[2019.07.22-19.46.53:392][882]LogEditorTransaction: Undo Paste
[2019.07.22-19.46.54:456][931]LogEditorViewport: Clicking on Actor (LMB): BP_GA_Tile_Wall_Low_C (BP_GA_Tile_Wall_Low21)
[2019.07.22-19.46.55:137][967]Cmd: EDIT COPY
[2019.07.22-19.46.55:441][984]Cmd: EDIT PASTE
[2019.07.22-19.46.56:790][ 58]Cmd: EDIT PASTE
[2019.07.22-19.46.58:982][187]LogEditorViewport: Clicking on Actor (LMB): BP_Sky_Sphere_C (Sky Sphere)
[2019.07.22-19.47.17:556][935]LogSlate: FSceneViewport::OnFocusLost() reason 0
[2019.07.22-19.47.22:292][213]Cmd: EDIT COPY
[2019.07.22-19.47.22:399][219]LogEditorViewport: Clicking on Actor (CTRL LMB): BP_GridManager_C (BP_GridManager)
[2019.07.22-19.47.22:536][225]Cmd: EDIT PASTE
[2019.07.22-19.47.25:340][392]Cmd: TRANSACTION UNDO
[2019.07.22-19.47.25:340][392]LogEditorTransaction: Undo Paste
[2019.07.22-19.47.28:973][580]LogEditorViewport: Clicking on Actor (LMB): BP_GridManager_C (BP_GridManager)
[2019.07.22-19.47.29:545][612]LogEditorViewport: Clicking on Actor (LMB): BP_GA_Tile_Wall_C (BP_GA_Tile_Wall3)
[2019.07.22-19.47.30:512][668]LogEditorViewport: Clicking on Actor (LMB): BP_Sky_Sphere_C (Sky Sphere)
[2019.07.22-19.47.31:234][709]LogEditorViewport: Clicking on Actor (LMB): BP_GA_Tile_Wall_C (BP_GA_Tile_Wall3)
[2019.07.22-19.47.32:020][754]Cmd: EDIT COPY
[2019.07.22-19.47.32:323][772]Cmd: EDIT PASTE
[2019.07.22-19.47.33:901][864]Cmd: EDIT PASTE
[2019.07.22-19.47.36:022][989]Cmd: EDIT COPY
[2019.07.22-19.47.36:241][  2]Cmd: EDIT PASTE
[2019.07.22-19.47.38:340][125]LogEditorViewport: Clicking on Actor (context menu): BP_GA_Tile_Wall_E_C (BP_GA_Tile_Wall_E52)
[2019.07.22-19.47.38:378][125]LogSlate: FSceneViewport::OnFocusLost() reason 2
[2019.07.22-19.47.39:025][162]LogEditorViewport: Clicking on Actor (LMB): BP_Sky_Sphere_C (Sky Sphere)
[2019.07.22-19.47.52:606][818]LogEditorViewport: Clicking on Actor (LMB): BP_GA_Tile_Wall_E_C (BP_GA_Tile_Wall_E51)
[2019.07.22-19.48.05:085][546]LogEditorViewport: Clicking on Actor (LMB): BP_Sky_Sphere_C (Sky Sphere)
[2019.07.22-19.48.16:844][229]Cmd: EDIT COPY
[2019.07.22-19.48.21:418][501]Cmd: EDIT PASTE
[2019.07.22-19.48.48:383][ 99]LogEditorViewport: Clicking on Actor (LMB): BP_Sky_Sphere_C (Sky Sphere2)
[2019.07.22-19.48.52:538][344]LogEditorViewport: Clicking on Actor (LMB): BP_GA_Tile_Wall_E_C (BP_GA_Tile_Wall_E70)
[2019.07.22-19.49.02:689][932]Cmd: EDIT COPY
[2019.07.22-19.49.04:549][ 43]Cmd: EDIT PASTE
[2019.07.22-19.49.46:692][552]LogEditorViewport: Clicking on Actor (LMB): BP_Sky_Sphere_C (Sky Sphere2)
[2019.07.22-19.49.56:434][126]LogEditorViewport: Clicking on Actor (LMB): BP_GA_Tile_Wall_E_C (BP_GA_Tile_Wall_E97)
[2019.07.22-19.50.00:008][338]Cmd: EDIT COPY
[2019.07.22-19.50.00:292][355]Cmd: EDIT PASTE
[2019.07.22-19.50.07:340][771]LogEditorViewport: Clicking on Actor (LMB): BP_GA_Tile_Wall_E_C (BP_GA_Tile_Wall_E97)
[2019.07.22-19.50.08:159][818]Cmd: DELETE
[2019.07.22-19.50.08:159][818]Cmd: ACTOR DELETE
[2019.07.22-19.50.08:173][818]LogEditorActor: Deleted Actor: BP_GA_Tile_Wall_E_C
[2019.07.22-19.50.08:211][818]LogEditorActor: Deleted 1 Actors (0.052 secs)
[2019.07.22-19.50.10:802][974]LogEditorViewport: Clicking on Actor (LMB): BP_GA_Tile_Wall_E_C (BP_GA_Tile_Wall_E60)
[2019.07.22-19.50.13:097][107]LogEditorViewport: Clicking on Actor (LMB): BP_Sky_Sphere_C (Sky Sphere2)
[2019.07.22-19.50.14:372][181]LogEditorViewport: Clicking on Actor (LMB): BP_GA_Tile_Wall_E_C (BP_GA_Tile_Wall_E61)
[2019.07.22-19.50.25:887][859]Cmd: EDIT COPY
[2019.07.22-19.50.26:523][897]Cmd: EDIT PASTE
[2019.07.22-19.50.43:237][879]Cmd: EDIT COPY
[2019.07.22-19.50.44:054][928]Cmd: EDIT PASTE
[2019.07.22-19.51.02:069][995]Cmd: EDIT COPY
[2019.07.22-19.51.02:866][ 42]Cmd: EDIT PASTE
[2019.07.22-19.51.11:612][558]LogEditorViewport: Clicking on Actor (LMB): BP_Sky_Sphere_C (Sky Sphere2)
[2019.07.22-19.51.59:456][876]LogSlate: FSceneViewport::OnFocusLost() reason 0
[2019.07.22-19.52.01:081][956]LogSlate: FSceneViewport::OnFocusLost() reason 0
[2019.07.22-19.52.02:406][ 19]LogSlate: FSceneViewport::OnFocusLost() reason 0
[2019.07.22-19.52.04:447][115]LogSlate: FSceneViewport::OnFocusLost() reason 0
[2019.07.22-19.52.06:250][199]LogSlate: FSceneViewport::OnFocusLost() reason 0
[2019.07.22-19.52.14:519][684]LogEditorViewport: Clicking on Actor (LMB): BP_GA_Tile_Wall_C (BP_GA_Tile_Wall13)
[2019.07.22-19.52.16:966][828]LogEditorViewport: Clicking on Actor (LMB): BP_Sky_Sphere_C (Sky Sphere2)
[2019.07.22-19.52.22:715][ 25]LogSlate: FSceneViewport::OnFocusLost() reason 0
[2019.07.22-19.52.24:601][133]LogEditorViewport: Clicking on Actor (LMB): BP_Sky_Sphere_C (Sky Sphere2)
[2019.07.22-19.52.33:292][484]LogSlate: FSceneViewport::OnFocusLost() reason 0
[2019.07.22-19.52.35:681][619]Cmd: EDIT COPY
[2019.07.22-19.52.36:184][649]Cmd: EDIT PASTE
[2019.07.22-19.52.37:214][708]LogEditorViewport: Clicking on Actor (LMB): BP_GA_Tile_Wall_Low_C (BP_GA_Tile_Wall_Low25)
[2019.07.22-19.52.39:081][817]Cmd: EDIT PASTE
[2019.07.22-19.52.40:040][873]Cmd: EDIT PASTE
[2019.07.22-19.52.42:449][ 15]Cmd: EDIT COPY
[2019.07.22-19.52.42:788][ 35]Cmd: EDIT PASTE
[2019.07.22-19.52.44:287][122]Cmd: EDIT PASTE
[2019.07.22-19.52.46:295][240]Cmd: EDIT PASTE
[2019.07.22-19.52.49:715][442]LogEditorViewport: Clicking on Actor (LMB): BP_Sky_Sphere_C (Sky Sphere2)
[2019.07.22-19.53.31:765][849]LogSlate: FSceneViewport::OnFocusLost() reason 2
[2019.07.22-19.53.32:243][849]LogSavePackage: Moving '../../../../New-Frontier/New-Frontier/NewFrontierProjectUpdate/Saved/A1-2_Auto353561C6949456C8D3070C7A24AEEBA82.tmp' to '../../../../New-Frontier/New-Frontier/NewFrontierProjectUpdate/Saved/Autosaves/Game/AdvancedTurnBasedTileToolkit/Maps/A1-2_Auto3.umap'
[2019.07.22-19.53.32:246][849]LogFileHelpers: Editor autosave (incl. sublevels) for '/Game/AdvancedTurnBasedTileToolkit/Maps/A1-2' took 0.455
[2019.07.22-19.53.32:246][849]LogFileHelpers: Editor autosave (incl. sublevels) for all levels took 0.455
[2019.07.22-19.54.05:368][788]LogEditorViewport: Clicking on Actor (LMB): BP_GA_Tile_Wall_E_C (BP_GA_Tile_Wall_E111)
[2019.07.22-19.54.06:290][841]Cmd: EDIT COPY
[2019.07.22-19.54.06:556][857]Cmd: EDIT PASTE
[2019.07.22-19.54.08:847][992]Cmd: EDIT PASTE
[2019.07.22-19.54.15:217][370]LogEditorViewport: Clicking on Actor (LMB): BP_GA_Tile_Wall_E_C (BP_GA_Tile_Wall_E125)
[2019.07.22-19.54.18:401][559]LogEditorViewport: Clicking on Actor (LMB): BP_GA_Tile_Wall_E_C (BP_GA_Tile_Wall_E69)
[2019.07.22-19.54.20:539][684]LogEditorViewport: Clicking on Actor (LMB): BP_GA_Tile_Wall_E_C (BP_GA_Tile_Wall_E125)
[2019.07.22-19.54.22:348][789]LogEditorViewport: Clicking on Actor (LMB): BP_GA_Tile_Wall_E_C (BP_GA_Tile_Wall_E69)
[2019.07.22-19.54.37:756][705]LogEditorViewport: Clicking on Actor (LMB): BP_GridManager_C (BP_GridManager)
[2019.07.22-19.54.38:247][732]LogEditorViewport: Clicking on Actor (LMB): BP_GA_Tile_Wall_E_C (BP_GA_Tile_Wall_E85)
[2019.07.22-19.54.39:803][823]Cmd: EDIT COPY
[2019.07.22-19.54.40:141][843]Cmd: EDIT PASTE
[2019.07.22-19.54.41:940][948]Cmd: EDIT PASTE
[2019.07.22-19.54.43:422][ 34]Cmd: EDIT PASTE
[2019.07.22-19.54.47:887][298]LogEditorViewport: Clicking on Actor (LMB): BP_GA_Tile_Wall_E_C (BP_GA_Tile_Wall_E86)
[2019.07.22-19.54.48:657][342]Cmd: EDIT COPY
[2019.07.22-19.54.48:823][352]Cmd: EDIT PASTE
[2019.07.22-19.54.57:099][841]LogEditorViewport: Clicking on Actor (LMB): BP_Sky_Sphere_C (Sky Sphere2)
[2019.07.22-19.55.34:214][ 59]LogEditorViewport: Clicking on Actor (LMB): BP_GA_Tile_Wall_E_C (BP_GA_Tile_Wall_E117)
[2019.07.22-19.55.35:083][109]Cmd: EDIT COPY
[2019.07.22-19.55.35:287][121]Cmd: EDIT PASTE
[2019.07.22-19.55.36:357][183]Cmd: EDIT PASTE
[2019.07.22-19.55.38:699][319]LogEditorViewport: Clicking on Actor (LMB): BP_Sky_Sphere_C (Sky Sphere)
[2019.07.22-19.55.41:710][474]LogSlate: FSceneViewport::OnFocusLost() reason 0
[2019.07.22-19.55.42:245][477]LogSavePackage: Moving '../../../../New-Frontier/New-Frontier/NewFrontierProjectUpdate/Saved/A1-2D21B0A6741B975B4ABF636BFE1F38378.tmp' to '../../../../New-Frontier/New-Frontier/NewFrontierProjectUpdate/Content/AdvancedTurnBasedTileToolkit/Maps/A1-2.umap'
[2019.07.22-19.55.59:657][238]LogSlate: FSceneViewport::OnFocusLost() reason 0
[2019.07.22-19.56.08:501][649]Cmd: EDIT COPY
[2019.07.22-19.56.08:819][668]Cmd: EDIT PASTE
[2019.07.22-19.56.14:306][871]LogEditorViewport: Clicking on Actor (LMB): BP_Sky_Sphere_C (Sky Sphere)
[2019.07.22-19.56.21:589][158]LogEditorViewport: Clicking on Actor (LMB): BP_GA_Tile_Wall_C (BP_GA_Tile_Wall16)
[2019.07.22-19.56.22:407][205]Cmd: EDIT COPY
[2019.07.22-19.56.22:940][237]Cmd: EDIT PASTE
[2019.07.22-19.56.28:759][584]Cmd: EDIT COPY
[2019.07.22-19.56.29:064][602]Cmd: EDIT PASTE
[2019.07.22-19.56.30:661][695]LogEditorViewport: Clicking on Actor (LMB): BP_Sky_Sphere_C (Sky Sphere2)
[2019.07.22-19.56.33:016][833]LogEditorViewport: Clicking on Actor (LMB): BP_GA_Tile_Wall_E_C (BP_GA_Tile_Wall_E130)
[2019.07.22-19.56.35:324][969]LogEditorViewport: Clicking on Actor (LMB): BP_GA_Tile_Wall_C (BP_GA_Tile_Wall18)
[2019.07.22-19.56.38:387][148]LogEditorViewport: Clicking on Actor (LMB): BP_Sky_Sphere_C (Sky Sphere2)
[2019.07.22-19.56.50:600][868]LogEditorViewport: Clicking on Actor (LMB): BP_GA_Tile_Wall_E_C (BP_GA_Tile_Wall_E129)
[2019.07.22-19.56.51:518][921]Cmd: EDIT COPY
[2019.07.22-19.56.51:718][933]Cmd: EDIT PASTE
[2019.07.22-19.56.53:831][ 57]Cmd: EDIT COPY
[2019.07.22-19.56.53:998][ 67]Cmd: EDIT PASTE
[2019.07.22-19.56.55:481][154]Cmd: EDIT PASTE
[2019.07.22-19.56.58:693][344]Cmd: EDIT PASTE
[2019.07.22-19.57.00:877][473]Cmd: EDIT PASTE
[2019.07.22-19.57.02:375][560]Cmd: EDIT PASTE
[2019.07.22-19.57.04:121][662]Cmd: EDIT PASTE
[2019.07.22-19.57.18:490][162]LogEditorViewport: Clicking on Actor (LMB): BP_GA_Tile_Wall_E_C (BP_GA_Tile_Wall_E133)
[2019.07.22-19.57.18:876][183]LogEditorViewport: Clicking on Actor (LMB): BP_GA_Tile_Wall_E_C (BP_GA_Tile_Wall_E134)
[2019.07.22-19.57.19:372][211]LogEditorViewport: Clicking on Actor (LMB): BP_GA_Tile_Wall_E_C (BP_GA_Tile_Wall_E135)
[2019.07.22-19.57.19:987][246]LogEditorViewport: Clicking on Actor (LMB): BP_GA_Tile_Wall_E_C (BP_GA_Tile_Wall_E136)
[2019.07.22-19.57.20:719][288]LogEditorViewport: Clicking on Actor (LMB): BP_GA_Tile_Wall_E_C (BP_GA_Tile_Wall_E137)
[2019.07.22-19.57.23:833][473]LogEditorViewport: Clicking on Actor (LMB): BP_GA_Tile_Wall_E_C (BP_GA_Tile_Wall_E138)
[2019.07.22-19.57.25:331][561]Cmd: DELETE
[2019.07.22-19.57.25:331][561]Cmd: ACTOR DELETE
[2019.07.22-19.57.25:344][561]LogEditorActor: Deleted Actor: BP_GA_Tile_Wall_E_C
[2019.07.22-19.57.25:373][561]LogEditorActor: Deleted 1 Actors (0.042 secs)
[2019.07.22-19.57.27:498][689]LogEditorViewport: Clicking on Actor (LMB): BP_GA_Tile_Wall_E_C (BP_GA_Tile_Wall_E118)
[2019.07.22-19.57.28:466][745]Cmd: EDIT COPY
[2019.07.22-19.57.29:366][799]Cmd: EDIT PASTE
[2019.07.22-19.57.33:509][ 45]LogEditorViewport: Clicking on Actor (LMB): BP_GA_Tile_Wall_E_C (BP_GA_Tile_Wall_E139)
[2019.07.22-19.57.34:322][ 92]LogEditorViewport: Clicking on Actor (LMB): BP_GA_Tile_Wall_E_C (BP_GA_Tile_Wall_E138)
[2019.07.22-19.57.35:122][138]Cmd: EDIT COPY
[2019.07.22-19.57.35:305][149]Cmd: EDIT PASTE
[2019.07.22-19.57.37:257][264]Cmd: EDIT PASTE
[2019.07.22-19.57.38:652][345]Cmd: EDIT PASTE
[2019.07.22-19.57.40:321][443]Cmd: EDIT PASTE
[2019.07.22-19.57.41:974][540]Cmd: EDIT PASTE
[2019.07.22-19.57.43:789][646]Cmd: EDIT PASTE
[2019.07.22-19.57.45:467][744]Cmd: EDIT PASTE
[2019.07.22-19.57.49:323][971]Cmd: EDIT COPY
[2019.07.22-19.57.49:494][981]Cmd: EDIT PASTE
[2019.07.22-19.57.50:874][ 61]Cmd: EDIT PASTE
[2019.07.22-19.57.52:556][159]Cmd: EDIT PASTE
[2019.07.22-19.57.54:355][264]Cmd: EDIT PASTE
[2019.07.22-19.57.57:719][463]Cmd: EDIT PASTE
[2019.07.22-19.57.59:349][558]Cmd: EDIT PASTE
[2019.07.22-19.58.01:197][666]Cmd: EDIT PASTE
[2019.07.22-19.58.03:078][776]Cmd: EDIT PASTE
[2019.07.22-19.58.06:683][987]LogEditorViewport: Clicking on Actor (LMB): BP_Sky_Sphere_C (Sky Sphere)
[2019.07.22-19.58.27:636][ 36]LogSlate: FSceneViewport::OnFocusLost() reason 0
[2019.07.22-19.58.34:473][301]Cmd: EDIT COPY
[2019.07.22-19.58.34:726][316]Cmd: EDIT PASTE
[2019.07.22-19.58.38:571][542]Cmd: EDIT COPY
[2019.07.22-19.58.38:804][556]Cmd: EDIT PASTE
[2019.07.22-19.58.41:507][715]Cmd: EDIT PASTE
[2019.07.22-19.58.43:961][859]Cmd: EDIT PASTE
[2019.07.22-19.58.48:937][154]LogEditorViewport: Clicking on Actor (LMB): BP_Sky_Sphere_C (Sky Sphere)
[2019.07.22-19.58.54:340][472]LogEditorViewport: Clicking on Actor (LMB): BP_GA_Tile_Wall_E_C (BP_GA_Tile_Wall_E139)
[2019.07.22-19.58.55:277][526]LogEditorViewport: Clicking on Actor (LMB): BP_GA_Tile_Wall_E_C (BP_GA_Tile_Wall_E137)
[2019.07.22-19.58.57:227][640]LogEditorViewport: Clicking on Actor (LMB): BP_Sky_Sphere_C (Sky Sphere)
[2019.07.22-19.59.10:677][155]LogSlate: FSceneViewport::OnFocusLost() reason 0
[2019.07.22-19.59.12:774][285]Cmd: EDIT COPY
[2019.07.22-19.59.12:968][299]Cmd: EDIT PASTE
[2019.07.22-19.59.14:790][427]LogEditorViewport: Clicking on Actor (LMB): BP_Sky_Sphere_C (Sky Sphere2)
[2019.07.22-19.59.27:996][722]LogEditorViewport: Clicking on Actor (LMB): BP_GA_Tile_Wall_Low_C (BP_GA_Tile_Wall_Low40)
[2019.07.22-19.59.29:361][816]Cmd: EDIT COPY
[2019.07.22-19.59.29:609][834]Cmd: EDIT PASTE
[2019.07.22-19.59.32:942][ 70]Cmd: EDIT PASTE
[2019.07.22-19.59.36:872][349]LogEditorViewport: Clicking on Actor (LMB): BP_GridManager_C (BP_GridManager)
[2019.07.22-19.59.37:332][377]LogEditorViewport: Clicking on Actor (LMB): BP_GA_Tile_Wall_Low_C (BP_GA_Tile_Wall_Low45)
[2019.07.22-19.59.38:974][492]Cmd: EDIT PASTE
[2019.07.22-19.59.41:807][694]LogEditorViewport: Clicking on Actor (LMB): BP_Sky_Sphere_C (Sky Sphere2)
[2019.07.22-20.00.06:814][433]LogSlate: FSceneViewport::OnFocusLost() reason 0
[2019.07.22-20.00.07:444][443]LogSavePackage: Moving '../../../../New-Frontier/New-Frontier/NewFrontierProjectUpdate/Saved/A1-23F1003F843BBF0C36F08ABA769B58007.tmp' to '../../../../New-Frontier/New-Frontier/NewFrontierProjectUpdate/Content/AdvancedTurnBasedTileToolkit/Maps/A1-2.umap'
[2019.07.22-20.00.57:486][531]LogEditorViewport: Clicking on Actor (LMB): BP_Sky_Sphere_C (Sky Sphere2)
[2019.07.22-20.00.58:402][594]LogEditorViewport: Clicking on Actor (LMB): BP_Sky_Sphere_C (Sky Sphere2)
[2019.07.22-20.00.59:608][675]LogEditorViewport: Clicking on Actor (LMB): BP_Sky_Sphere_C (Sky Sphere2)
[2019.07.22-20.01.19:381][853]LogSlate: FSceneViewport::OnFocusLost() reason 0
[2019.07.22-20.01.21:483][994]Cmd: EDIT COPY
[2019.07.22-20.01.23:066][110]Cmd: EDIT PASTE
[2019.07.22-20.01.23:976][176]Cmd: EDIT PASTE
[2019.07.22-20.01.25:556][291]Cmd: EDIT PASTE
[2019.07.22-20.01.27:639][445]Cmd: EDIT PASTE
[2019.07.22-20.01.32:822][816]Cmd: EDIT COPY
[2019.07.22-20.01.33:017][830]Cmd: EDIT PASTE
[2019.07.22-20.01.34:870][964]LogEditorViewport: Clicking on Actor (LMB): BP_Sky_Sphere_C (Sky Sphere2)
[2019.07.22-20.01.38:302][198]LogEditorViewport: Clicking on Actor (LMB): BP_Sky_Sphere_C (Sky Sphere2)
