Log file open, 02/17/19 19:21:53
LogWindows: Failed to load 'aqProf.dll' (GetLastError=126)
LogWindows: File 'aqProf.dll' does not exist
LogWindows: Failed to load 'VSPerf140.dll' (GetLastError=126)
LogWindows: File 'VSPerf140.dll' does not exist
LogWindows: Failed to load 'VtuneApi.dll' (GetLastError=126)
LogWindows: File 'VtuneApi.dll' does not exist
LogWindows: Failed to load 'VtuneApi32e.dll' (GetLastError=126)
LogWindows: File 'VtuneApi32e.dll' does not exist
LogInit: Display: Running engine for game: NewFrontierProject
LogPlatformFile: Not using cached read wrapper
LogInit: Display: RandInit(-1329093036) SRandInit(-1329093036).
LogInit: Read version file with build ID '3709383'
LogInit: Overriding engine version to CL 3832480, compatible CL 3709383
LogInit: Registered custom module enumerator with build ID '3709383'
LogTaskGraph: Started task graph with 5 named threads and 14 total threads with 3 sets of task threads.
LogStats: Stats thread started at 0.162084
LogD3D11RHI: Aftermath initialized
LogModuleManager: Display: Found up-to-date module file ../../../Engine/Plugins/2D/Paper2D/Binaries/Win64/UE4Editor-Paper2D.dll (API version 3709383).
LogModuleManager: Display: Found up-to-date module file ../../../Engine/Plugins/2D/Paper2D/Binaries/Win64/UE4Editor-Paper2DEditor.dll (API version 3709383).
LogModuleManager: Display: Found up-to-date module file ../../../Engine/Plugins/2D/Paper2D/Binaries/Win64/UE4Editor-PaperSpriteSheetImporter.dll (API version 3709383).
LogModuleManager: Display: Found up-to-date module file ../../../Engine/Plugins/2D/Paper2D/Binaries/Win64/UE4Editor-PaperTiledImporter.dll (API version 3709383).
LogModuleManager: Display: Found up-to-date module file ../../../Engine/Plugins/2D/Paper2D/Binaries/Win64/UE4Editor-SmartSnapping.dll (API version 3709383).
LogModuleManager: Display: Found up-to-date module file ../../../Engine/Plugins/Blendables/LightPropagationVolume/Binaries/Win64/UE4Editor-LightPropagationVolumeRuntime.dll (API version 3709383).
LogModuleManager: Display: Found up-to-date module file ../../../Engine/Plugins/Blendables/LightPropagationVolume/Binaries/Win64/UE4Editor-LightPropagationVolumeEditor.dll (API version 3709383).
LogModuleManager: Display: Found up-to-date module file ../../../Engine/Plugins/Developer/GitSourceControl/Binaries/Win64/UE4Editor-GitSourceControl.dll (API version 3709383).
LogModuleManager: Display: Found up-to-date module file ../../../Engine/Plugins/Developer/PerforceSourceControl/Binaries/Win64/UE4Editor-PerforceSourceControl.dll (API version 3709383).
LogModuleManager: Display: Found up-to-date module file ../../../Engine/Plugins/Developer/SubversionSourceControl/Binaries/Win64/UE4Editor-SubversionSourceControl.dll (API version 3709383).
LogModuleManager: Display: Found up-to-date module file ../../../Engine/Plugins/Developer/UObjectPlugin/Binaries/Win64/UE4Editor-UObjectPlugin.dll (API version 3709383).
LogModuleManager: Display: Found up-to-date module file ../../../Engine/Plugins/Developer/VisualStudioCodeSourceCodeAccess/Binaries/Win64/UE4Editor-VisualStudioCodeSourceCodeAccess.dll (API version 3709383).
LogModuleManager: Display: Found up-to-date module file ../../../Engine/Plugins/Developer/VisualStudioSourceCodeAccess/Binaries/Win64/UE4Editor-VisualStudioSourceCodeAccess.dll (API version 3709383).
LogModuleManager: Display: Found up-to-date module file ../../../Engine/Plugins/Editor/AssetManagerEditor/Binaries/Win64/UE4Editor-AssetManagerEditor.dll (API version 3709383).
LogModuleManager: Display: Found up-to-date module file ../../../Engine/Plugins/Editor/AudioCapture/Binaries/Win64/UE4Editor-AudioCapture.dll (API version 3709383).
LogModuleManager: Display: Found up-to-date module file ../../../Engine/Plugins/Editor/FacialAnimation/Binaries/Win64/UE4Editor-FacialAnimation.dll (API version 3709383).
LogModuleManager: Display: Found up-to-date module file ../../../Engine/Plugins/Editor/FacialAnimation/Binaries/Win64/UE4Editor-FacialAnimationEditor.dll (API version 3709383).
LogModuleManager: Display: Found up-to-date module file ../../../Engine/Plugins/Editor/GameplayTagsEditor/Binaries/Win64/UE4Editor-GameplayTagsEditor.dll (API version 3709383).
LogModuleManager: Display: Found up-to-date module file ../../../Engine/Plugins/Editor/MobileLauncherProfileWizard/Binaries/Win64/UE4Editor-MobileLauncherProfileWizard.dll (API version 3709383).
LogModuleManager: Display: Found up-to-date module file ../../../Engine/Plugins/Editor/PluginBrowser/Binaries/Win64/UE4Editor-PluginBrowser.dll (API version 3709383).
LogModuleManager: Display: Found up-to-date module file ../../../Engine/Plugins/Editor/SpeedTreeImporter/Binaries/Win64/UE4Editor-SpeedTreeImporter.dll (API version 3709383).
LogModuleManager: Display: Found up-to-date module file ../../../Engine/Plugins/Experimental/AlembicImporter/Binaries/Win64/UE4Editor-AlembicImporter.dll (API version 3709383).
LogModuleManager: Display: Found up-to-date module file ../../../Engine/Plugins/Experimental/AlembicImporter/Binaries/Win64/UE4Editor-AlembicLibrary.dll (API version 3709383).
LogModuleManager: Display: Found up-to-date module file ../../../Engine/Plugins/Experimental/CharacterAI/Binaries/Win64/UE4Editor-CharacterAI.dll (API version 3709383).
LogModuleManager: Display: Found up-to-date module file ../../../Engine/Plugins/Experimental/HTML5Networking/Binaries/Win64/UE4Editor-HTML5Networking.dll (API version 3709383).
LogModuleManager: Display: Found up-to-date module file ../../../Engine/Plugins/Media/AndroidMedia/Binaries/Win64/UE4Editor-AndroidMediaEditor.dll (API version 3709383).
LogModuleManager: Display: Found up-to-date module file ../../../Engine/Plugins/Media/AndroidMedia/Binaries/Win64/UE4Editor-AndroidMediaFactory.dll (API version 3709383).
LogModuleManager: Display: Found up-to-date module file ../../../Engine/Plugins/Media/AvfMedia/Binaries/Win64/UE4Editor-AvfMediaEditor.dll (API version 3709383).
LogModuleManager: Display: Found up-to-date module file ../../../Engine/Plugins/Media/AvfMedia/Binaries/Win64/UE4Editor-AvfMediaFactory.dll (API version 3709383).
LogModuleManager: Display: Found up-to-date module file ../../../Engine/Plugins/Media/AvfMedia/Binaries/Win64/UE4Editor-AvfMediaFactory.dll (API version 3709383).
LogModuleManager: Display: Found up-to-date module file ../../../Engine/Plugins/Media/ImgMedia/Binaries/Win64/UE4Editor-ImgMedia.dll (API version 3709383).
LogModuleManager: Display: Found up-to-date module file ../../../Engine/Plugins/Media/ImgMedia/Binaries/Win64/UE4Editor-ImgMediaEditor.dll (API version 3709383).
LogModuleManager: Display: Found up-to-date module file ../../../Engine/Plugins/Media/ImgMedia/Binaries/Win64/UE4Editor-ImgMediaFactory.dll (API version 3709383).
LogModuleManager: Display: Found up-to-date module file ../../../Engine/Plugins/Media/ImgMedia/Binaries/Win64/UE4Editor-ImgMediaFactory.dll (API version 3709383).
LogModuleManager: Display: Found up-to-date module file ../../../Engine/Plugins/Media/ImgMedia/Binaries/Win64/UE4Editor-OpenExrWrapper.dll (API version 3709383).
LogModuleManager: Display: Found up-to-date module file ../../../Engine/Plugins/Media/MediaCompositing/Binaries/Win64/UE4Editor-MediaCompositing.dll (API version 3709383).
LogModuleManager: Display: Found up-to-date module file ../../../Engine/Plugins/Media/MediaCompositing/Binaries/Win64/UE4Editor-MediaCompositingEditor.dll (API version 3709383).
LogModuleManager: Display: Found up-to-date module file ../../../Engine/Plugins/Media/MediaPlayerEditor/Binaries/Win64/UE4Editor-MediaPlayerEditor.dll (API version 3709383).
LogModuleManager: Display: Found up-to-date module file ../../../Engine/Plugins/Media/WmfMedia/Binaries/Win64/UE4Editor-WmfMedia.dll (API version 3709383).
LogModuleManager: Display: Found up-to-date module file ../../../Engine/Plugins/Media/WmfMedia/Binaries/Win64/UE4Editor-WmfMediaEditor.dll (API version 3709383).
LogModuleManager: Display: Found up-to-date module file ../../../Engine/Plugins/Media/WmfMedia/Binaries/Win64/UE4Editor-WmfMediaFactory.dll (API version 3709383).
LogModuleManager: Display: Found up-to-date module file ../../../Engine/Plugins/Media/WmfMedia/Binaries/Win64/UE4Editor-WmfMediaFactory.dll (API version 3709383).
LogModuleManager: Display: Found up-to-date module file ../../../Engine/Plugins/Messaging/TcpMessaging/Binaries/Win64/UE4Editor-TcpMessaging.dll (API version 3709383).
LogModuleManager: Display: Found up-to-date module file ../../../Engine/Plugins/Messaging/UdpMessaging/Binaries/Win64/UE4Editor-UdpMessaging.dll (API version 3709383).
LogModuleManager: Display: Found up-to-date module file ../../../Engine/Plugins/MovieScene/ActorSequence/Binaries/Win64/UE4Editor-ActorSequence.dll (API version 3709383).
LogModuleManager: Display: Found up-to-date module file ../../../Engine/Plugins/MovieScene/LevelSequenceEditor/Binaries/Win64/UE4Editor-LevelSequenceEditor.dll (API version 3709383).
LogModuleManager: Display: Found up-to-date module file ../../../Engine/Plugins/MovieScene/MatineeToLevelSequence/Binaries/Win64/UE4Editor-MatineeToLevelSequence.dll (API version 3709383).
LogModuleManager: Display: Found up-to-date module file ../../../Engine/Plugins/Online/OnlineSubsystem/Binaries/Win64/UE4Editor-OnlineSubsystem.dll (API version 3709383).
LogModuleManager: Display: Found up-to-date module file ../../../Engine/Plugins/Runtime/AndroidPermission/Binaries/Win64/UE4Editor-AndroidPermission.dll (API version 3709383).
LogModuleManager: Display: Found up-to-date module file ../../../Engine/Plugins/Online/OnlineSubsystemNull/Binaries/Win64/UE4Editor-OnlineSubsystemNull.dll (API version 3709383).
LogModuleManager: Display: Found up-to-date module file ../../../Engine/Plugins/Online/OnlineSubsystemUtils/Binaries/Win64/UE4Editor-OnlineSubsystemUtils.dll (API version 3709383).
LogModuleManager: Display: Found up-to-date module file ../../../Engine/Plugins/Online/OnlineSubsystemUtils/Binaries/Win64/UE4Editor-OnlineBlueprintSupport.dll (API version 3709383).
LogModuleManager: Display: Found up-to-date module file ../../../Engine/Plugins/Runtime/AndroidDeviceProfileSelector/Binaries/Win64/UE4Editor-AndroidDeviceProfileSelector.dll (API version 3709383).
LogModuleManager: Display: Found up-to-date module file ../../../Engine/Plugins/Runtime/AppleARKit/Binaries/Win64/UE4Editor-AppleARKit.dll (API version 3709383).
LogModuleManager: Display: Found up-to-date module file ../../../Engine/Plugins/Runtime/ArchVisCharacter/Binaries/Win64/UE4Editor-ArchVisCharacter.dll (API version 3709383).
LogModuleManager: Display: Found up-to-date module file ../../../Engine/Plugins/Runtime/CableComponent/Binaries/Win64/UE4Editor-CableComponent.dll (API version 3709383).
LogModuleManager: Display: Found up-to-date module file ../../../Engine/Plugins/Runtime/CustomMeshComponent/Binaries/Win64/UE4Editor-CustomMeshComponent.dll (API version 3709383).
LogModuleManager: Display: Found up-to-date module file ../../../Engine/Plugins/Runtime/ExampleDeviceProfileSelector/Binaries/Win64/UE4Editor-ExampleDeviceProfileSelector.dll (API version 3709383).
LogModuleManager: Display: Found up-to-date module file ../../../Engine/Plugins/Runtime/ImmediatePhysics/Binaries/Win64/UE4Editor-ImmediatePhysics.dll (API version 3709383).
LogModuleManager: Display: Found up-to-date module file ../../../Engine/Plugins/Runtime/ImmediatePhysics/Binaries/Win64/UE4Editor-ImmediatePhysicsEditor.dll (API version 3709383).
LogModuleManager: Display: Found up-to-date module file ../../../Engine/Plugins/Runtime/LocationServicesBPLibrary/Binaries/Win64/UE4Editor-LocationServicesBPLibrary.dll (API version 3709383).
LogModuleManager: Display: Found up-to-date module file ../../../Engine/Plugins/Runtime/MobilePatchingUtils/Binaries/Win64/UE4Editor-MobilePatchingUtils.dll (API version 3709383).
LogModuleManager: Display: Found up-to-date module file ../../../Engine/Plugins/Runtime/Oculus/OculusVR/Binaries/Win64/UE4Editor-OculusHMD.dll (API version 3709383).
LogModuleManager: Display: Found up-to-date module file ../../../Engine/Plugins/Runtime/Oculus/OculusVR/Binaries/Win64/UE4Editor-OculusInput.dll (API version 3709383).
LogModuleManager: Display: Found up-to-date module file ../../../Engine/Plugins/Runtime/Oculus/OculusVR/Binaries/Win64/UE4Editor-OculusEditor.dll (API version 3709383).
LogModuleManager: Display: Found up-to-date module file ../../../Engine/Plugins/Runtime/PhysXVehicles/Binaries/Win64/UE4Editor-PhysXVehicles.dll (API version 3709383).
LogModuleManager: Display: Found up-to-date module file ../../../Engine/Plugins/Runtime/PhysXVehicles/Binaries/Win64/UE4Editor-PhysXVehiclesEditor.dll (API version 3709383).
LogModuleManager: Display: Found up-to-date module file ../../../Engine/Plugins/Runtime/ProceduralMeshComponent/Binaries/Win64/UE4Editor-ProceduralMeshComponent.dll (API version 3709383).
LogModuleManager: Display: Found up-to-date module file ../../../Engine/Plugins/Runtime/ProceduralMeshComponent/Binaries/Win64/UE4Editor-ProceduralMeshComponentEditor.dll (API version 3709383).
LogModuleManager: Display: Found up-to-date module file ../../../Engine/Plugins/Runtime/RuntimePhysXCooking/Binaries/Win64/UE4Editor-RuntimePhysXCooking.dll (API version 3709383).
LogModuleManager: Display: Found up-to-date module file ../../../Engine/Plugins/Runtime/Steam/SteamVR/Binaries/Win64/UE4Editor-SteamVR.dll (API version 3709383).
LogModuleManager: Display: Found up-to-date module file ../../../Engine/Plugins/Runtime/Steam/SteamVR/Binaries/Win64/UE4Editor-SteamVRController.dll (API version 3709383).
LogModuleManager: Display: Found up-to-date module file ../../../Engine/Plugins/Runtime/WindowsMoviePlayer/Binaries/Win64/UE4Editor-WindowsMoviePlayer.dll (API version 3709383).
LogPluginManager: Mounting plugin Paper2D
LogPluginManager: Mounting plugin LightPropagationVolume
LogPluginManager: Mounting plugin CodeLiteSourceCodeAccess
LogPluginManager: Mounting plugin GitSourceControl
LogPluginManager: Mounting plugin KDevelopSourceCodeAccess
LogPluginManager: Mounting plugin NullSourceCodeAccess
LogPluginManager: Mounting plugin PerforceSourceControl
LogPluginManager: Mounting plugin SubversionSourceControl
LogPluginManager: Mounting plugin UObjectPlugin
LogPluginManager: Mounting plugin VisualStudioCodeSourceCodeAccess
LogPluginManager: Mounting plugin VisualStudioSourceCodeAccess
LogPluginManager: Mounting plugin XCodeSourceCodeAccess
LogPluginManager: Mounting plugin AssetManagerEditor
LogPluginManager: Mounting plugin AudioCapture
LogPluginManager: Mounting plugin FacialAnimation
LogPluginManager: Mounting plugin GameplayTagsEditor
LogPluginManager: Mounting plugin MobileLauncherProfileWizard
LogPluginManager: Mounting plugin PluginBrowser
LogPluginManager: Mounting plugin SpeedTreeImporter
LogPluginManager: Mounting plugin AlembicImporter
LogPluginManager: Mounting plugin CharacterAI
LogPluginManager: Mounting plugin HTML5Networking
LogPluginManager: Mounting plugin AndroidMedia
LogPluginManager: Mounting plugin AvfMedia
LogPluginManager: Mounting plugin ImgMedia
LogPluginManager: Mounting plugin MediaCompositing
LogPluginManager: Mounting plugin MediaPlayerEditor
LogPluginManager: Mounting plugin WmfMedia
LogPluginManager: Mounting plugin TcpMessaging
LogPluginManager: Mounting plugin UdpMessaging
LogPluginManager: Mounting plugin ActorSequence
LogPluginManager: Mounting plugin LevelSequenceEditor
LogPluginManager: Mounting plugin MatineeToLevelSequence
LogPluginManager: Mounting plugin OnlineSubsystemGooglePlay
LogPluginManager: Mounting plugin OnlineSubsystemIOS
LogPluginManager: Mounting plugin OnlineSubsystem
LogPluginManager: Mounting plugin OnlineSubsystemNull
LogPluginManager: Mounting plugin OnlineSubsystemUtils
LogPluginManager: Mounting plugin AndroidDeviceProfileSelector
LogPluginManager: Mounting plugin AndroidMoviePlayer
LogPluginManager: Mounting plugin AndroidPermission
LogPluginManager: Mounting plugin AppleARKit
LogPluginManager: Mounting plugin AppleMoviePlayer
LogPluginManager: Mounting plugin ArchVisCharacter
LogPluginManager: Mounting plugin CableComponent
LogPluginManager: Mounting plugin CustomMeshComponent
LogPluginManager: Mounting plugin ExampleDeviceProfileSelector
LogPluginManager: Mounting plugin GoogleCloudMessaging
LogPluginManager: Mounting plugin ImmediatePhysics
LogPluginManager: Mounting plugin IOSDeviceProfileSelector
LogPluginManager: Mounting plugin LinuxDeviceProfileSelector
LogPluginManager: Mounting plugin LocationServicesBPLibrary
LogPluginManager: Mounting plugin MobilePatchingUtils
LogPluginManager: Mounting plugin OculusVR
LogPluginManager: Plugin shader directory ../../../Engine/Plugins/Runtime/Oculus/OculusVR/Shaders found
LogPluginManager: Mapping shader source directory ../../../Engine/Plugins/Runtime/Oculus/OculusVR/Shaders to virtual directory /Plugin/OculusVR
LogPluginManager: Mounting plugin PhysXVehicles
LogPluginManager: Mounting plugin ProceduralMeshComponent
LogPluginManager: Mounting plugin RuntimePhysXCooking
LogPluginManager: Mounting plugin SteamVR
LogPluginManager: Mounting plugin WindowsMoviePlayer
LogInit: Using libcurl 7.47.1
LogInit:  - built for x86_64-pc-win32
LogInit:  - supports SSL with OpenSSL/1.0.2g
LogInit:  - supports HTTP deflate (compression) using libz 1.2.8
LogInit:  - other features:
LogInit:      CURL_VERSION_SSL
LogInit:      CURL_VERSION_LIBZ
LogInit:      CURL_VERSION_IPV6
LogInit:      CURL_VERSION_ASYNCHDNS
LogInit:      CURL_VERSION_LARGEFILE
LogInit:      CURL_VERSION_IDN
LogInit:  CurlRequestOptions (configurable via config and command line):
LogInit:  - bVerifyPeer = false  - Libcurl will NOT verify peer certificate
LogInit:  - bUseHttpProxy = false  - Libcurl will NOT use HTTP proxy
LogInit:  - bDontReuseConnections = false  - Libcurl will reuse connections
LogInit:  - CertBundlePath = nullptr  - Libcurl will use whatever was configured at build time.
LogInit: Build: ++UE4+Release-4.18-CL-3832480
LogInit: Engine Version: 4.18.3-3832480+++UE4+Release-4.18
LogInit: Compatible Engine Version: 4.18.0-3709383+++UE4+Release-4.18
LogInit: Net CL: 3709383
LogDevObjectVersion: Number of dev versions registered: 16
LogDevObjectVersion:   Dev-Blueprints (B0D832E4-1F89-4F0D-ACCF-7EB736FD4AA2): 10
LogDevObjectVersion:   Dev-Build (E1C64328-A22C-4D53-A36C-8E866417BD8C): 0
LogDevObjectVersion:   Dev-Core (375EC13C-06E4-48FB-B500-84F0262A717E): 2
LogDevObjectVersion:   Dev-Editor (E4B068ED-F494-42E9-A231-DA0B2E46BB41): 20
LogDevObjectVersion:   Dev-Framework (CFFC743F-43B0-4480-9391-14DF171D2073): 30
LogDevObjectVersion:   Dev-Mobile (B02B49B5-BB20-44E9-A304-32B752E40360): 0
LogDevObjectVersion:   Dev-Networking (A4E4105C-59A1-49B5-A7C5-40C4547EDFEE): 0
LogDevObjectVersion:   Dev-Online (39C831C9-5AE6-47DC-9A44-9C173E1C8E7C): 0
LogDevObjectVersion:   Dev-Physics (78F01B33-EBEA-4F98-B9B4-84EACCB95AA2): 0
LogDevObjectVersion:   Dev-Platform (6631380F-2D4D-43E0-8009-CF276956A95A): 0
LogDevObjectVersion:   Dev-Rendering (12F88B9F-8875-4AFC-A67C-D90C383ABD29): 20
LogDevObjectVersion:   Dev-Sequencer (7B5AE74C-D270-4C10-A958-57980B212A5A): 4
LogDevObjectVersion:   Dev-VR (D7296918-1DD6-4BDD-9DE2-64A83CC13884): 0
LogDevObjectVersion:   Dev-LoadTimes (C2A15278-BFE7-4AFE-6C17-90FF531DF755): 1
LogDevObjectVersion:   Private-Geometry (6EACA3D4-40EC-4CC1-B786-8BED09428FC5): 1
LogDevObjectVersion:   Dev-AnimPhys (29E575DD-E0A3-4627-9D10-D276232CDCEA): 12
LogInit: Compiled (64-bit): Jan 12 2018 02:04:55
LogInit: Compiled with Visual C++: 19.00.24215.01
LogInit: Build Configuration: Development
LogInit: Branch Name: ++UE4+Release-4.18
LogInit: Command line: -EpicPortal  -epicusername="PumaOmega" -epicuserid=dda55b2de4d84906baa563e5147bfe40 -epiclocale=en-US
LogInit: Base directory: C:/Program Files/Epic Games/UE_4.18/Engine/Binaries/Win64/
LogInit: Installed Engine Build: 1
LogInit: Presizing for max 8388607 objects, including 0 objects not considered by GC, pre-allocating 0 bytes for permanent pool.
LogInit: Object subsystem initialized
[2019.02.18-00.21.54:561][  0]LogInit: Selected Device Profile: [Windows]
[2019.02.18-00.21.54:561][  0]LogInit: Applying CVar settings loaded from the selected device profile: [Windows]
[2019.02.18-00.21.54:580][  0]LogInit: Computer: ANDREW-HP
[2019.02.18-00.21.54:580][  0]LogInit: User: Andrew
[2019.02.18-00.21.54:580][  0]LogInit: CPU Page size=4096, Cores=4
[2019.02.18-00.21.54:580][  0]LogInit: High frequency timer resolution =2.435839 MHz
[2019.02.18-00.21.54:581][  0]LogMemory: Memory total: Physical=15.9GB (16GB approx)
[2019.02.18-00.21.54:581][  0]LogMemory: Platform Memory Stats for Windows
[2019.02.18-00.21.54:581][  0]LogMemory: Process Physical Memory: 275.41 MB used, 275.41 MB peak
[2019.02.18-00.21.54:581][  0]LogMemory: Process Virtual Memory: 272.36 MB used, 272.36 MB peak
[2019.02.18-00.21.54:581][  0]LogMemory: Physical Memory: 4696.58 MB used,  11568.53 MB free, 16265.11 MB total
[2019.02.18-00.21.54:581][  0]LogMemory: Virtual Memory: 616.11 MB used,  11568.53 MB free, 8388608.00 MB total
[2019.02.18-00.21.54:705][  0]LogInit: Using OS detected language (en-US).
[2019.02.18-00.21.54:705][  0]LogInit: Using OS detected locale (en-US).
[2019.02.18-00.21.54:708][  0]LogTextLocalizationManager: No specific localization for 'en-US' exists, so the 'en' localization will be used.
[2019.02.18-00.21.55:119][  0]LogWindows: Failed to load 'shcore.dll' (GetLastError=126)
[2019.02.18-00.21.55:119][  0]LogWindows: File 'shcore.dll' does not exist
[2019.02.18-00.21.55:119][  0]LogInit: Setting process to DPI aware
[2019.02.18-00.21.55:123][  0]LogWindows: Failed to load 'shcore.dll' (GetLastError=126)
[2019.02.18-00.21.55:123][  0]LogWindows: File 'shcore.dll' does not exist
[2019.02.18-00.21.55:123][  0]LogInit: Setting process to DPI aware
[2019.02.18-00.21.55:327][  0]LogD3D11RHI: D3D11 adapters:
[2019.02.18-00.21.55:352][  0]LogD3D11RHI:    0. 'NVIDIA Quadro K2200M' (Feature Level 11_0)
[2019.02.18-00.21.55:352][  0]LogD3D11RHI:       1974/0/7876 MB DedicatedVideo/DedicatedSystem/SharedSystem, Outputs:1, VendorId:0x10de
[2019.02.18-00.21.55:365][  0]LogD3D11RHI:    1. 'NVIDIA Quadro K2200M' (Feature Level 11_0)
[2019.02.18-00.21.55:365][  0]LogD3D11RHI:       1974/0/7876 MB DedicatedVideo/DedicatedSystem/SharedSystem, Outputs:0, VendorId:0x10de
[2019.02.18-00.21.55:365][  0]LogD3D11RHI: Chosen D3D11 Adapter: 0
[2019.02.18-00.21.55:373][  0]LogD3D11RHI: Creating new Direct3DDevice
[2019.02.18-00.21.55:373][  0]LogD3D11RHI:     GPU DeviceId: 0x13b3 (for the marketing name, search the web for "GPU Device Id")
[2019.02.18-00.21.55:373][  0]LogWindows: EnumDisplayDevices:
[2019.02.18-00.21.55:374][  0]LogWindows:    0. 'Intel(R) HD Graphics 4600' (P:1 D:1)
[2019.02.18-00.21.55:374][  0]LogWindows:    1. 'Intel(R) HD Graphics 4600' (P:0 D:0)
[2019.02.18-00.21.55:374][  0]LogWindows:    2. 'Intel(R) HD Graphics 4600' (P:0 D:0)
[2019.02.18-00.21.55:374][  0]LogWindows:    3. 'NVIDIA Quadro K2200M' (P:0 D:0)
[2019.02.18-00.21.55:374][  0]LogWindows:    4. 'NVIDIA Quadro K2200M' (P:0 D:0)
[2019.02.18-00.21.55:374][  0]LogWindows:    5. 'NVIDIA Quadro K2200M' (P:0 D:0)
[2019.02.18-00.21.55:374][  0]LogWindows:    6. 'NVIDIA Quadro K2200M' (P:0 D:0)
[2019.02.18-00.21.55:374][  0]LogWindows:    7. 'RDPDD Chained DD' (P:0 D:0)
[2019.02.18-00.21.55:375][  0]LogWindows:    8. 'RDP Encoder Mirror Driver' (P:0 D:0)
[2019.02.18-00.21.55:375][  0]LogWindows:    9. 'RDP Reflector Display Driver' (P:0 D:0)
[2019.02.18-00.21.55:375][  0]LogWindows: DebugString: PrimaryIsNotTheChoosenAdapter PrimaryIsNotTheChoosenAdapter PrimaryIsNotTheChoosenAdapter GetVideoDriverDetailsInvalid PrimaryIsNotTheChoosenAdapter GetVideoDriverDetailsInvalid PrimaryIsNotTheChoosenAdapter GetVideoDriverDetailsInvalid PrimaryIsNotTheChoosenAdapter FoundDriverCount:4 
[2019.02.18-00.21.55:375][  0]LogD3D11RHI:     Adapter Name: NVIDIA Quadro K2200M
[2019.02.18-00.21.55:375][  0]LogD3D11RHI:   Driver Version: 341.22 (internal:9.18.13.4122, unified:341.22)
[2019.02.18-00.21.55:375][  0]LogD3D11RHI:      Driver Date: 11-26-2014
[2019.02.18-00.21.55:375][  0]LogRHI: Texture pool is 1382 MB (70% of 1974 MB)
[2019.02.18-00.21.55:393][  0]LogD3D11RHI: NvAPI_D3D_GetCurrentSLIState failed: 0xfffffff7
[2019.02.18-00.21.55:393][  0]LogD3D11RHI: Async texture creation enabled
[2019.02.18-00.21.55:410][  0]LogD3D11RHI: GPU Timing Frequency: 1000.000000 (Debug: 2 2)
[2019.02.18-00.21.59:070][  0]LogShaderCompilers: Guid format shader working directory is -13 characters bigger than the processId version (../../../../../../Users/Andrew/Documents/GitHub/New-Frontier/Intermediate/Shaders/WorkingDirectory/7480/).
[2019.02.18-00.21.59:070][  0]LogShaderCompilers: Cleaned the shader compiler working directory 'C:/Users/Andrew/AppData/Local/Temp/UnrealShaderWorkingDir/35D34AF24283F97CCBDFCF8F7803765B/'.
[2019.02.18-00.21.59:071][  0]LogShaderCompilers: Display: Using Local Shader Compiler.
[2019.02.18-00.22.00:018][  0]LogTemp: Display: Loaded TP AllDesktopTargetPlatform
[2019.02.18-00.22.00:067][  0]LogTemp: Display: Loaded TP MacClientTargetPlatform
[2019.02.18-00.22.00:113][  0]LogTemp: Display: Loaded TP MacNoEditorTargetPlatform
[2019.02.18-00.22.00:160][  0]LogTemp: Display: Loaded TP MacServerTargetPlatform
[2019.02.18-00.22.00:207][  0]LogTemp: Display: Loaded TP MacTargetPlatform
[2019.02.18-00.22.00:253][  0]LogTemp: Display: Loaded TP WindowsClientTargetPlatform
[2019.02.18-00.22.00:300][  0]LogTemp: Display: Loaded TP WindowsNoEditorTargetPlatform
[2019.02.18-00.22.00:347][  0]LogTemp: Display: Loaded TP WindowsServerTargetPlatform
[2019.02.18-00.22.00:386][  0]LogTemp: Display: Loaded TP WindowsTargetPlatform
[2019.02.18-00.22.00:431][  0]LogTemp: Display: Loaded TP Android_ASTCTargetPlatform
[2019.02.18-00.22.00:477][  0]LogTemp: Display: Loaded TP Android_ATCTargetPlatform
[2019.02.18-00.22.00:523][  0]LogTemp: Display: Loaded TP Android_DXTTargetPlatform
[2019.02.18-00.22.00:568][  0]LogTemp: Display: Loaded TP Android_ETC1TargetPlatform
[2019.02.18-00.22.00:614][  0]LogTemp: Display: Loaded TP Android_ETC2TargetPlatform
[2019.02.18-00.22.00:707][  0]LogTemp: Display: Loaded TP Android_MultiTargetPlatform
[2019.02.18-00.22.00:707][  0]LogTemp: Display: Loaded TP Android_PVRTCTargetPlatform
[2019.02.18-00.22.00:753][  0]LogTemp: Display: Loaded TP AndroidTargetPlatform
[2019.02.18-00.22.00:789][  0]LogTemp: Display: Loaded TP HTML5TargetPlatform
[2019.02.18-00.22.00:869][  0]LogTemp: Display: Loaded TP IOSTargetPlatform
[2019.02.18-00.22.00:892][  0]LogTemp: Display: Loaded TP TVOSTargetPlatform
[2019.02.18-00.22.00:938][  0]LogTemp: Display: Loaded TP LinuxClientTargetPlatform
[2019.02.18-00.22.00:984][  0]LogTemp: Display: Loaded TP LinuxNoEditorTargetPlatform
[2019.02.18-00.22.01:031][  0]LogTemp: Display: Loaded TP LinuxServerTargetPlatform
[2019.02.18-00.22.01:077][  0]LogTemp: Display: Loaded TP LinuxTargetPlatform
[2019.02.18-00.22.01:077][  0]LogTargetPlatformManager: Display: Building Assets For Windows
[2019.02.18-00.22.01:446][  0]LogDerivedDataCache: Display: Max Cache Size: 512 MB
[2019.02.18-00.22.01:537][  0]LogDerivedDataCache: Loaded boot cache 0.09s 78MB C:/Users/Andrew/AppData/Local/UnrealEngine/4.18/DerivedDataCache/Boot.ddc.
[2019.02.18-00.22.01:537][  0]LogDerivedDataCache: Display: Loaded Boot cache: C:/Users/Andrew/AppData/Local/UnrealEngine/4.18/DerivedDataCache/Boot.ddc
[2019.02.18-00.22.01:537][  0]LogDerivedDataCache: FDerivedDataBackendGraph:  Pak pak cache file ../../../../../../Users/Andrew/Documents/GitHub/New-Frontier/DerivedDataCache/DDC.ddp not found, will not use a pak cache.
[2019.02.18-00.22.01:537][  0]LogDerivedDataCache: Unable to find inner node Pak for hierarchical cache Hierarchy.
[2019.02.18-00.22.01:537][  0]LogDerivedDataCache: FDerivedDataBackendGraph:  CompressedPak pak cache file ../../../../../../Users/Andrew/Documents/GitHub/New-Frontier/DerivedDataCache/Compressed.ddp not found, will not use a pak cache.
[2019.02.18-00.22.01:537][  0]LogDerivedDataCache: Unable to find inner node CompressedPak for hierarchical cache Hierarchy.
[2019.02.18-00.22.01:555][  0]LogDerivedDataCache: Display: Pak cache opened for reading ../../../Engine/DerivedDataCache/Compressed.ddp.
[2019.02.18-00.22.01:567][  0]LogDerivedDataCache: Using Local data cache path C:/Users/Andrew/AppData/Local/UnrealEngine/Common/DerivedDataCache: Writable
[2019.02.18-00.22.01:579][  0]LogMaterial: Verifying Global Shaders for PCD3D_SM5
[2019.02.18-00.22.01:579][  0]LogSlate: Using Freetype 2.6.0
[2019.02.18-00.22.01:580][  0]LogSlate: SlateFontCache - WITH_FREETYPE: 1, WITH_HARFBUZZ: 1
[2019.02.18-00.22.01:580][  0]LogSlate: SlateFontCache - WITH_FREETYPE: 1, WITH_HARFBUZZ: 1
[2019.02.18-00.22.01:940][  0]LogInit: Selected Device Profile: [Windows]
[2019.02.18-00.22.02:237][  0]LogSimplygon: Simplygon DLL not present - disabling.
[2019.02.18-00.22.02:273][  0]LogMeshReduction: Using SimplygonSwarm for distributed automatic mesh merging
[2019.02.18-00.22.02:273][  0]LogMeshReduction: Using QuadricMeshReduction for automatic static mesh reduction
[2019.02.18-00.22.02:273][  0]LogMeshReduction: No automatic skeletal mesh reduction module available
[2019.02.18-00.22.02:273][  0]LogMeshReduction: No automatic mesh merging module available
[2019.02.18-00.22.02:273][  0]LogMeshMerging: No automatic mesh merging module available
[2019.02.18-00.22.02:301][  0]LogNetVersion: NewFrontierProject , NetCL: 3709383, EngineNetVer: 2, GameNetVer: 0 (Checksum: 729592610)
[2019.02.18-00.22.02:464][  0]LogAssetRegistry: FAssetRegistry took 0.0246 seconds to start up
[2019.02.18-00.22.02:979][  0]LogPackageLocalizationCache: Processed 7 localized package path(s) for 2 prioritized culture(s) in 0.072159 seconds
[2019.02.18-00.22.02:985][  0]LogUObjectArray: 35870 objects as part of root set at end of initial load.
[2019.02.18-00.22.02:985][  0]LogUObjectAllocator: 7363696 out of 0 bytes used by permanent object pool.
[2019.02.18-00.22.02:985][  0]LogUObjectArray: CloseDisregardForGC: 0/0 objects in disregard for GC pool
[2019.02.18-00.22.03:025][  0]LogInit: WinSock: version 1.1 (2.2), MaxSocks=32767, MaxUdp=65467
[2019.02.18-00.22.05:593][  0]LogTcpMessaging: Initializing TcpMessaging bridge
[2019.02.18-00.22.05:627][  0]LogUdpMessaging: Initializing bridge on interface 0.0.0.0:0 to multicast group 230.0.0.1:6666.
[2019.02.18-00.22.06:225][  0]LogMaterial: Uniform references updated for custom material expression Custom.
[2019.02.18-00.22.06:628][  0]SourceControl: Source control is disabled
[2019.02.18-00.22.07:760][  0]LogAndroidPermission: UAndroidPermissionCallbackProxy::GetInstance
[2019.02.18-00.22.07:990][  0]LogOcInput: OculusInput pre-init called
[2019.02.18-00.22.08:245][  0]LogEngine: Initializing Engine...
[2019.02.18-00.22.08:248][  0]LogHMD: Failed to initialize OpenVR with code 110
[2019.02.18-00.22.08:483][  0]LogStats: UGameplayTagsManager::ConstructGameplayTagTree: Construct from data asset -  0.000 s
[2019.02.18-00.22.08:483][  0]LogStats: UGameplayTagsManager::ConstructGameplayTagTree: GameplayTagTreeChangedEvent.Broadcast -  0.000 s
[2019.02.18-00.22.08:667][  0]LogAIModule: Creating AISystem for world Untitled
[2019.02.18-00.22.08:674][  0]LogInit: XAudio2 using 'Speakers/Headphones (Realtek High Definition Audio)' : 2 channels at 48 kHz using 32 bits per sample (channel mask 0x3)
[2019.02.18-00.22.08:903][  0]LogInit: FAudioDevice initialized.
[2019.02.18-00.22.09:015][  0]LogDerivedDataCache: Saved boot cache 0.11s 78MB C:/Users/Andrew/AppData/Local/UnrealEngine/4.18/DerivedDataCache/Boot.ddc.
[2019.02.18-00.22.09:027][  0]LogInit: Texture streaming: Enabled
[2019.02.18-00.22.09:115][  0]LogEngineSessionManager: EngineSessionManager initialized
[2019.02.18-00.22.09:229][  0]LogInit: Transaction tracking system initialized
[2019.02.18-00.22.09:507][  0]BlueprintLog: New page: Editor Load
[2019.02.18-00.22.10:281][  0]LocalizationService: Localization service is disabled
[2019.02.18-00.22.10:935][  0]LogConsoleResponse: Display: 
[2019.02.18-00.22.11:110][  0]LogCook: Display: Max memory allowance for cook 16384mb min free memory 0mb
[2019.02.18-00.22.11:110][  0]LogCook: Display: Mobile HDR setting 1
[2019.02.18-00.22.11:110][  0]LogGameplayTags: Display: UGameplayTagsManager::DoneAddingNativeTags. DelegateIsBound: 0
[2019.02.18-00.22.11:382][  0]LogFileCache: Scanning file cache for directory 'C:/Users/Andrew/Documents/GitHub/New-Frontier/Content/' took 0.02s
[2019.02.18-00.22.12:228][  0]LogSlate: Took 0.000341 seconds to synchronously load lazily loaded font '../../../Engine/Content/Slate/Fonts/Roboto-Regular.ttf' (155K)
[2019.02.18-00.23.36:714][  0]Cmd: MAP LOAD FILE="../../../../../../Users/Andrew/Documents/GitHub/New-Frontier/Content/TestGridAttempt.umap" TEMPLATE=0 SHOWPROGRESS=1 FEATURELEVEL=3
[2019.02.18-00.23.36:748][  0]LogStats: Warning: MetaData mismatch. Did you assign a stat to two groups? New //STATGROUP_Threads//SplashScreenThread///Thread_2b58_0///####STATCAT_Advanced#### old //STATGROUP_Threads//SplashScreenThread///Thread_28fc_0///####STATCAT_Advanced####
[2019.02.18-00.23.38:011][  0]LightingResults: New page: Lighting Build
[2019.02.18-00.23.38:077][  0]MapCheck: New page: Map Check
[2019.02.18-00.23.38:077][  0]LightingResults: New page: Lighting Build
[2019.02.18-00.23.38:088][  0]LogAIModule: Creating AISystem for world Untitled
[2019.02.18-00.23.38:091][  0]LoadErrors: New page: New Map
[2019.02.18-00.23.38:221][  0]LogCollectionManager: Loaded 0 collections in 0.001310 seconds
[2019.02.18-00.23.38:320][  0]LogFileCache: Scanning file cache for directory 'C:/Users/Andrew/Documents/GitHub/New-Frontier/Saved/Collections/' took 0.01s
[2019.02.18-00.23.38:320][  0]LogFileCache: Scanning file cache for directory 'C:/Users/Andrew/Documents/GitHub/New-Frontier/Content/Developers/Andrew/Collections/' took 0.01s
[2019.02.18-00.23.38:320][  0]LogFileCache: Scanning file cache for directory 'C:/Users/Andrew/Documents/GitHub/New-Frontier/Content/Collections/' took 0.01s
[2019.02.18-00.23.38:320][  0]LogCollectionManager: Rebuilt the GUID cache for 0 collections in 0.000000 seconds
[2019.02.18-00.23.38:331][  0]LogContentBrowser: Native class hierarchy populated in 0.0097 seconds. Added 2363 classes and 519 folders.
[2019.02.18-00.23.38:404][  0]LogContentBrowser: Native class hierarchy updated for 'WidgetCarousel' in 0.0003 seconds. Added 0 classes and 0 folders.
[2019.02.18-00.23.38:877][  0]LogContentBrowser: Native class hierarchy updated for 'AddContentDialog' in 0.0003 seconds. Added 0 classes and 0 folders.
[2019.02.18-00.23.38:921][  0]LogContentBrowser: Native class hierarchy updated for 'SceneOutliner' in 0.0003 seconds. Added 1 classes and 2 folders.
[2019.02.18-00.23.38:966][  0]LogSlate: Took 0.000176 seconds to synchronously load lazily loaded font '../../../Engine/Content/Slate/Fonts/Roboto-Bold.ttf' (160K)
[2019.02.18-00.23.38:978][  0]LogSlate: Took 0.007360 seconds to synchronously load lazily loaded font '../../../Engine/Content/Editor/Slate/Fonts/FontAwesome.ttf' (139K)
[2019.02.18-00.23.39:162][  0]LogRenderer: Reallocating scene render targets to support 964x436 Format 10 NumSamples 1 (Frame:1).
[2019.02.18-00.23.39:397][  0]LogContentBrowser: Native class hierarchy updated for 'HierarchicalLODOutliner' in 0.0003 seconds. Added 1 classes and 2 folders.
[2019.02.18-00.23.39:398][  0]LogLoad: (Engine Initialization) Total time: 106.90 seconds
[2019.02.18-00.23.39:398][  0]LogLoad: (Engine Initialization) Total Blueprint compile time: 0.00 seconds
[2019.02.18-00.23.39:398][  0]LogExternalProfiler: No external profilers were discovered.  External profiling features will not be available.
[2019.02.18-00.23.39:769][  0]SourceControl: On branch master
[2019.02.18-00.23.39:769][  0]SourceControl: Your branch is up to date with 'origin/master'.
[2019.02.18-00.23.39:769][  0]SourceControl: Changes not staged for commit:
[2019.02.18-00.23.39:769][  0]SourceControl:   (use "git add <file>..." to update what will be committed)
[2019.02.18-00.23.39:769][  0]SourceControl:   (use "git checkout -- <file>..." to discard changes in working directory)
[2019.02.18-00.23.39:769][  0]SourceControl: 	modified:   Content/testLevels/TestLevel.umap
[2019.02.18-00.23.39:769][  0]SourceControl: 	modified:   Saved/Autosaves/PackageRestoreData.json
[2019.02.18-00.23.39:769][  0]SourceControl: 	modified:   Saved/Logs/NewFrontierProject.log
[2019.02.18-00.23.39:769][  0]SourceControl: no changes added to commit (use "git add" and/or "git commit -a")
[2019.02.18-00.23.39:770][  0]LogContentStreaming: Texture pool size now 1000 MB
[2019.02.18-00.23.40:767][  3]LogSlate: Took 0.010055 seconds to synchronously load lazily loaded font '../../../Engine/Content/Slate/Fonts/Roboto-Light.ttf' (159K)
[2019.02.18-00.23.41:070][  4]LogEditorViewport: Clicking Background
[2019.02.18-00.23.41:150][  5]LogAssetRegistry: Asset discovery search completed in 98.7039 seconds
[2019.02.18-00.23.41:154][  5]LogCollectionManager: Rebuilt the object cache for 0 collections in 0.000000 seconds (found 0 objects)
[2019.02.18-00.23.41:154][  5]LogCollectionManager: Fixed up redirectors for 0 collections in 0.000050 seconds (updated 0 objects)
[2019.02.18-00.23.43:752][160]LogSlate: Took 0.000234 seconds to synchronously load lazily loaded font '../../../Engine/Content/Slate/Fonts/Roboto-Light.ttf' (159K)
[2019.02.18-00.24.05:048][784]LogSlate: Took 0.000164 seconds to synchronously load lazily loaded font '../../../Engine/Content/Slate/Fonts/Roboto-Light.ttf' (159K)
[2019.02.18-00.24.05:511][784]LogEnum: Warning: Enum name collision: 'Enum_DisplayObject::NewEnumerator0' is in both '/Game/AdvancedTurnBasedTileTool/Content/AdvancedTurnBasedTileToolkit/Blueprints/Gameplay/Enums/Enum_DisplayObject.Enum_DisplayObject' and '/Game/AdvancedTurnBasedTileToolkit/Blueprints/Gameplay/Enums/Enum_DisplayObject.Enum_DisplayObject'
[2019.02.18-00.24.05:511][784]LogEnum: Warning: Enum name collision: 'Enum_DisplayObject::NewEnumerator2' is in both '/Game/AdvancedTurnBasedTileTool/Content/AdvancedTurnBasedTileToolkit/Blueprints/Gameplay/Enums/Enum_DisplayObject.Enum_DisplayObject' and '/Game/AdvancedTurnBasedTileToolkit/Blueprints/Gameplay/Enums/Enum_DisplayObject.Enum_DisplayObject'
[2019.02.18-00.24.05:511][784]LogEnum: Warning: Enum name collision: 'Enum_DisplayObject::NewEnumerator3' is in both '/Game/AdvancedTurnBasedTileTool/Content/AdvancedTurnBasedTileToolkit/Blueprints/Gameplay/Enums/Enum_DisplayObject.Enum_DisplayObject' and '/Game/AdvancedTurnBasedTileToolkit/Blueprints/Gameplay/Enums/Enum_DisplayObject.Enum_DisplayObject'
[2019.02.18-00.24.05:511][784]LogEnum: Warning: Enum name collision: 'Enum_DisplayObject::NewEnumerator4' is in both '/Game/AdvancedTurnBasedTileTool/Content/AdvancedTurnBasedTileToolkit/Blueprints/Gameplay/Enums/Enum_DisplayObject.Enum_DisplayObject' and '/Game/AdvancedTurnBasedTileToolkit/Blueprints/Gameplay/Enums/Enum_DisplayObject.Enum_DisplayObject'
[2019.02.18-00.24.05:511][784]LogEnum: Warning: Enum name collision: 'Enum_DisplayObject::Enum_MAX' is in both '/Game/AdvancedTurnBasedTileTool/Content/AdvancedTurnBasedTileToolkit/Blueprints/Gameplay/Enums/Enum_DisplayObject.Enum_DisplayObject' and '/Game/AdvancedTurnBasedTileToolkit/Blueprints/Gameplay/Enums/Enum_DisplayObject.Enum_DisplayObject'
[2019.02.18-00.24.05:512][784]LogEnum: Warning: Enum name collision: 'Enum_DisplayObject::NewEnumerator0' is in both '/Game/AdvancedTurnBasedTileTool/Content/AdvancedTurnBasedTileToolkit/Blueprints/Gameplay/Enums/Enum_DisplayObject.Enum_DisplayObject' and '/Game/AdvancedTurnBasedTileToolkit/Blueprints/Gameplay/Enums/Enum_DisplayObject.Enum_DisplayObject'
[2019.02.18-00.24.05:512][784]LogEnum: Warning: Enum name collision: 'Enum_DisplayObject::NewEnumerator2' is in both '/Game/AdvancedTurnBasedTileTool/Content/AdvancedTurnBasedTileToolkit/Blueprints/Gameplay/Enums/Enum_DisplayObject.Enum_DisplayObject' and '/Game/AdvancedTurnBasedTileToolkit/Blueprints/Gameplay/Enums/Enum_DisplayObject.Enum_DisplayObject'
[2019.02.18-00.24.05:512][784]LogEnum: Warning: Enum name collision: 'Enum_DisplayObject::NewEnumerator3' is in both '/Game/AdvancedTurnBasedTileTool/Content/AdvancedTurnBasedTileToolkit/Blueprints/Gameplay/Enums/Enum_DisplayObject.Enum_DisplayObject' and '/Game/AdvancedTurnBasedTileToolkit/Blueprints/Gameplay/Enums/Enum_DisplayObject.Enum_DisplayObject'
[2019.02.18-00.24.05:512][784]LogEnum: Warning: Enum name collision: 'Enum_DisplayObject::NewEnumerator4' is in both '/Game/AdvancedTurnBasedTileTool/Content/AdvancedTurnBasedTileToolkit/Blueprints/Gameplay/Enums/Enum_DisplayObject.Enum_DisplayObject' and '/Game/AdvancedTurnBasedTileToolkit/Blueprints/Gameplay/Enums/Enum_DisplayObject.Enum_DisplayObject'
[2019.02.18-00.24.05:516][784]LogEnum: Warning: Enum name collision: 'Enum_Faction::NewEnumerator3' is in both '/Game/AdvancedTurnBasedTileTool/Content/AdvancedTurnBasedTileToolkit/Blueprints/Gameplay/Enums/Enum_Faction.Enum_Faction' and '/Game/AdvancedTurnBasedTileToolkit/Blueprints/Gameplay/Enums/Enum_Faction.Enum_Faction'
[2019.02.18-00.24.05:516][784]LogEnum: Warning: Enum name collision: 'Enum_Faction::NewEnumerator0' is in both '/Game/AdvancedTurnBasedTileTool/Content/AdvancedTurnBasedTileToolkit/Blueprints/Gameplay/Enums/Enum_Faction.Enum_Faction' and '/Game/AdvancedTurnBasedTileToolkit/Blueprints/Gameplay/Enums/Enum_Faction.Enum_Faction'
[2019.02.18-00.24.05:516][784]LogEnum: Warning: Enum name collision: 'Enum_Faction::NewEnumerator1' is in both '/Game/AdvancedTurnBasedTileTool/Content/AdvancedTurnBasedTileToolkit/Blueprints/Gameplay/Enums/Enum_Faction.Enum_Faction' and '/Game/AdvancedTurnBasedTileToolkit/Blueprints/Gameplay/Enums/Enum_Faction.Enum_Faction'
[2019.02.18-00.24.05:516][784]LogEnum: Warning: Enum name collision: 'Enum_Faction::NewEnumerator4' is in both '/Game/AdvancedTurnBasedTileTool/Content/AdvancedTurnBasedTileToolkit/Blueprints/Gameplay/Enums/Enum_Faction.Enum_Faction' and '/Game/AdvancedTurnBasedTileToolkit/Blueprints/Gameplay/Enums/Enum_Faction.Enum_Faction'
[2019.02.18-00.24.05:516][784]LogEnum: Warning: Enum name collision: 'Enum_Faction::Enum_MAX' is in both '/Game/AdvancedTurnBasedTileTool/Content/AdvancedTurnBasedTileToolkit/Blueprints/Gameplay/Enums/Enum_Faction.Enum_Faction' and '/Game/AdvancedTurnBasedTileToolkit/Blueprints/Gameplay/Enums/Enum_Faction.Enum_Faction'
[2019.02.18-00.24.05:516][784]LogEnum: Warning: Enum name collision: 'Enum_Faction::NewEnumerator3' is in both '/Game/AdvancedTurnBasedTileTool/Content/AdvancedTurnBasedTileToolkit/Blueprints/Gameplay/Enums/Enum_Faction.Enum_Faction' and '/Game/AdvancedTurnBasedTileToolkit/Blueprints/Gameplay/Enums/Enum_Faction.Enum_Faction'
[2019.02.18-00.24.05:516][784]LogEnum: Warning: Enum name collision: 'Enum_Faction::NewEnumerator0' is in both '/Game/AdvancedTurnBasedTileTool/Content/AdvancedTurnBasedTileToolkit/Blueprints/Gameplay/Enums/Enum_Faction.Enum_Faction' and '/Game/AdvancedTurnBasedTileToolkit/Blueprints/Gameplay/Enums/Enum_Faction.Enum_Faction'
[2019.02.18-00.24.05:516][784]LogEnum: Warning: Enum name collision: 'Enum_Faction::NewEnumerator1' is in both '/Game/AdvancedTurnBasedTileTool/Content/AdvancedTurnBasedTileToolkit/Blueprints/Gameplay/Enums/Enum_Faction.Enum_Faction' and '/Game/AdvancedTurnBasedTileToolkit/Blueprints/Gameplay/Enums/Enum_Faction.Enum_Faction'
[2019.02.18-00.24.05:516][784]LogEnum: Warning: Enum name collision: 'Enum_Faction::NewEnumerator4' is in both '/Game/AdvancedTurnBasedTileTool/Content/AdvancedTurnBasedTileToolkit/Blueprints/Gameplay/Enums/Enum_Faction.Enum_Faction' and '/Game/AdvancedTurnBasedTileToolkit/Blueprints/Gameplay/Enums/Enum_Faction.Enum_Faction'
[2019.02.18-00.24.05:520][784]LogEnum: Warning: Enum name collision: 'Enum_Height::NewEnumerator0' is in both '/Game/AdvancedTurnBasedTileTool/Content/AdvancedTurnBasedTileToolkit/Blueprints/Gameplay/Enums/Enum_Height.Enum_Height' and '/Game/AdvancedTurnBasedTileToolkit/Blueprints/Gameplay/Enums/Enum_Height.Enum_Height'
[2019.02.18-00.24.05:520][784]LogEnum: Warning: Enum name collision: 'Enum_Height::NewEnumerator2' is in both '/Game/AdvancedTurnBasedTileTool/Content/AdvancedTurnBasedTileToolkit/Blueprints/Gameplay/Enums/Enum_Height.Enum_Height' and '/Game/AdvancedTurnBasedTileToolkit/Blueprints/Gameplay/Enums/Enum_Height.Enum_Height'
[2019.02.18-00.24.05:520][784]LogEnum: Warning: Enum name collision: 'Enum_Height::NewEnumerator3' is in both '/Game/AdvancedTurnBasedTileTool/Content/AdvancedTurnBasedTileToolkit/Blueprints/Gameplay/Enums/Enum_Height.Enum_Height' and '/Game/AdvancedTurnBasedTileToolkit/Blueprints/Gameplay/Enums/Enum_Height.Enum_Height'
[2019.02.18-00.24.05:520][784]LogEnum: Warning: Enum name collision: 'Enum_Height::Enum_MAX' is in both '/Game/AdvancedTurnBasedTileTool/Content/AdvancedTurnBasedTileToolkit/Blueprints/Gameplay/Enums/Enum_Height.Enum_Height' and '/Game/AdvancedTurnBasedTileToolkit/Blueprints/Gameplay/Enums/Enum_Height.Enum_Height'
[2019.02.18-00.24.05:520][784]LogEnum: Warning: Enum name collision: 'Enum_Height::NewEnumerator0' is in both '/Game/AdvancedTurnBasedTileTool/Content/AdvancedTurnBasedTileToolkit/Blueprints/Gameplay/Enums/Enum_Height.Enum_Height' and '/Game/AdvancedTurnBasedTileToolkit/Blueprints/Gameplay/Enums/Enum_Height.Enum_Height'
[2019.02.18-00.24.05:520][784]LogEnum: Warning: Enum name collision: 'Enum_Height::NewEnumerator2' is in both '/Game/AdvancedTurnBasedTileTool/Content/AdvancedTurnBasedTileToolkit/Blueprints/Gameplay/Enums/Enum_Height.Enum_Height' and '/Game/AdvancedTurnBasedTileToolkit/Blueprints/Gameplay/Enums/Enum_Height.Enum_Height'
[2019.02.18-00.24.05:520][784]LogEnum: Warning: Enum name collision: 'Enum_Height::NewEnumerator3' is in both '/Game/AdvancedTurnBasedTileTool/Content/AdvancedTurnBasedTileToolkit/Blueprints/Gameplay/Enums/Enum_Height.Enum_Height' and '/Game/AdvancedTurnBasedTileToolkit/Blueprints/Gameplay/Enums/Enum_Height.Enum_Height'
[2019.02.18-00.24.05:524][784]LogEnum: Warning: Enum name collision: 'Enum_MovePriority::NewEnumerator0' is in both '/Game/AdvancedTurnBasedTileTool/Content/AdvancedTurnBasedTileToolkit/Blueprints/Gameplay/Enums/Enum_MovePriority.Enum_MovePriority' and '/Game/AdvancedTurnBasedTileToolkit/Blueprints/Gameplay/Enums/Enum_MovePriority.Enum_MovePriority'
[2019.02.18-00.24.05:524][784]LogEnum: Warning: Enum name collision: 'Enum_MovePriority::NewEnumerator1' is in both '/Game/AdvancedTurnBasedTileTool/Content/AdvancedTurnBasedTileToolkit/Blueprints/Gameplay/Enums/Enum_MovePriority.Enum_MovePriority' and '/Game/AdvancedTurnBasedTileToolkit/Blueprints/Gameplay/Enums/Enum_MovePriority.Enum_MovePriority'
[2019.02.18-00.24.05:524][784]LogEnum: Warning: Enum name collision: 'Enum_MovePriority::NewEnumerator2' is in both '/Game/AdvancedTurnBasedTileTool/Content/AdvancedTurnBasedTileToolkit/Blueprints/Gameplay/Enums/Enum_MovePriority.Enum_MovePriority' and '/Game/AdvancedTurnBasedTileToolkit/Blueprints/Gameplay/Enums/Enum_MovePriority.Enum_MovePriority'
[2019.02.18-00.24.05:524][784]LogEnum: Warning: Enum name collision: 'Enum_MovePriority::NewEnumerator3' is in both '/Game/AdvancedTurnBasedTileTool/Content/AdvancedTurnBasedTileToolkit/Blueprints/Gameplay/Enums/Enum_MovePriority.Enum_MovePriority' and '/Game/AdvancedTurnBasedTileToolkit/Blueprints/Gameplay/Enums/Enum_MovePriority.Enum_MovePriority'
[2019.02.18-00.24.05:524][784]LogEnum: Warning: Enum name collision: 'Enum_MovePriority::Enum_MAX' is in both '/Game/AdvancedTurnBasedTileTool/Content/AdvancedTurnBasedTileToolkit/Blueprints/Gameplay/Enums/Enum_MovePriority.Enum_MovePriority' and '/Game/AdvancedTurnBasedTileToolkit/Blueprints/Gameplay/Enums/Enum_MovePriority.Enum_MovePriority'
[2019.02.18-00.24.05:524][784]LogEnum: Warning: Enum name collision: 'Enum_MovePriority::NewEnumerator0' is in both '/Game/AdvancedTurnBasedTileTool/Content/AdvancedTurnBasedTileToolkit/Blueprints/Gameplay/Enums/Enum_MovePriority.Enum_MovePriority' and '/Game/AdvancedTurnBasedTileToolkit/Blueprints/Gameplay/Enums/Enum_MovePriority.Enum_MovePriority'
[2019.02.18-00.24.05:524][784]LogEnum: Warning: Enum name collision: 'Enum_MovePriority::NewEnumerator1' is in both '/Game/AdvancedTurnBasedTileTool/Content/AdvancedTurnBasedTileToolkit/Blueprints/Gameplay/Enums/Enum_MovePriority.Enum_MovePriority' and '/Game/AdvancedTurnBasedTileToolkit/Blueprints/Gameplay/Enums/Enum_MovePriority.Enum_MovePriority'
[2019.02.18-00.24.05:524][784]LogEnum: Warning: Enum name collision: 'Enum_MovePriority::NewEnumerator2' is in both '/Game/AdvancedTurnBasedTileTool/Content/AdvancedTurnBasedTileToolkit/Blueprints/Gameplay/Enums/Enum_MovePriority.Enum_MovePriority' and '/Game/AdvancedTurnBasedTileToolkit/Blueprints/Gameplay/Enums/Enum_MovePriority.Enum_MovePriority'
[2019.02.18-00.24.05:524][784]LogEnum: Warning: Enum name collision: 'Enum_MovePriority::NewEnumerator3' is in both '/Game/AdvancedTurnBasedTileTool/Content/AdvancedTurnBasedTileToolkit/Blueprints/Gameplay/Enums/Enum_MovePriority.Enum_MovePriority' and '/Game/AdvancedTurnBasedTileToolkit/Blueprints/Gameplay/Enums/Enum_MovePriority.Enum_MovePriority'
[2019.02.18-00.24.05:527][784]LogEnum: Warning: Enum name collision: 'Enum_PathfindingType::NewEnumerator0' is in both '/Game/AdvancedTurnBasedTileTool/Content/AdvancedTurnBasedTileToolkit/Blueprints/Gameplay/Enums/Enum_PathfindingType.Enum_PathfindingType' and '/Game/AdvancedTurnBasedTileToolkit/Blueprints/Gameplay/Enums/Enum_PathfindingType.Enum_PathfindingType'
[2019.02.18-00.24.05:527][784]LogEnum: Warning: Enum name collision: 'Enum_PathfindingType::NewEnumerator1' is in both '/Game/AdvancedTurnBasedTileTool/Content/AdvancedTurnBasedTileToolkit/Blueprints/Gameplay/Enums/Enum_PathfindingType.Enum_PathfindingType' and '/Game/AdvancedTurnBasedTileToolkit/Blueprints/Gameplay/Enums/Enum_PathfindingType.Enum_PathfindingType'
[2019.02.18-00.24.05:527][784]LogEnum: Warning: Enum name collision: 'Enum_PathfindingType::NewEnumerator2' is in both '/Game/AdvancedTurnBasedTileTool/Content/AdvancedTurnBasedTileToolkit/Blueprints/Gameplay/Enums/Enum_PathfindingType.Enum_PathfindingType' and '/Game/AdvancedTurnBasedTileToolkit/Blueprints/Gameplay/Enums/Enum_PathfindingType.Enum_PathfindingType'
[2019.02.18-00.24.05:527][784]LogEnum: Warning: Enum name collision: 'Enum_PathfindingType::NewEnumerator3' is in both '/Game/AdvancedTurnBasedTileTool/Content/AdvancedTurnBasedTileToolkit/Blueprints/Gameplay/Enums/Enum_PathfindingType.Enum_PathfindingType' and '/Game/AdvancedTurnBasedTileToolkit/Blueprints/Gameplay/Enums/Enum_PathfindingType.Enum_PathfindingType'
[2019.02.18-00.24.05:527][784]LogEnum: Warning: Enum name collision: 'Enum_PathfindingType::NewEnumerator5' is in both '/Game/AdvancedTurnBasedTileTool/Content/AdvancedTurnBasedTileToolkit/Blueprints/Gameplay/Enums/Enum_PathfindingType.Enum_PathfindingType' and '/Game/AdvancedTurnBasedTileToolkit/Blueprints/Gameplay/Enums/Enum_PathfindingType.Enum_PathfindingType'
[2019.02.18-00.24.05:527][784]LogEnum: Warning: Enum name collision: 'Enum_PathfindingType::Enum_MAX' is in both '/Game/AdvancedTurnBasedTileTool/Content/AdvancedTurnBasedTileToolkit/Blueprints/Gameplay/Enums/Enum_PathfindingType.Enum_PathfindingType' and '/Game/AdvancedTurnBasedTileToolkit/Blueprints/Gameplay/Enums/Enum_PathfindingType.Enum_PathfindingType'
[2019.02.18-00.24.05:527][784]LogEnum: Warning: Enum name collision: 'Enum_PathfindingType::NewEnumerator0' is in both '/Game/AdvancedTurnBasedTileTool/Content/AdvancedTurnBasedTileToolkit/Blueprints/Gameplay/Enums/Enum_PathfindingType.Enum_PathfindingType' and '/Game/AdvancedTurnBasedTileToolkit/Blueprints/Gameplay/Enums/Enum_PathfindingType.Enum_PathfindingType'
[2019.02.18-00.24.05:528][784]LogEnum: Warning: Enum name collision: 'Enum_PathfindingType::NewEnumerator1' is in both '/Game/AdvancedTurnBasedTileTool/Content/AdvancedTurnBasedTileToolkit/Blueprints/Gameplay/Enums/Enum_PathfindingType.Enum_PathfindingType' and '/Game/AdvancedTurnBasedTileToolkit/Blueprints/Gameplay/Enums/Enum_PathfindingType.Enum_PathfindingType'
[2019.02.18-00.24.05:528][784]LogEnum: Warning: Enum name collision: 'Enum_PathfindingType::NewEnumerator2' is in both '/Game/AdvancedTurnBasedTileTool/Content/AdvancedTurnBasedTileToolkit/Blueprints/Gameplay/Enums/Enum_PathfindingType.Enum_PathfindingType' and '/Game/AdvancedTurnBasedTileToolkit/Blueprints/Gameplay/Enums/Enum_PathfindingType.Enum_PathfindingType'
[2019.02.18-00.24.05:528][784]LogEnum: Warning: Enum name collision: 'Enum_PathfindingType::NewEnumerator3' is in both '/Game/AdvancedTurnBasedTileTool/Content/AdvancedTurnBasedTileToolkit/Blueprints/Gameplay/Enums/Enum_PathfindingType.Enum_PathfindingType' and '/Game/AdvancedTurnBasedTileToolkit/Blueprints/Gameplay/Enums/Enum_PathfindingType.Enum_PathfindingType'
[2019.02.18-00.24.05:528][784]LogEnum: Warning: Enum name collision: 'Enum_PathfindingType::NewEnumerator5' is in both '/Game/AdvancedTurnBasedTileTool/Content/AdvancedTurnBasedTileToolkit/Blueprints/Gameplay/Enums/Enum_PathfindingType.Enum_PathfindingType' and '/Game/AdvancedTurnBasedTileToolkit/Blueprints/Gameplay/Enums/Enum_PathfindingType.Enum_PathfindingType'
[2019.02.18-00.24.05:531][784]LogEnum: Warning: Enum name collision: 'Enum_TileSpawn::NewEnumerator0' is in both '/Game/AdvancedTurnBasedTileTool/Content/AdvancedTurnBasedTileToolkit/Blueprints/Gameplay/Enums/Enum_TileSpawn.Enum_TileSpawn' and '/Game/AdvancedTurnBasedTileToolkit/Blueprints/Gameplay/Enums/Enum_TileSpawn.Enum_TileSpawn'
[2019.02.18-00.24.05:531][784]LogEnum: Warning: Enum name collision: 'Enum_TileSpawn::NewEnumerator1' is in both '/Game/AdvancedTurnBasedTileTool/Content/AdvancedTurnBasedTileToolkit/Blueprints/Gameplay/Enums/Enum_TileSpawn.Enum_TileSpawn' and '/Game/AdvancedTurnBasedTileToolkit/Blueprints/Gameplay/Enums/Enum_TileSpawn.Enum_TileSpawn'
[2019.02.18-00.24.05:531][784]LogEnum: Warning: Enum name collision: 'Enum_TileSpawn::NewEnumerator2' is in both '/Game/AdvancedTurnBasedTileTool/Content/AdvancedTurnBasedTileToolkit/Blueprints/Gameplay/Enums/Enum_TileSpawn.Enum_TileSpawn' and '/Game/AdvancedTurnBasedTileToolkit/Blueprints/Gameplay/Enums/Enum_TileSpawn.Enum_TileSpawn'
[2019.02.18-00.24.05:531][784]LogEnum: Warning: Enum name collision: 'Enum_TileSpawn::Enum_MAX' is in both '/Game/AdvancedTurnBasedTileTool/Content/AdvancedTurnBasedTileToolkit/Blueprints/Gameplay/Enums/Enum_TileSpawn.Enum_TileSpawn' and '/Game/AdvancedTurnBasedTileToolkit/Blueprints/Gameplay/Enums/Enum_TileSpawn.Enum_TileSpawn'
[2019.02.18-00.24.05:531][784]LogEnum: Warning: Enum name collision: 'Enum_TileSpawn::NewEnumerator0' is in both '/Game/AdvancedTurnBasedTileTool/Content/AdvancedTurnBasedTileToolkit/Blueprints/Gameplay/Enums/Enum_TileSpawn.Enum_TileSpawn' and '/Game/AdvancedTurnBasedTileToolkit/Blueprints/Gameplay/Enums/Enum_TileSpawn.Enum_TileSpawn'
[2019.02.18-00.24.05:531][784]LogEnum: Warning: Enum name collision: 'Enum_TileSpawn::NewEnumerator1' is in both '/Game/AdvancedTurnBasedTileTool/Content/AdvancedTurnBasedTileToolkit/Blueprints/Gameplay/Enums/Enum_TileSpawn.Enum_TileSpawn' and '/Game/AdvancedTurnBasedTileToolkit/Blueprints/Gameplay/Enums/Enum_TileSpawn.Enum_TileSpawn'
[2019.02.18-00.24.05:531][784]LogEnum: Warning: Enum name collision: 'Enum_TileSpawn::NewEnumerator2' is in both '/Game/AdvancedTurnBasedTileTool/Content/AdvancedTurnBasedTileToolkit/Blueprints/Gameplay/Enums/Enum_TileSpawn.Enum_TileSpawn' and '/Game/AdvancedTurnBasedTileToolkit/Blueprints/Gameplay/Enums/Enum_TileSpawn.Enum_TileSpawn'
[2019.02.18-00.24.05:537][784]LogClass: Warning: Enum '/Game/AdvancedTurnBasedTileTool/Content/AdvancedTurnBasedTileToolkit/Maps/2D_Game_Example/Blueprints/Enums/Enum_Item_Type.Enum_Item_Type' was upgraded to use FText to store its display name data. Please re-save this asset to avoid issues with localization and determinstic cooking.
[2019.02.18-00.24.05:541][784]LogEnum: Warning: Enum name collision: 'Enum_Item_Type::NewEnumerator0' is in both '/Game/AdvancedTurnBasedTileToolkit/Maps/2D_Game_Example/Blueprints/Enums/Enum_Item_Type.Enum_Item_Type' and '/Game/AdvancedTurnBasedTileTool/Content/AdvancedTurnBasedTileToolkit/Maps/2D_Game_Example/Blueprints/Enums/Enum_Item_Type.Enum_Item_Type'
[2019.02.18-00.24.05:541][784]LogEnum: Warning: Enum name collision: 'Enum_Item_Type::NewEnumerator1' is in both '/Game/AdvancedTurnBasedTileToolkit/Maps/2D_Game_Example/Blueprints/Enums/Enum_Item_Type.Enum_Item_Type' and '/Game/AdvancedTurnBasedTileTool/Content/AdvancedTurnBasedTileToolkit/Maps/2D_Game_Example/Blueprints/Enums/Enum_Item_Type.Enum_Item_Type'
[2019.02.18-00.24.05:541][784]LogEnum: Warning: Enum name collision: 'Enum_Item_Type::NewEnumerator2' is in both '/Game/AdvancedTurnBasedTileToolkit/Maps/2D_Game_Example/Blueprints/Enums/Enum_Item_Type.Enum_Item_Type' and '/Game/AdvancedTurnBasedTileTool/Content/AdvancedTurnBasedTileToolkit/Maps/2D_Game_Example/Blueprints/Enums/Enum_Item_Type.Enum_Item_Type'
[2019.02.18-00.24.05:541][784]LogEnum: Warning: Enum name collision: 'Enum_Item_Type::NewEnumerator3' is in both '/Game/AdvancedTurnBasedTileToolkit/Maps/2D_Game_Example/Blueprints/Enums/Enum_Item_Type.Enum_Item_Type' and '/Game/AdvancedTurnBasedTileTool/Content/AdvancedTurnBasedTileToolkit/Maps/2D_Game_Example/Blueprints/Enums/Enum_Item_Type.Enum_Item_Type'
[2019.02.18-00.24.05:541][784]LogEnum: Warning: Enum name collision: 'Enum_Item_Type::Enum_Item_MAX' is in both '/Game/AdvancedTurnBasedTileToolkit/Maps/2D_Game_Example/Blueprints/Enums/Enum_Item_Type.Enum_Item_Type' and '/Game/AdvancedTurnBasedTileTool/Content/AdvancedTurnBasedTileToolkit/Maps/2D_Game_Example/Blueprints/Enums/Enum_Item_Type.Enum_Item_Type'
[2019.02.18-00.24.05:541][784]LogEnum: Warning: Enum name collision: 'Enum_Item_Type::NewEnumerator0' is in both '/Game/AdvancedTurnBasedTileToolkit/Maps/2D_Game_Example/Blueprints/Enums/Enum_Item_Type.Enum_Item_Type' and '/Game/AdvancedTurnBasedTileTool/Content/AdvancedTurnBasedTileToolkit/Maps/2D_Game_Example/Blueprints/Enums/Enum_Item_Type.Enum_Item_Type'
[2019.02.18-00.24.05:541][784]LogEnum: Warning: Enum name collision: 'Enum_Item_Type::NewEnumerator1' is in both '/Game/AdvancedTurnBasedTileToolkit/Maps/2D_Game_Example/Blueprints/Enums/Enum_Item_Type.Enum_Item_Type' and '/Game/AdvancedTurnBasedTileTool/Content/AdvancedTurnBasedTileToolkit/Maps/2D_Game_Example/Blueprints/Enums/Enum_Item_Type.Enum_Item_Type'
[2019.02.18-00.24.05:541][784]LogEnum: Warning: Enum name collision: 'Enum_Item_Type::NewEnumerator2' is in both '/Game/AdvancedTurnBasedTileToolkit/Maps/2D_Game_Example/Blueprints/Enums/Enum_Item_Type.Enum_Item_Type' and '/Game/AdvancedTurnBasedTileTool/Content/AdvancedTurnBasedTileToolkit/Maps/2D_Game_Example/Blueprints/Enums/Enum_Item_Type.Enum_Item_Type'
[2019.02.18-00.24.05:541][784]LogEnum: Warning: Enum name collision: 'Enum_Item_Type::NewEnumerator3' is in both '/Game/AdvancedTurnBasedTileToolkit/Maps/2D_Game_Example/Blueprints/Enums/Enum_Item_Type.Enum_Item_Type' and '/Game/AdvancedTurnBasedTileTool/Content/AdvancedTurnBasedTileToolkit/Maps/2D_Game_Example/Blueprints/Enums/Enum_Item_Type.Enum_Item_Type'
[2019.02.18-00.24.05:541][784]LogClass: Warning: Enum '/Game/AdvancedTurnBasedTileToolkit/Maps/2D_Game_Example/Blueprints/Enums/Enum_Item_Type.Enum_Item_Type' was upgraded to use FText to store its display name data. Please re-save this asset to avoid issues with localization and determinstic cooking.
[2019.02.18-00.24.05:597][784]LogContentBrowser: Native class hierarchy updated for 'BlueprintGraph' in 0.0006 seconds. Added 116 classes and 0 folders.
[2019.02.18-00.24.06:329][784]LogSlate: Took 0.000207 seconds to synchronously load lazily loaded font '../../../Engine/Content/Slate/Fonts/Roboto-Regular.ttf' (155K)
[2019.02.18-00.24.06:497][784]LogScriptCore: Warning: Script Msg: Attempted to access index 0 from array 'CallFunc_GetAllActorsOfClass_OutActors' of length 0 in '/Game/AdvancedTurnBasedTileToolkit/Blueprints/Pawns/Unit.Unit_C:UserConstructionScript'!
[2019.02.18-00.24.06:497][784]LogScriptCore: Warning: Script Msg: Attempted to access index 0 from array 'CallFunc_GetAllActorsOfClass_OutActors' of length 0 in '/Game/AdvancedTurnBasedTileToolkit/Blueprints/Pawns/Unit.Unit_C:UserConstructionScript'!
[2019.02.18-00.24.06:497][784]LogScript: Warning: Accessed None trying to read property CallFunc_Array_Get_Item3
	testClass_C /Engine/Transient.World_1:PersistentLevel.testClass_C_0
	Function /Game/AdvancedTurnBasedTileToolkit/Blueprints/Pawns/Unit.Unit_C:UserConstructionScript:0193
[2019.02.18-00.24.06:497][784]LogScriptCore: Warning: Script Msg: Attempted to access index 0 from array 'CallFunc_GetAllActorsOfClass_OutActors' of length 0 in '/Game/AdvancedTurnBasedTileToolkit/Blueprints/Pawns/Unit.Unit_C:UserConstructionScript'!
[2019.02.18-00.24.06:497][784]LogScript: Warning: Accessed None trying to read property CallFunc_Array_Get_Item3
	testClass_C /Engine/Transient.World_1:PersistentLevel.testClass_C_0
	Function /Game/AdvancedTurnBasedTileToolkit/Blueprints/Pawns/Unit.Unit_C:UserConstructionScript:03CC
[2019.02.18-00.24.06:497][784]LogScript: Warning: Accessed None trying to read property GridManager_Ref
	testClass_C /Engine/Transient.World_1:PersistentLevel.testClass_C_0
	Function /Game/AdvancedTurnBasedTileToolkit/Blueprints/Pawns/Unit.Unit_C:UserConstructionScript:0343
[2019.02.18-00.24.06:498][784]LogScriptCore: Warning: Script Msg: Attempted to access index 0 from array 'CallFunc_GetAllActorsOfClass_OutActors' of length 0 in '/Game/AdvancedTurnBasedTileToolkit/Blueprints/Pawns/Unit.Unit_C:UserConstructionScript'!
[2019.02.18-00.24.06:499][784]LogScriptCore: Warning: Script Msg: Attempted to access index 0 from array 'CallFunc_GetAllActorsOfClass_OutActors' of length 0 in '/Game/AdvancedTurnBasedTileToolkit/Blueprints/Pawns/Unit.Unit_C:UserConstructionScript'!
[2019.02.18-00.24.06:499][784]LogScript: Warning: Accessed None trying to read property CallFunc_Array_Get_Item3
	testClass_C /Engine/Transient.World_0:PersistentLevel.testClass_C_1
	Function /Game/AdvancedTurnBasedTileToolkit/Blueprints/Pawns/Unit.Unit_C:UserConstructionScript:0193
[2019.02.18-00.24.06:499][784]LogScriptCore: Warning: Script Msg: Attempted to access index 0 from array 'CallFunc_GetAllActorsOfClass_OutActors' of length 0 in '/Game/AdvancedTurnBasedTileToolkit/Blueprints/Pawns/Unit.Unit_C:UserConstructionScript'!
[2019.02.18-00.24.06:499][784]LogScript: Warning: Accessed None trying to read property CallFunc_Array_Get_Item3
	testClass_C /Engine/Transient.World_0:PersistentLevel.testClass_C_1
	Function /Game/AdvancedTurnBasedTileToolkit/Blueprints/Pawns/Unit.Unit_C:UserConstructionScript:03CC
[2019.02.18-00.24.06:499][784]LogScript: Warning: Accessed None trying to read property GridManager_Ref
	testClass_C /Engine/Transient.World_0:PersistentLevel.testClass_C_1
	Function /Game/AdvancedTurnBasedTileToolkit/Blueprints/Pawns/Unit.Unit_C:UserConstructionScript:0343
[2019.02.18-00.24.06:523][784]LogSlate: Took 0.004958 seconds to synchronously load lazily loaded font '../../../Engine/Content/Editor/Slate/Fonts/Roboto-BoldCondensed.ttf' (158K)
[2019.02.18-00.24.06:718][785]LogSlate: Took 0.006363 seconds to synchronously load lazily loaded font '../../../Engine/Content/Editor/Slate/Fonts/Roboto-Italic.ttf' (157K)
[2019.02.18-00.35.05:589][310]LogFileHelpers: Editor autosave (incl. sublevels) for '/Temp/Untitled_1' took 0.069
[2019.02.18-00.35.05:594][310]OBJ SavePackage: Generating thumbnails for [1] asset(s) in package [/Game/AdvancedTurnBasedTileToolkit/Blueprints/Pawns/testClass] ([1] browsable assets)...
[2019.02.18-00.35.05:616][310]OBJ SavePackage:     Rendered thumbnail for [Blueprint /Game/AdvancedTurnBasedTileToolkit/Blueprints/Pawns/testClass.testClass]
[2019.02.18-00.35.05:616][310]OBJ SavePackage: Finished generating thumbnails for package [/Game/AdvancedTurnBasedTileToolkit/Blueprints/Pawns/testClass]
[2019.02.18-00.35.05:703][310]LogSavePackage: Save=67.21ms
[2019.02.18-00.35.05:703][310]LogSavePackage: Moving '../../../../../../Users/Andrew/Documents/GitHub/New-Frontier/Saved/testClass_Auto1038A9E5A481FD38E8F9FB7BD476E0D88.tmp' to '../../../../../../Users/Andrew/Documents/GitHub/New-Frontier/Saved/Autosaves/Game/AdvancedTurnBasedTileToolkit/Blueprints/Pawns/testClass_Auto1.uasset'
[2019.02.18-00.35.05:704][310]LogSavePackage: Display: Finished SavePackage ../../../../../../Users/Andrew/Documents/GitHub/New-Frontier/Saved/Autosaves/Game/AdvancedTurnBasedTileToolkit/Blueprints/Pawns/testClass_Auto1.uasset
[2019.02.18-00.35.05:704][310]LogFileHelpers: Auto-saving content packages took 0.114
[2019.02.18-00.45.44:501][253]LogFileHelpers: Editor autosave (incl. sublevels) for '/Temp/Untitled_1' took 0.019
[2019.02.18-00.45.44:503][253]OBJ SavePackage: Generating thumbnails for [0] asset(s) in package [/Game/AdvancedTurnBasedTileToolkit/Blueprints/Pawns/testClass] ([1] browsable assets)...
[2019.02.18-00.45.44:503][253]OBJ SavePackage: Finished generating thumbnails for package [/Game/AdvancedTurnBasedTileToolkit/Blueprints/Pawns/testClass]
[2019.02.18-00.45.44:574][253]LogSavePackage: Save=56.50ms
[2019.02.18-00.45.44:574][253]LogSavePackage: Moving '../../../../../../Users/Andrew/Documents/GitHub/New-Frontier/Saved/testClass_Auto26E9FCF764746817918596D9BFFCEDDC8.tmp' to '../../../../../../Users/Andrew/Documents/GitHub/New-Frontier/Saved/Autosaves/Game/AdvancedTurnBasedTileToolkit/Blueprints/Pawns/testClass_Auto2.uasset'
[2019.02.18-00.45.44:575][253]LogSavePackage: Display: Finished SavePackage ../../../../../../Users/Andrew/Documents/GitHub/New-Frontier/Saved/Autosaves/Game/AdvancedTurnBasedTileToolkit/Blueprints/Pawns/testClass_Auto2.uasset
[2019.02.18-00.45.44:575][253]LogFileHelpers: Auto-saving content packages took 0.073
[2019.02.18-00.51.33:721][ 32]LogSavePackage: Save=68.85ms
[2019.02.18-00.51.33:721][ 32]LogSavePackage: Moving '../../../../../../Users/Andrew/Documents/GitHub/New-Frontier/Saved/testClassFDFB8910446732AD6C35BF8D2B1CFB46.tmp' to '../../../../../../Users/Andrew/Documents/GitHub/New-Frontier/Content/AdvancedTurnBasedTileToolkit/Blueprints/Pawns/testClass.uasset'
[2019.02.18-00.51.33:726][ 32]LogSavePackage: Display: Finished SavePackage ../../../../../../Users/Andrew/Documents/GitHub/New-Frontier/Content/AdvancedTurnBasedTileToolkit/Blueprints/Pawns/testClass.uasset
[2019.02.18-00.51.34:229][ 59]BlueprintLog: New page: Compile testClass
[2019.02.18-00.51.34:388][ 59]LogScriptCore: Warning: Script Msg: Attempted to access index 0 from array 'CallFunc_GetAllActorsOfClass_OutActors' of length 0 in '/Game/AdvancedTurnBasedTileToolkit/Blueprints/Pawns/Unit.Unit_C:UserConstructionScript'!
[2019.02.18-00.51.34:388][ 59]LogScriptCore: Warning: Script Msg: Attempted to access index 0 from array 'CallFunc_GetAllActorsOfClass_OutActors' of length 0 in '/Game/AdvancedTurnBasedTileToolkit/Blueprints/Pawns/Unit.Unit_C:UserConstructionScript'!
[2019.02.18-00.51.34:388][ 59]LogScript: Warning: Accessed None trying to read property CallFunc_Array_Get_Item3
	testClass_C /Engine/Transient.World_1:PersistentLevel.testClass_C_0
	Function /Game/AdvancedTurnBasedTileToolkit/Blueprints/Pawns/Unit.Unit_C:UserConstructionScript:0193
[2019.02.18-00.51.34:388][ 59]LogScriptCore: Warning: Script Msg: Attempted to access index 0 from array 'CallFunc_GetAllActorsOfClass_OutActors' of length 0 in '/Game/AdvancedTurnBasedTileToolkit/Blueprints/Pawns/Unit.Unit_C:UserConstructionScript'!
[2019.02.18-00.51.34:388][ 59]LogScript: Warning: Accessed None trying to read property CallFunc_Array_Get_Item3
	testClass_C /Engine/Transient.World_1:PersistentLevel.testClass_C_0
	Function /Game/AdvancedTurnBasedTileToolkit/Blueprints/Pawns/Unit.Unit_C:UserConstructionScript:03CC
[2019.02.18-00.51.34:388][ 59]LogScript: Warning: Accessed None trying to read property GridManager_Ref
	testClass_C /Engine/Transient.World_1:PersistentLevel.testClass_C_0
	Function /Game/AdvancedTurnBasedTileToolkit/Blueprints/Pawns/Unit.Unit_C:UserConstructionScript:0343
[2019.02.18-00.51.34:540][ 59]LogScriptCore: Warning: Script Msg: Attempted to access index 0 from array 'CallFunc_GetAllActorsOfClass_OutActors' of length 0 in '/Game/AdvancedTurnBasedTileToolkit/Blueprints/Pawns/Unit.Unit_C:UserConstructionScript'!
[2019.02.18-00.51.34:541][ 59]LogScriptCore: Warning: Script Msg: Attempted to access index 0 from array 'CallFunc_GetAllActorsOfClass_OutActors' of length 0 in '/Game/AdvancedTurnBasedTileToolkit/Blueprints/Pawns/Unit.Unit_C:UserConstructionScript'!
[2019.02.18-00.51.34:541][ 59]LogScript: Warning: Accessed None trying to read property CallFunc_Array_Get_Item3
	testClass_C /Engine/Transient.World_0:PersistentLevel.testClass_C_1
	Function /Game/AdvancedTurnBasedTileToolkit/Blueprints/Pawns/Unit.Unit_C:UserConstructionScript:0193
[2019.02.18-00.51.34:541][ 59]LogScriptCore: Warning: Script Msg: Attempted to access index 0 from array 'CallFunc_GetAllActorsOfClass_OutActors' of length 0 in '/Game/AdvancedTurnBasedTileToolkit/Blueprints/Pawns/Unit.Unit_C:UserConstructionScript'!
[2019.02.18-00.51.34:541][ 59]LogScript: Warning: Accessed None trying to read property CallFunc_Array_Get_Item3
	testClass_C /Engine/Transient.World_0:PersistentLevel.testClass_C_1
	Function /Game/AdvancedTurnBasedTileToolkit/Blueprints/Pawns/Unit.Unit_C:UserConstructionScript:03CC
[2019.02.18-00.51.34:541][ 59]LogScript: Warning: Accessed None trying to read property GridManager_Ref
	testClass_C /Engine/Transient.World_0:PersistentLevel.testClass_C_1
	Function /Game/AdvancedTurnBasedTileToolkit/Blueprints/Pawns/Unit.Unit_C:UserConstructionScript:0343
[2019.02.18-00.51.34:712][ 59]LogScriptCore: Warning: Script Msg: Attempted to access index 0 from array 'CallFunc_GetAllActorsOfClass_OutActors' of length 0 in '/Game/AdvancedTurnBasedTileToolkit/Blueprints/Pawns/Unit.Unit_C:UserConstructionScript'!
[2019.02.18-00.51.34:712][ 59]LogScriptCore: Warning: Script Msg: Attempted to access index 0 from array 'CallFunc_GetAllActorsOfClass_OutActors' of length 0 in '/Game/AdvancedTurnBasedTileToolkit/Blueprints/Pawns/Unit.Unit_C:UserConstructionScript'!
[2019.02.18-00.51.34:712][ 59]LogScript: Warning: Accessed None trying to read property CallFunc_Array_Get_Item3
	testClass_C /Engine/Transient.World_1:PersistentLevel.testClass_C_0
	Function /Game/AdvancedTurnBasedTileToolkit/Blueprints/Pawns/Unit.Unit_C:UserConstructionScript:0193
[2019.02.18-00.51.34:713][ 59]LogScriptCore: Warning: Script Msg: Attempted to access index 0 from array 'CallFunc_GetAllActorsOfClass_OutActors' of length 0 in '/Game/AdvancedTurnBasedTileToolkit/Blueprints/Pawns/Unit.Unit_C:UserConstructionScript'!
[2019.02.18-00.51.34:713][ 59]LogScript: Warning: Accessed None trying to read property CallFunc_Array_Get_Item3
	testClass_C /Engine/Transient.World_1:PersistentLevel.testClass_C_0
	Function /Game/AdvancedTurnBasedTileToolkit/Blueprints/Pawns/Unit.Unit_C:UserConstructionScript:03CC
[2019.02.18-00.51.34:713][ 59]LogScript: Warning: Accessed None trying to read property GridManager_Ref
	testClass_C /Engine/Transient.World_1:PersistentLevel.testClass_C_0
	Function /Game/AdvancedTurnBasedTileToolkit/Blueprints/Pawns/Unit.Unit_C:UserConstructionScript:0343
[2019.02.18-00.51.34:713][ 59]LogScriptCore: Warning: Script Msg: Attempted to access index 0 from array 'CallFunc_GetAllActorsOfClass_OutActors' of length 0 in '/Game/AdvancedTurnBasedTileToolkit/Blueprints/Pawns/Unit.Unit_C:UserConstructionScript'!
[2019.02.18-00.51.34:713][ 59]LogScriptCore: Warning: Script Msg: Attempted to access index 0 from array 'CallFunc_GetAllActorsOfClass_OutActors' of length 0 in '/Game/AdvancedTurnBasedTileToolkit/Blueprints/Pawns/Unit.Unit_C:UserConstructionScript'!
[2019.02.18-00.51.34:713][ 59]LogScript: Warning: Accessed None trying to read property CallFunc_Array_Get_Item3
	testClass_C /Engine/Transient.World_0:PersistentLevel.testClass_C_1
	Function /Game/AdvancedTurnBasedTileToolkit/Blueprints/Pawns/Unit.Unit_C:UserConstructionScript:0193
[2019.02.18-00.51.34:713][ 59]LogScriptCore: Warning: Script Msg: Attempted to access index 0 from array 'CallFunc_GetAllActorsOfClass_OutActors' of length 0 in '/Game/AdvancedTurnBasedTileToolkit/Blueprints/Pawns/Unit.Unit_C:UserConstructionScript'!
[2019.02.18-00.51.34:714][ 59]LogScript: Warning: Accessed None trying to read property CallFunc_Array_Get_Item3
	testClass_C /Engine/Transient.World_0:PersistentLevel.testClass_C_1
	Function /Game/AdvancedTurnBasedTileToolkit/Blueprints/Pawns/Unit.Unit_C:UserConstructionScript:03CC
[2019.02.18-00.51.34:714][ 59]LogScript: Warning: Accessed None trying to read property GridManager_Ref
	testClass_C /Engine/Transient.World_0:PersistentLevel.testClass_C_1
	Function /Game/AdvancedTurnBasedTileToolkit/Blueprints/Pawns/Unit.Unit_C:UserConstructionScript:0343
[2019.02.18-00.51.34:714][ 59]LogScriptCore: Warning: Script Msg: Attempted to access index 0 from array 'CallFunc_GetAllActorsOfClass_OutActors' of length 0 in '/Game/AdvancedTurnBasedTileToolkit/Blueprints/Pawns/Unit.Unit_C:UserConstructionScript'!
[2019.02.18-00.51.34:714][ 59]LogScriptCore: Warning: Script Msg: Attempted to access index 0 from array 'CallFunc_GetAllActorsOfClass_OutActors' of length 0 in '/Game/AdvancedTurnBasedTileToolkit/Blueprints/Pawns/Unit.Unit_C:UserConstructionScript'!
[2019.02.18-00.51.34:715][ 59]LogScript: Warning: Accessed None trying to read property CallFunc_Array_Get_Item3
	testClass_C /Engine/Transient.World_1:PersistentLevel.testClass_C_12
	Function /Game/AdvancedTurnBasedTileToolkit/Blueprints/Pawns/Unit.Unit_C:UserConstructionScript:0193
[2019.02.18-00.51.34:715][ 59]LogScriptCore: Warning: Script Msg: Attempted to access index 0 from array 'CallFunc_GetAllActorsOfClass_OutActors' of length 0 in '/Game/AdvancedTurnBasedTileToolkit/Blueprints/Pawns/Unit.Unit_C:UserConstructionScript'!
[2019.02.18-00.51.34:715][ 59]LogScript: Warning: Accessed None trying to read property CallFunc_Array_Get_Item3
	testClass_C /Engine/Transient.World_1:PersistentLevel.testClass_C_12
	Function /Game/AdvancedTurnBasedTileToolkit/Blueprints/Pawns/Unit.Unit_C:UserConstructionScript:03CC
[2019.02.18-00.51.34:715][ 59]LogScript: Warning: Accessed None trying to read property GridManager_Ref
	testClass_C /Engine/Transient.World_1:PersistentLevel.testClass_C_12
	Function /Game/AdvancedTurnBasedTileToolkit/Blueprints/Pawns/Unit.Unit_C:UserConstructionScript:0343
